{"numFailedTestSuites":0,"numFailedTests":0,"numPassedTestSuites":5,"numPassedTests":35,"numPendingTestSuites":0,"numPendingTests":0,"numRuntimeErrorTestSuites":0,"numTodoTests":0,"numTotalTestSuites":5,"numTotalTests":35,"openHandles":[],"snapshot":{"added":0,"didUpdate":false,"failure":false,"filesAdded":0,"filesRemoved":0,"filesRemovedList":[],"filesUnmatched":0,"filesUpdated":0,"matched":0,"total":0,"unchecked":0,"uncheckedKeysByFile":[],"unmatched":0,"updated":0},"startTime":1776619619900,"success":true,"testResults":[{"assertionResults":[{"ancestorTitles":["MemberHome Screen","loading state"],"duration":516,"failureDetails":[],"failureMessages":[],"fullName":"MemberHome Screen loading state should show loading text while fetching books","invocations":1,"location":null,"numPassingAsserts":1,"retryReasons":[],"status":"passed","title":"should show loading text while fetching books"},{"ancestorTitles":["MemberHome Screen","book list"],"duration":63,"failureDetails":[],"failureMessages":[],"fullName":"MemberHome Screen book list should render book title and author from Supabase","invocations":1,"location":null,"numPassingAsserts":1,"retryReasons":[],"status":"passed","title":"should render book title and author from Supabase"},{"ancestorTitles":["MemberHome Screen","book list"],"duration":75,"failureDetails":[],"failureMessages":[],"fullName":"MemberHome Screen book list should render \"MƯỢN\" borrow button for a book","invocations":1,"location":null,"numPassingAsserts":1,"retryReasons":[],"status":"passed","title":"should render \"MƯỢN\" borrow button for a book"},{"ancestorTitles":["MemberHome Screen","book list"],"duration":84,"failureDetails":[],"failureMessages":[],"fullName":"MemberHome Screen book list should show multiple books from the API","invocations":1,"location":null,"numPassingAsserts":1,"retryReasons":[],"status":"passed","title":"should show multiple books from the API"},{"ancestorTitles":["MemberHome Screen","book list"],"duration":70,"failureDetails":[],"failureMessages":[],"fullName":"MemberHome Screen book list should show available quantity in book card","invocations":1,"location":null,"numPassingAsserts":1,"retryReasons":[],"status":"passed","title":"should show available quantity in book card"},{"ancestorTitles":["MemberHome Screen","error handling"],"duration":7,"failureDetails":[],"failureMessages":[],"fullName":"MemberHome Screen error handling should not crash on Supabase error","invocations":1,"location":null,"numPassingAsserts":1,"retryReasons":[],"status":"passed","title":"should not crash on Supabase error"}],"endTime":1776619623805,"message":"","name":"C:\\Users\\tien2004\\.gemini\\antigravity\\scratch\\library-app\\src\\__tests__\\MemberHome.test.tsx","startTime":1776619620030,"status":"passed","summary":""},{"assertionResults":[{"ancestorTitles":["LoginScreen","rendering"],"duration":115,"failureDetails":[],"failureMessages":[],"fullName":"LoginScreen rendering should render the Vietnamese welcome title","invocations":1,"location":null,"numPassingAsserts":1,"retryReasons":[],"status":"passed","title":"should render the Vietnamese welcome title"},{"ancestorTitles":["LoginScreen","rendering"],"duration":10,"failureDetails":[],"failureMessages":[],"fullName":"LoginScreen rendering should render email input","invocations":1,"location":null,"numPassingAsserts":1,"retryReasons":[],"status":"passed","title":"should render email input"},{"ancestorTitles":["LoginScreen","rendering"],"duration":10,"failureDetails":[],"failureMessages":[],"fullName":"LoginScreen rendering should render password input","invocations":1,"location":null,"numPassingAsserts":1,"retryReasons":[],"status":"passed","title":"should render password input"},{"ancestorTitles":["LoginScreen","input interaction"],"duration":28,"failureDetails":[],"failureMessages":[],"fullName":"LoginScreen input interaction should update email input when user types","invocations":1,"location":null,"numPassingAsserts":1,"retryReasons":[],"status":"passed","title":"should update email input when user types"},{"ancestorTitles":["LoginScreen","input interaction"],"duration":28,"failureDetails":[],"failureMessages":[],"fullName":"LoginScreen input interaction should accept multiple character email addresses","invocations":1,"location":null,"numPassingAsserts":1,"retryReasons":[],"status":"passed","title":"should accept multiple character email addresses"},{"ancestorTitles":["LoginScreen","login flow"],"duration":12,"failureDetails":[],"failureMessages":[],"fullName":"LoginScreen login flow shows validation alert when email/password is missing","invocations":1,"location":null,"numPassingAsserts":1,"retryReasons":[],"status":"passed","title":"shows validation alert when email/password is missing"},{"ancestorTitles":["LoginScreen","login flow"],"duration":134,"failureDetails":[],"failureMessages":[],"fullName":"LoginScreen login flow calls supabase signInWithPassword with user input","invocations":1,"location":null,"numPassingAsserts":1,"retryReasons":[],"status":"passed","title":"calls supabase signInWithPassword with user input"},{"ancestorTitles":["LoginScreen","login flow"],"duration":92,"failureDetails":[],"failureMessages":[],"fullName":"LoginScreen login flow stores session after successful login","invocations":1,"location":null,"numPassingAsserts":1,"retryReasons":[],"status":"passed","title":"stores session after successful login"},{"ancestorTitles":["LoginScreen","login flow"],"duration":98,"failureDetails":[],"failureMessages":[],"fullName":"LoginScreen login flow shows failure alert when login fails","invocations":1,"location":null,"numPassingAsserts":1,"retryReasons":[],"status":"passed","title":"shows failure alert when login fails"}],"endTime":1776619624854,"message":"","name":"C:\\Users\\tien2004\\.gemini\\antigravity\\scratch\\library-app\\src\\__tests__\\LoginScreen.test.tsx","startTime":1776619623847,"status":"passed","summary":""},{"assertionResults":[{"ancestorTitles":["useAuthStore"],"duration":2,"failureDetails":[],"failureMessages":[],"fullName":"useAuthStore starts with empty auth state","invocations":1,"location":null,"numPassingAsserts":4,"retryReasons":[],"status":"passed","title":"starts with empty auth state"},{"ancestorTitles":["useAuthStore"],"duration":1,"failureDetails":[],"failureMessages":[],"fullName":"useAuthStore setSession(null) clears auth state and marks initialized","invocations":1,"location":null,"numPassingAsserts":4,"retryReasons":[],"status":"passed","title":"setSession(null) clears auth state and marks initialized"},{"ancestorTitles":["useAuthStore"],"duration":1,"failureDetails":[],"failureMessages":[],"fullName":"useAuthStore setSession(session) fetches and stores profile","invocations":1,"location":null,"numPassingAsserts":4,"retryReasons":[],"status":"passed","title":"setSession(session) fetches and stores profile"},{"ancestorTitles":["useAuthStore"],"duration":0,"failureDetails":[],"failureMessages":[],"fullName":"useAuthStore forceInitialize marks store initialized once","invocations":1,"location":null,"numPassingAsserts":2,"retryReasons":[],"status":"passed","title":"forceInitialize marks store initialized once"},{"ancestorTitles":["useAuthStore"],"duration":1,"failureDetails":[],"failureMessages":[],"fullName":"useAuthStore logout calls supabase signOut and clears auth state","invocations":1,"location":null,"numPassingAsserts":5,"retryReasons":[],"status":"passed","title":"logout calls supabase signOut and clears auth state"}],"endTime":1776619625163,"message":"","name":"C:\\Users\\tien2004\\.gemini\\antigravity\\scratch\\library-app\\src\\__tests__\\useAuthStore.test.ts","startTime":1776619624869,"status":"passed","summary":""},{"assertionResults":[{"ancestorTitles":["Fake data factories","createFakeUser()"],"duration":3,"failureDetails":[],"failureMessages":[],"fullName":"Fake data factories createFakeUser() should generate a user with valid UUID","invocations":1,"location":null,"numPassingAsserts":1,"retryReasons":[],"status":"passed","title":"should generate a user with valid UUID"},{"ancestorTitles":["Fake data factories","createFakeUser()"],"duration":0,"failureDetails":[],"failureMessages":[],"fullName":"Fake data factories createFakeUser() should generate a user with valid email","invocations":1,"location":null,"numPassingAsserts":1,"retryReasons":[],"status":"passed","title":"should generate a user with valid email"},{"ancestorTitles":["Fake data factories","createFakeUser()"],"duration":5,"failureDetails":[],"failureMessages":[],"fullName":"Fake data factories createFakeUser() should generate a user with one of the 3 valid roles","invocations":1,"location":null,"numPassingAsserts":1,"retryReasons":[],"status":"passed","title":"should generate a user with one of the 3 valid roles"},{"ancestorTitles":["Fake data factories","createFakeUser()"],"duration":1,"failureDetails":[],"failureMessages":[],"fullName":"Fake data factories createFakeUser() should accept overrides and apply them","invocations":1,"location":null,"numPassingAsserts":2,"retryReasons":[],"status":"passed","title":"should accept overrides and apply them"},{"ancestorTitles":["Fake data factories","createFakeBook()"],"duration":8,"failureDetails":[],"failureMessages":[],"fullName":"Fake data factories createFakeBook() should generate a book with available_quantity <= total_quantity","invocations":1,"location":null,"numPassingAsserts":20,"retryReasons":[],"status":"passed","title":"should generate a book with available_quantity <= total_quantity"},{"ancestorTitles":["Fake data factories","createFakeBook()"],"duration":1,"failureDetails":[],"failureMessages":[],"fullName":"Fake data factories createFakeBook() should generate a 13-digit ISBN","invocations":1,"location":null,"numPassingAsserts":1,"retryReasons":[],"status":"passed","title":"should generate a 13-digit ISBN"},{"ancestorTitles":["Fake data factories","createFakeBook()"],"duration":1,"failureDetails":[],"failureMessages":[],"fullName":"Fake data factories createFakeBook() should accept available_quantity=0 override (book unavailable)","invocations":1,"location":null,"numPassingAsserts":1,"retryReasons":[],"status":"passed","title":"should accept available_quantity=0 override (book unavailable)"},{"ancestorTitles":["Fake data factories","createFakeBorrowRecord()"],"duration":1,"failureDetails":[],"failureMessages":[],"fullName":"Fake data factories createFakeBorrowRecord() should generate a record with a valid status","invocations":1,"location":null,"numPassingAsserts":1,"retryReasons":[],"status":"passed","title":"should generate a record with a valid status"},{"ancestorTitles":["Fake data factories","createFakeBorrowRecord()"],"duration":0,"failureDetails":[],"failureMessages":[],"fullName":"Fake data factories createFakeBorrowRecord() should be able to create a PENDING borrow record","invocations":1,"location":null,"numPassingAsserts":2,"retryReasons":[],"status":"passed","title":"should be able to create a PENDING borrow record"},{"ancestorTitles":["Fake data factories","createFakeBorrowRecord()"],"duration":0,"failureDetails":[],"failureMessages":[],"fullName":"Fake data factories createFakeBorrowRecord() should be able to create a RETURNED borrow record with a return date","invocations":1,"location":null,"numPassingAsserts":2,"retryReasons":[],"status":"passed","title":"should be able to create a RETURNED borrow record with a return date"}],"endTime":1776619625464,"message":"","name":"C:\\Users\\tien2004\\.gemini\\antigravity\\scratch\\library-app\\src\\__tests__\\factories.test.ts","startTime":1776619625176,"status":"passed","summary":""},{"assertionResults":[{"ancestorTitles":["Supabase client"],"duration":0,"failureDetails":[],"failureMessages":[],"fullName":"Supabase client should export a supabase client object","invocations":1,"location":null,"numPassingAsserts":1,"retryReasons":[],"status":"passed","title":"should export a supabase client object"},{"ancestorTitles":["Supabase client"],"duration":0,"failureDetails":[],"failureMessages":[],"fullName":"Supabase client should have auth property","invocations":1,"location":null,"numPassingAsserts":1,"retryReasons":[],"status":"passed","title":"should have auth property"},{"ancestorTitles":["Supabase client"],"duration":0,"failureDetails":[],"failureMessages":[],"fullName":"Supabase client should have from method for table queries","invocations":1,"location":null,"numPassingAsserts":1,"retryReasons":[],"status":"passed","title":"should have from method for table queries"},{"ancestorTitles":["Supabase client"],"duration":1,"failureDetails":[],"failureMessages":[],"fullName":"Supabase client supabase.from() should return an object with select","invocations":1,"location":null,"numPassingAsserts":1,"retryReasons":[],"status":"passed","title":"supabase.from() should return an object with select"},{"ancestorTitles":["Supabase client"],"duration":1,"failureDetails":[],"failureMessages":[],"fullName":"Supabase client supabase.from().select() should resolve with data array","invocations":1,"location":null,"numPassingAsserts":1,"retryReasons":[],"status":"passed","title":"supabase.from().select() should resolve with data array"}],"endTime":1776619625617,"message":"","name":"C:\\Users\\tien2004\\.gemini\\antigravity\\scratch\\library-app\\src\\__tests__\\supabase.test.ts","startTime":1776619625472,"status":"passed","summary":""}],"wasInterrupted":false}
