{"numFailedTestSuites":3,"numFailedTests":24,"numPassedTestSuites":2,"numPassedTests":20,"numPendingTestSuites":0,"numPendingTests":0,"numRuntimeErrorTestSuites":0,"numTodoTests":0,"numTotalTestSuites":5,"numTotalTests":44,"openHandles":[],"snapshot":{"added":0,"didUpdate":false,"failure":false,"filesAdded":0,"filesRemoved":0,"filesRemovedList":[],"filesUnmatched":0,"filesUpdated":0,"matched":0,"total":0,"unchecked":0,"uncheckedKeysByFile":[],"unmatched":0,"updated":0},"startTime":1776618615451,"success":false,"testResults":[{"assertionResults":[{"ancestorTitles":["MemberHome Screen","loading state"],"duration":536,"failureDetails":[{}],"failureMessages":["Error: Unable to find an element with testID: activity-indicator\n\n\u001b[36m<View>\u001b[39m\n  \u001b[36m<View>\u001b[39m\n    \u001b[36m<View>\u001b[39m\n      \u001b[36m<Text>\u001b[39m\n        \u001b[0mChào mừng trở lại!\u001b[0m\n      \u001b[36m</Text>\u001b[39m\n      \u001b[36m<Text />\u001b[39m\n    \u001b[36m</View>\u001b[39m\n    \u001b[36m<View\u001b[39m\n      \u001b[33maccessible\u001b[39m=\u001b[32m{true}\u001b[39m\n    \u001b[36m>\u001b[39m\n      \u001b[36m<Text />\u001b[39m\n    \u001b[36m</View>\u001b[39m\n  \u001b[36m</View>\u001b[39m\n  \u001b[36m<RCTScrollView>\u001b[39m\n    \u001b[36m<View>\u001b[39m\n      \u001b[36m<View>\u001b[39m\n        \u001b[36m<View>\u001b[39m\n          \u001b[36m<Text />\u001b[39m\n          \u001b[36m<Text>\u001b[39m\n            \u001b[0mTìm kiếm theo tên sách, tác giả...\u001b[0m\n          \u001b[36m</Text>\u001b[39m\n        \u001b[36m</View>\u001b[39m\n      \u001b[36m</View>\u001b[39m\n      \u001b[36m<View>\u001b[39m\n        \u001b[36m<Text>\u001b[39m\n          \u001b[0mDanh mục sách\u001b[0m\n        \u001b[36m</Text>\u001b[39m\n        \u001b[36m<View>\u001b[39m\n          \u001b[36m<Text>\u001b[39m\n            \u001b[0mĐang tải dữ liệu...\u001b[0m\n          \u001b[36m</Text>\u001b[39m\n        \u001b[36m</View>\u001b[39m\n      \u001b[36m</View>\u001b[39m\n    \u001b[36m</View>\u001b[39m\n  \u001b[36m</RCTScrollView>\u001b[39m\n\u001b[36m</View>\u001b[39m\n    at Object.getByTestId (C:\\Users\\tien2004\\.gemini\\antigravity\\scratch\\library-app\\src\\__tests__\\MemberHome.test.tsx:48:21)\n    at Promise.then.completed (C:\\Users\\tien2004\\.gemini\\antigravity\\scratch\\library-app\\node_modules\\jest-circus\\build\\utils.js:298:28)\n    at new Promise (<anonymous>)\n    at callAsyncCircusFn (C:\\Users\\tien2004\\.gemini\\antigravity\\scratch\\library-app\\node_modules\\jest-circus\\build\\utils.js:231:10)\n    at _callCircusTest (C:\\Users\\tien2004\\.gemini\\antigravity\\scratch\\library-app\\node_modules\\jest-circus\\build\\run.js:316:40)\n    at _runTest (C:\\Users\\tien2004\\.gemini\\antigravity\\scratch\\library-app\\node_modules\\jest-circus\\build\\run.js:252:3)\n    at _runTestsForDescribeBlock (C:\\Users\\tien2004\\.gemini\\antigravity\\scratch\\library-app\\node_modules\\jest-circus\\build\\run.js:126:9)\n    at _runTestsForDescribeBlock (C:\\Users\\tien2004\\.gemini\\antigravity\\scratch\\library-app\\node_modules\\jest-circus\\build\\run.js:121:9)\n    at _runTestsForDescribeBlock (C:\\Users\\tien2004\\.gemini\\antigravity\\scratch\\library-app\\node_modules\\jest-circus\\build\\run.js:121:9)\n    at run (C:\\Users\\tien2004\\.gemini\\antigravity\\scratch\\library-app\\node_modules\\jest-circus\\build\\run.js:71:3)\n    at runAndTransformResultsToJestFormat (C:\\Users\\tien2004\\.gemini\\antigravity\\scratch\\library-app\\node_modules\\jest-circus\\build\\legacy-code-todo-rewrite\\jestAdapterInit.js:122:21)\n    at jestAdapter (C:\\Users\\tien2004\\.gemini\\antigravity\\scratch\\library-app\\node_modules\\jest-circus\\build\\legacy-code-todo-rewrite\\jestAdapter.js:79:19)\n    at runTestInternal (C:\\Users\\tien2004\\.gemini\\antigravity\\scratch\\library-app\\node_modules\\jest-runner\\build\\runTest.js:367:16)\n    at runTest (C:\\Users\\tien2004\\.gemini\\antigravity\\scratch\\library-app\\node_modules\\jest-runner\\build\\runTest.js:444:34)"],"fullName":"MemberHome Screen loading state should show loading indicator while fetching books","invocations":1,"location":null,"numPassingAsserts":0,"retryReasons":[],"status":"failed","title":"should show loading indicator while fetching books"},{"ancestorTitles":["MemberHome Screen","empty state"],"duration":1016,"failureDetails":[{}],"failureMessages":["Error: Unable to find an element with text: /không có dữ liệu/i\n\n\u001b[36m<View>\u001b[39m\n  \u001b[36m<View>\u001b[39m\n    \u001b[36m<View>\u001b[39m\n      \u001b[36m<Text>\u001b[39m\n        \u001b[0mChào mừng trở lại!\u001b[0m\n      \u001b[36m</Text>\u001b[39m\n      \u001b[36m<Text />\u001b[39m\n    \u001b[36m</View>\u001b[39m\n    \u001b[36m<View\u001b[39m\n      \u001b[33maccessible\u001b[39m=\u001b[32m{true}\u001b[39m\n    \u001b[36m>\u001b[39m\n      \u001b[36m<Text>\u001b[39m\n        \u001b[0m\u001b[0m\n      \u001b[36m</Text>\u001b[39m\n    \u001b[36m</View>\u001b[39m\n  \u001b[36m</View>\u001b[39m\n  \u001b[36m<RCTScrollView>\u001b[39m\n    \u001b[36m<View>\u001b[39m\n      \u001b[36m<View>\u001b[39m\n        \u001b[36m<View>\u001b[39m\n          \u001b[36m<Text>\u001b[39m\n            \u001b[0m\u001b[0m\n          \u001b[36m</Text>\u001b[39m\n          \u001b[36m<Text>\u001b[39m\n            \u001b[0mTìm kiếm theo tên sách, tác giả...\u001b[0m\n          \u001b[36m</Text>\u001b[39m\n        \u001b[36m</View>\u001b[39m\n      \u001b[36m</View>\u001b[39m\n      \u001b[36m<View>\u001b[39m\n        \u001b[36m<Text>\u001b[39m\n          \u001b[0mDanh mục sách\u001b[0m\n        \u001b[36m</Text>\u001b[39m\n      \u001b[36m</View>\u001b[39m\n    \u001b[36m</View>\u001b[39m\n  \u001b[36m</RCTScrollView>\u001b[39m\n\u001b[36m</View>\u001b[39m\n    at Object.<anonymous> (C:\\Users\\tien2004\\.gemini\\antigravity\\scratch\\library-app\\src\\__tests__\\MemberHome.test.tsx:60:20)\n    at Generator.next (<anonymous>)\n    at asyncGeneratorStep (C:\\Users\\tien2004\\.gemini\\antigravity\\scratch\\library-app\\node_modules\\@babel\\runtime\\helpers\\asyncToGenerator.js:3:17)\n    at _next (C:\\Users\\tien2004\\.gemini\\antigravity\\scratch\\library-app\\node_modules\\@babel\\runtime\\helpers\\asyncToGenerator.js:17:9)\n    at C:\\Users\\tien2004\\.gemini\\antigravity\\scratch\\library-app\\node_modules\\@babel\\runtime\\helpers\\asyncToGenerator.js:22:7\n    at new Promise (<anonymous>)\n    at Object.<anonymous> (C:\\Users\\tien2004\\.gemini\\antigravity\\scratch\\library-app\\node_modules\\@babel\\runtime\\helpers\\asyncToGenerator.js:14:12)\n    at Promise.then.completed (C:\\Users\\tien2004\\.gemini\\antigravity\\scratch\\library-app\\node_modules\\jest-circus\\build\\utils.js:298:28)\n    at new Promise (<anonymous>)\n    at callAsyncCircusFn (C:\\Users\\tien2004\\.gemini\\antigravity\\scratch\\library-app\\node_modules\\jest-circus\\build\\utils.js:231:10)\n    at _callCircusTest (C:\\Users\\tien2004\\.gemini\\antigravity\\scratch\\library-app\\node_modules\\jest-circus\\build\\run.js:316:40)\n    at _runTest (C:\\Users\\tien2004\\.gemini\\antigravity\\scratch\\library-app\\node_modules\\jest-circus\\build\\run.js:252:3)\n    at _runTestsForDescribeBlock (C:\\Users\\tien2004\\.gemini\\antigravity\\scratch\\library-app\\node_modules\\jest-circus\\build\\run.js:126:9)\n    at _runTestsForDescribeBlock (C:\\Users\\tien2004\\.gemini\\antigravity\\scratch\\library-app\\node_modules\\jest-circus\\build\\run.js:121:9)\n    at _runTestsForDescribeBlock (C:\\Users\\tien2004\\.gemini\\antigravity\\scratch\\library-app\\node_modules\\jest-circus\\build\\run.js:121:9)\n    at run (C:\\Users\\tien2004\\.gemini\\antigravity\\scratch\\library-app\\node_modules\\jest-circus\\build\\run.js:71:3)\n    at runAndTransformResultsToJestFormat (C:\\Users\\tien2004\\.gemini\\antigravity\\scratch\\library-app\\node_modules\\jest-circus\\build\\legacy-code-todo-rewrite\\jestAdapterInit.js:122:21)\n    at jestAdapter (C:\\Users\\tien2004\\.gemini\\antigravity\\scratch\\library-app\\node_modules\\jest-circus\\build\\legacy-code-todo-rewrite\\jestAdapter.js:79:19)\n    at runTestInternal (C:\\Users\\tien2004\\.gemini\\antigravity\\scratch\\library-app\\node_modules\\jest-runner\\build\\runTest.js:367:16)\n    at runTest (C:\\Users\\tien2004\\.gemini\\antigravity\\scratch\\library-app\\node_modules\\jest-runner\\build\\runTest.js:444:34)"],"fullName":"MemberHome Screen empty state should show empty state message when no books are available","invocations":1,"location":null,"numPassingAsserts":0,"retryReasons":[],"status":"failed","title":"should show empty state message when no books are available"},{"ancestorTitles":["MemberHome Screen","book list"],"duration":1021,"failureDetails":[{}],"failureMessages":["Error: Unable to find an element with text: /whose before/i\n\n\u001b[36m<View>\u001b[39m\n  \u001b[36m<View>\u001b[39m\n    \u001b[36m<View>\u001b[39m\n      \u001b[36m<Text>\u001b[39m\n        \u001b[0mChào mừng trở lại!\u001b[0m\n      \u001b[36m</Text>\u001b[39m\n      \u001b[36m<Text />\u001b[39m\n    \u001b[36m</View>\u001b[39m\n    \u001b[36m<View\u001b[39m\n      \u001b[33maccessible\u001b[39m=\u001b[32m{true}\u001b[39m\n    \u001b[36m>\u001b[39m\n      \u001b[36m<Text>\u001b[39m\n        \u001b[0m\u001b[0m\n      \u001b[36m</Text>\u001b[39m\n    \u001b[36m</View>\u001b[39m\n  \u001b[36m</View>\u001b[39m\n  \u001b[36m<RCTScrollView>\u001b[39m\n    \u001b[36m<View>\u001b[39m\n      \u001b[36m<View>\u001b[39m\n        \u001b[36m<View>\u001b[39m\n          \u001b[36m<Text>\u001b[39m\n            \u001b[0m\u001b[0m\n          \u001b[36m</Text>\u001b[39m\n          \u001b[36m<Text>\u001b[39m\n            \u001b[0mTìm kiếm theo tên sách, tác giả...\u001b[0m\n          \u001b[36m</Text>\u001b[39m\n        \u001b[36m</View>\u001b[39m\n      \u001b[36m</View>\u001b[39m\n      \u001b[36m<View>\u001b[39m\n        \u001b[36m<Text>\u001b[39m\n          \u001b[0mDanh mục sách\u001b[0m\n        \u001b[36m</Text>\u001b[39m\n      \u001b[36m</View>\u001b[39m\n    \u001b[36m</View>\u001b[39m\n  \u001b[36m</RCTScrollView>\u001b[39m\n\u001b[36m</View>\u001b[39m\n    at Object.<anonymous> (C:\\Users\\tien2004\\.gemini\\antigravity\\scratch\\library-app\\src\\__tests__\\MemberHome.test.tsx:75:20)\n    at Generator.next (<anonymous>)\n    at asyncGeneratorStep (C:\\Users\\tien2004\\.gemini\\antigravity\\scratch\\library-app\\node_modules\\@babel\\runtime\\helpers\\asyncToGenerator.js:3:17)\n    at _next (C:\\Users\\tien2004\\.gemini\\antigravity\\scratch\\library-app\\node_modules\\@babel\\runtime\\helpers\\asyncToGenerator.js:17:9)\n    at C:\\Users\\tien2004\\.gemini\\antigravity\\scratch\\library-app\\node_modules\\@babel\\runtime\\helpers\\asyncToGenerator.js:22:7\n    at new Promise (<anonymous>)\n    at Object.<anonymous> (C:\\Users\\tien2004\\.gemini\\antigravity\\scratch\\library-app\\node_modules\\@babel\\runtime\\helpers\\asyncToGenerator.js:14:12)\n    at Promise.then.completed (C:\\Users\\tien2004\\.gemini\\antigravity\\scratch\\library-app\\node_modules\\jest-circus\\build\\utils.js:298:28)\n    at new Promise (<anonymous>)\n    at callAsyncCircusFn (C:\\Users\\tien2004\\.gemini\\antigravity\\scratch\\library-app\\node_modules\\jest-circus\\build\\utils.js:231:10)\n    at _callCircusTest (C:\\Users\\tien2004\\.gemini\\antigravity\\scratch\\library-app\\node_modules\\jest-circus\\build\\run.js:316:40)\n    at _runTest (C:\\Users\\tien2004\\.gemini\\antigravity\\scratch\\library-app\\node_modules\\jest-circus\\build\\run.js:252:3)\n    at _runTestsForDescribeBlock (C:\\Users\\tien2004\\.gemini\\antigravity\\scratch\\library-app\\node_modules\\jest-circus\\build\\run.js:126:9)\n    at _runTestsForDescribeBlock (C:\\Users\\tien2004\\.gemini\\antigravity\\scratch\\library-app\\node_modules\\jest-circus\\build\\run.js:121:9)\n    at _runTestsForDescribeBlock (C:\\Users\\tien2004\\.gemini\\antigravity\\scratch\\library-app\\node_modules\\jest-circus\\build\\run.js:121:9)\n    at run (C:\\Users\\tien2004\\.gemini\\antigravity\\scratch\\library-app\\node_modules\\jest-circus\\build\\run.js:71:3)\n    at runAndTransformResultsToJestFormat (C:\\Users\\tien2004\\.gemini\\antigravity\\scratch\\library-app\\node_modules\\jest-circus\\build\\legacy-code-todo-rewrite\\jestAdapterInit.js:122:21)\n    at jestAdapter (C:\\Users\\tien2004\\.gemini\\antigravity\\scratch\\library-app\\node_modules\\jest-circus\\build\\legacy-code-todo-rewrite\\jestAdapter.js:79:19)\n    at runTestInternal (C:\\Users\\tien2004\\.gemini\\antigravity\\scratch\\library-app\\node_modules\\jest-runner\\build\\runTest.js:367:16)\n    at runTest (C:\\Users\\tien2004\\.gemini\\antigravity\\scratch\\library-app\\node_modules\\jest-runner\\build\\runTest.js:444:34)"],"fullName":"MemberHome Screen book list should render book title and author from Supabase","invocations":1,"location":null,"numPassingAsserts":0,"retryReasons":[],"status":"failed","title":"should render book title and author from Supabase"},{"ancestorTitles":["MemberHome Screen","book list"],"duration":1027,"failureDetails":[{}],"failureMessages":["Error: Unable to find an element with text: Mượn sách\n\n\u001b[36m<View>\u001b[39m\n  \u001b[36m<View>\u001b[39m\n    \u001b[36m<View>\u001b[39m\n      \u001b[36m<Text>\u001b[39m\n        \u001b[0mChào mừng trở lại!\u001b[0m\n      \u001b[36m</Text>\u001b[39m\n      \u001b[36m<Text />\u001b[39m\n    \u001b[36m</View>\u001b[39m\n    \u001b[36m<View\u001b[39m\n      \u001b[33maccessible\u001b[39m=\u001b[32m{true}\u001b[39m\n    \u001b[36m>\u001b[39m\n      \u001b[36m<Text>\u001b[39m\n        \u001b[0m\u001b[0m\n      \u001b[36m</Text>\u001b[39m\n    \u001b[36m</View>\u001b[39m\n  \u001b[36m</View>\u001b[39m\n  \u001b[36m<RCTScrollView>\u001b[39m\n    \u001b[36m<View>\u001b[39m\n      \u001b[36m<View>\u001b[39m\n        \u001b[36m<View>\u001b[39m\n          \u001b[36m<Text>\u001b[39m\n            \u001b[0m\u001b[0m\n          \u001b[36m</Text>\u001b[39m\n          \u001b[36m<Text>\u001b[39m\n            \u001b[0mTìm kiếm theo tên sách, tác giả...\u001b[0m\n          \u001b[36m</Text>\u001b[39m\n        \u001b[36m</View>\u001b[39m\n      \u001b[36m</View>\u001b[39m\n      \u001b[36m<View>\u001b[39m\n        \u001b[36m<Text>\u001b[39m\n          \u001b[0mDanh mục sách\u001b[0m\n        \u001b[36m</Text>\u001b[39m\n      \u001b[36m</View>\u001b[39m\n    \u001b[36m</View>\u001b[39m\n  \u001b[36m</RCTScrollView>\u001b[39m\n\u001b[36m</View>\u001b[39m\n    at Object.<anonymous> (C:\\Users\\tien2004\\.gemini\\antigravity\\scratch\\library-app\\src\\__tests__\\MemberHome.test.tsx:92:20)\n    at Generator.next (<anonymous>)\n    at asyncGeneratorStep (C:\\Users\\tien2004\\.gemini\\antigravity\\scratch\\library-app\\node_modules\\@babel\\runtime\\helpers\\asyncToGenerator.js:3:17)\n    at _next (C:\\Users\\tien2004\\.gemini\\antigravity\\scratch\\library-app\\node_modules\\@babel\\runtime\\helpers\\asyncToGenerator.js:17:9)\n    at C:\\Users\\tien2004\\.gemini\\antigravity\\scratch\\library-app\\node_modules\\@babel\\runtime\\helpers\\asyncToGenerator.js:22:7\n    at new Promise (<anonymous>)\n    at Object.<anonymous> (C:\\Users\\tien2004\\.gemini\\antigravity\\scratch\\library-app\\node_modules\\@babel\\runtime\\helpers\\asyncToGenerator.js:14:12)\n    at Promise.then.completed (C:\\Users\\tien2004\\.gemini\\antigravity\\scratch\\library-app\\node_modules\\jest-circus\\build\\utils.js:298:28)\n    at new Promise (<anonymous>)\n    at callAsyncCircusFn (C:\\Users\\tien2004\\.gemini\\antigravity\\scratch\\library-app\\node_modules\\jest-circus\\build\\utils.js:231:10)\n    at _callCircusTest (C:\\Users\\tien2004\\.gemini\\antigravity\\scratch\\library-app\\node_modules\\jest-circus\\build\\run.js:316:40)\n    at _runTest (C:\\Users\\tien2004\\.gemini\\antigravity\\scratch\\library-app\\node_modules\\jest-circus\\build\\run.js:252:3)\n    at _runTestsForDescribeBlock (C:\\Users\\tien2004\\.gemini\\antigravity\\scratch\\library-app\\node_modules\\jest-circus\\build\\run.js:126:9)\n    at _runTestsForDescribeBlock (C:\\Users\\tien2004\\.gemini\\antigravity\\scratch\\library-app\\node_modules\\jest-circus\\build\\run.js:121:9)\n    at _runTestsForDescribeBlock (C:\\Users\\tien2004\\.gemini\\antigravity\\scratch\\library-app\\node_modules\\jest-circus\\build\\run.js:121:9)\n    at run (C:\\Users\\tien2004\\.gemini\\antigravity\\scratch\\library-app\\node_modules\\jest-circus\\build\\run.js:71:3)\n    at runAndTransformResultsToJestFormat (C:\\Users\\tien2004\\.gemini\\antigravity\\scratch\\library-app\\node_modules\\jest-circus\\build\\legacy-code-todo-rewrite\\jestAdapterInit.js:122:21)\n    at jestAdapter (C:\\Users\\tien2004\\.gemini\\antigravity\\scratch\\library-app\\node_modules\\jest-circus\\build\\legacy-code-todo-rewrite\\jestAdapter.js:79:19)\n    at runTestInternal (C:\\Users\\tien2004\\.gemini\\antigravity\\scratch\\library-app\\node_modules\\jest-runner\\build\\runTest.js:367:16)\n    at runTest (C:\\Users\\tien2004\\.gemini\\antigravity\\scratch\\library-app\\node_modules\\jest-runner\\build\\runTest.js:444:34)"],"fullName":"MemberHome Screen book list should render \"Mượn sách\" borrow button for a book","invocations":1,"location":null,"numPassingAsserts":0,"retryReasons":[],"status":"failed","title":"should render \"Mượn sách\" borrow button for a book"},{"ancestorTitles":["MemberHome Screen","book list"],"duration":1022,"failureDetails":[{}],"failureMessages":["Error: Unable to find an element with text: Mượn sách\n\n\u001b[36m<View>\u001b[39m\n  \u001b[36m<View>\u001b[39m\n    \u001b[36m<View>\u001b[39m\n      \u001b[36m<Text>\u001b[39m\n        \u001b[0mChào mừng trở lại!\u001b[0m\n      \u001b[36m</Text>\u001b[39m\n      \u001b[36m<Text />\u001b[39m\n    \u001b[36m</View>\u001b[39m\n    \u001b[36m<View\u001b[39m\n      \u001b[33maccessible\u001b[39m=\u001b[32m{true}\u001b[39m\n    \u001b[36m>\u001b[39m\n      \u001b[36m<Text>\u001b[39m\n        \u001b[0m\u001b[0m\n      \u001b[36m</Text>\u001b[39m\n    \u001b[36m</View>\u001b[39m\n  \u001b[36m</View>\u001b[39m\n  \u001b[36m<RCTScrollView>\u001b[39m\n    \u001b[36m<View>\u001b[39m\n      \u001b[36m<View>\u001b[39m\n        \u001b[36m<View>\u001b[39m\n          \u001b[36m<Text>\u001b[39m\n            \u001b[0m\u001b[0m\n          \u001b[36m</Text>\u001b[39m\n          \u001b[36m<Text>\u001b[39m\n            \u001b[0mTìm kiếm theo tên sách, tác giả...\u001b[0m\n          \u001b[36m</Text>\u001b[39m\n        \u001b[36m</View>\u001b[39m\n      \u001b[36m</View>\u001b[39m\n      \u001b[36m<View>\u001b[39m\n        \u001b[36m<Text>\u001b[39m\n          \u001b[0mDanh mục sách\u001b[0m\n        \u001b[36m</Text>\u001b[39m\n      \u001b[36m</View>\u001b[39m\n    \u001b[36m</View>\u001b[39m\n  \u001b[36m</RCTScrollView>\u001b[39m\n\u001b[36m</View>\u001b[39m\n    at Object.<anonymous> (C:\\Users\\tien2004\\.gemini\\antigravity\\scratch\\library-app\\src\\__tests__\\MemberHome.test.tsx:108:20)\n    at Generator.next (<anonymous>)\n    at asyncGeneratorStep (C:\\Users\\tien2004\\.gemini\\antigravity\\scratch\\library-app\\node_modules\\@babel\\runtime\\helpers\\asyncToGenerator.js:3:17)\n    at _next (C:\\Users\\tien2004\\.gemini\\antigravity\\scratch\\library-app\\node_modules\\@babel\\runtime\\helpers\\asyncToGenerator.js:17:9)\n    at C:\\Users\\tien2004\\.gemini\\antigravity\\scratch\\library-app\\node_modules\\@babel\\runtime\\helpers\\asyncToGenerator.js:22:7\n    at new Promise (<anonymous>)\n    at Object.<anonymous> (C:\\Users\\tien2004\\.gemini\\antigravity\\scratch\\library-app\\node_modules\\@babel\\runtime\\helpers\\asyncToGenerator.js:14:12)\n    at Promise.then.completed (C:\\Users\\tien2004\\.gemini\\antigravity\\scratch\\library-app\\node_modules\\jest-circus\\build\\utils.js:298:28)\n    at new Promise (<anonymous>)\n    at callAsyncCircusFn (C:\\Users\\tien2004\\.gemini\\antigravity\\scratch\\library-app\\node_modules\\jest-circus\\build\\utils.js:231:10)\n    at _callCircusTest (C:\\Users\\tien2004\\.gemini\\antigravity\\scratch\\library-app\\node_modules\\jest-circus\\build\\run.js:316:40)\n    at _runTest (C:\\Users\\tien2004\\.gemini\\antigravity\\scratch\\library-app\\node_modules\\jest-circus\\build\\run.js:252:3)\n    at _runTestsForDescribeBlock (C:\\Users\\tien2004\\.gemini\\antigravity\\scratch\\library-app\\node_modules\\jest-circus\\build\\run.js:126:9)\n    at _runTestsForDescribeBlock (C:\\Users\\tien2004\\.gemini\\antigravity\\scratch\\library-app\\node_modules\\jest-circus\\build\\run.js:121:9)\n    at _runTestsForDescribeBlock (C:\\Users\\tien2004\\.gemini\\antigravity\\scratch\\library-app\\node_modules\\jest-circus\\build\\run.js:121:9)\n    at run (C:\\Users\\tien2004\\.gemini\\antigravity\\scratch\\library-app\\node_modules\\jest-circus\\build\\run.js:71:3)\n    at runAndTransformResultsToJestFormat (C:\\Users\\tien2004\\.gemini\\antigravity\\scratch\\library-app\\node_modules\\jest-circus\\build\\legacy-code-todo-rewrite\\jestAdapterInit.js:122:21)\n    at jestAdapter (C:\\Users\\tien2004\\.gemini\\antigravity\\scratch\\library-app\\node_modules\\jest-circus\\build\\legacy-code-todo-rewrite\\jestAdapter.js:79:19)\n    at runTestInternal (C:\\Users\\tien2004\\.gemini\\antigravity\\scratch\\library-app\\node_modules\\jest-runner\\build\\runTest.js:367:16)\n    at runTest (C:\\Users\\tien2004\\.gemini\\antigravity\\scratch\\library-app\\node_modules\\jest-runner\\build\\runTest.js:444:34)"],"fullName":"MemberHome Screen book list should show multiple books from the API","invocations":1,"location":null,"numPassingAsserts":0,"retryReasons":[],"status":"failed","title":"should show multiple books from the API"},{"ancestorTitles":["MemberHome Screen","book list"],"duration":1016,"failureDetails":[{}],"failureMessages":["Error: Unable to find an element with text: /5/\n\n\u001b[36m<View>\u001b[39m\n  \u001b[36m<View>\u001b[39m\n    \u001b[36m<View>\u001b[39m\n      \u001b[36m<Text>\u001b[39m\n        \u001b[0mChào mừng trở lại!\u001b[0m\n      \u001b[36m</Text>\u001b[39m\n      \u001b[36m<Text />\u001b[39m\n    \u001b[36m</View>\u001b[39m\n    \u001b[36m<View\u001b[39m\n      \u001b[33maccessible\u001b[39m=\u001b[32m{true}\u001b[39m\n    \u001b[36m>\u001b[39m\n      \u001b[36m<Text>\u001b[39m\n        \u001b[0m\u001b[0m\n      \u001b[36m</Text>\u001b[39m\n    \u001b[36m</View>\u001b[39m\n  \u001b[36m</View>\u001b[39m\n  \u001b[36m<RCTScrollView>\u001b[39m\n    \u001b[36m<View>\u001b[39m\n      \u001b[36m<View>\u001b[39m\n        \u001b[36m<View>\u001b[39m\n          \u001b[36m<Text>\u001b[39m\n            \u001b[0m\u001b[0m\n          \u001b[36m</Text>\u001b[39m\n          \u001b[36m<Text>\u001b[39m\n            \u001b[0mTìm kiếm theo tên sách, tác giả...\u001b[0m\n          \u001b[36m</Text>\u001b[39m\n        \u001b[36m</View>\u001b[39m\n      \u001b[36m</View>\u001b[39m\n      \u001b[36m<View>\u001b[39m\n        \u001b[36m<Text>\u001b[39m\n          \u001b[0mDanh mục sách\u001b[0m\n        \u001b[36m</Text>\u001b[39m\n      \u001b[36m</View>\u001b[39m\n    \u001b[36m</View>\u001b[39m\n  \u001b[36m</RCTScrollView>\u001b[39m\n\u001b[36m</View>\u001b[39m\n    at Object.<anonymous> (C:\\Users\\tien2004\\.gemini\\antigravity\\scratch\\library-app\\src\\__tests__\\MemberHome.test.tsx:123:20)\n    at Generator.next (<anonymous>)\n    at asyncGeneratorStep (C:\\Users\\tien2004\\.gemini\\antigravity\\scratch\\library-app\\node_modules\\@babel\\runtime\\helpers\\asyncToGenerator.js:3:17)\n    at _next (C:\\Users\\tien2004\\.gemini\\antigravity\\scratch\\library-app\\node_modules\\@babel\\runtime\\helpers\\asyncToGenerator.js:17:9)\n    at C:\\Users\\tien2004\\.gemini\\antigravity\\scratch\\library-app\\node_modules\\@babel\\runtime\\helpers\\asyncToGenerator.js:22:7\n    at new Promise (<anonymous>)\n    at Object.<anonymous> (C:\\Users\\tien2004\\.gemini\\antigravity\\scratch\\library-app\\node_modules\\@babel\\runtime\\helpers\\asyncToGenerator.js:14:12)\n    at Promise.then.completed (C:\\Users\\tien2004\\.gemini\\antigravity\\scratch\\library-app\\node_modules\\jest-circus\\build\\utils.js:298:28)\n    at new Promise (<anonymous>)\n    at callAsyncCircusFn (C:\\Users\\tien2004\\.gemini\\antigravity\\scratch\\library-app\\node_modules\\jest-circus\\build\\utils.js:231:10)\n    at _callCircusTest (C:\\Users\\tien2004\\.gemini\\antigravity\\scratch\\library-app\\node_modules\\jest-circus\\build\\run.js:316:40)\n    at _runTest (C:\\Users\\tien2004\\.gemini\\antigravity\\scratch\\library-app\\node_modules\\jest-circus\\build\\run.js:252:3)\n    at _runTestsForDescribeBlock (C:\\Users\\tien2004\\.gemini\\antigravity\\scratch\\library-app\\node_modules\\jest-circus\\build\\run.js:126:9)\n    at _runTestsForDescribeBlock (C:\\Users\\tien2004\\.gemini\\antigravity\\scratch\\library-app\\node_modules\\jest-circus\\build\\run.js:121:9)\n    at _runTestsForDescribeBlock (C:\\Users\\tien2004\\.gemini\\antigravity\\scratch\\library-app\\node_modules\\jest-circus\\build\\run.js:121:9)\n    at run (C:\\Users\\tien2004\\.gemini\\antigravity\\scratch\\library-app\\node_modules\\jest-circus\\build\\run.js:71:3)\n    at runAndTransformResultsToJestFormat (C:\\Users\\tien2004\\.gemini\\antigravity\\scratch\\library-app\\node_modules\\jest-circus\\build\\legacy-code-todo-rewrite\\jestAdapterInit.js:122:21)\n    at jestAdapter (C:\\Users\\tien2004\\.gemini\\antigravity\\scratch\\library-app\\node_modules\\jest-circus\\build\\legacy-code-todo-rewrite\\jestAdapter.js:79:19)\n    at runTestInternal (C:\\Users\\tien2004\\.gemini\\antigravity\\scratch\\library-app\\node_modules\\jest-runner\\build\\runTest.js:367:16)\n    at runTest (C:\\Users\\tien2004\\.gemini\\antigravity\\scratch\\library-app\\node_modules\\jest-runner\\build\\runTest.js:444:34)"],"fullName":"MemberHome Screen book list should show available quantity in book card","invocations":1,"location":null,"numPassingAsserts":0,"retryReasons":[],"status":"failed","title":"should show available quantity in book card"},{"ancestorTitles":["MemberHome Screen","error handling"],"duration":41,"failureDetails":[],"failureMessages":[],"fullName":"MemberHome Screen error handling should not crash on Supabase error","invocations":1,"location":null,"numPassingAsserts":1,"retryReasons":[],"status":"passed","title":"should not crash on Supabase error"}],"endTime":1776618624707,"message":"\u001b[1m\u001b[31m  \u001b[1m● \u001b[22m\u001b[1mMemberHome Screen › loading state › should show loading indicator while fetching books\u001b[39m\u001b[22m\n\n    Unable to find an element with testID: activity-indicator\n\n    \u001b[36m<View>\u001b[39m\n      \u001b[36m<View>\u001b[39m\n        \u001b[36m<View>\u001b[39m\n          \u001b[36m<Text>\u001b[39m\n            \u001b[0mChào mừng trở lại!\u001b[0m\n          \u001b[36m</Text>\u001b[39m\n          \u001b[36m<Text />\u001b[39m\n        \u001b[36m</View>\u001b[39m\n        \u001b[36m<View\u001b[39m\n          \u001b[33maccessible\u001b[39m=\u001b[32m{true}\u001b[39m\n        \u001b[36m>\u001b[39m\n          \u001b[36m<Text />\u001b[39m\n        \u001b[36m</View>\u001b[39m\n      \u001b[36m</View>\u001b[39m\n      \u001b[36m<RCTScrollView>\u001b[39m\n        \u001b[36m<View>\u001b[39m\n          \u001b[36m<View>\u001b[39m\n            \u001b[36m<View>\u001b[39m\n              \u001b[36m<Text />\u001b[39m\n              \u001b[36m<Text>\u001b[39m\n                \u001b[0mTìm kiếm theo tên sách, tác giả...\u001b[0m\n              \u001b[36m</Text>\u001b[39m\n            \u001b[36m</View>\u001b[39m\n          \u001b[36m</View>\u001b[39m\n          \u001b[36m<View>\u001b[39m\n            \u001b[36m<Text>\u001b[39m\n              \u001b[0mDanh mục sách\u001b[0m\n            \u001b[36m</Text>\u001b[39m\n            \u001b[36m<View>\u001b[39m\n              \u001b[36m<Text>\u001b[39m\n                \u001b[0mĐang tải dữ liệu...\u001b[0m\n              \u001b[36m</Text>\u001b[39m\n            \u001b[36m</View>\u001b[39m\n          \u001b[36m</View>\u001b[39m\n        \u001b[36m</View>\u001b[39m\n      \u001b[36m</RCTScrollView>\u001b[39m\n    \u001b[36m</View>\u001b[39m\n\u001b[2m\u001b[22m\n\u001b[2m    \u001b[0m \u001b[90m 46 |\u001b[39m\u001b[22m\n\u001b[2m     \u001b[90m 47 |\u001b[39m       render(\u001b[33m<\u001b[39m\u001b[33mMemberHome\u001b[39m \u001b[33m/\u001b[39m\u001b[33m>\u001b[39m\u001b[33m,\u001b[39m { wrapper\u001b[33m:\u001b[39m createWrapper() })\u001b[33m;\u001b[39m\u001b[22m\n\u001b[2m    \u001b[31m\u001b[1m>\u001b[22m\u001b[2m\u001b[39m\u001b[90m 48 |\u001b[39m       expect(screen\u001b[33m.\u001b[39mgetByTestId(\u001b[32m'activity-indicator'\u001b[39m))\u001b[33m.\u001b[39mtoBeTruthy()\u001b[33m;\u001b[39m\u001b[22m\n\u001b[2m     \u001b[90m    |\u001b[39m                     \u001b[31m\u001b[1m^\u001b[22m\u001b[2m\u001b[39m\u001b[22m\n\u001b[2m     \u001b[90m 49 |\u001b[39m     })\u001b[33m;\u001b[39m\u001b[22m\n\u001b[2m     \u001b[90m 50 |\u001b[39m   })\u001b[33m;\u001b[39m\u001b[22m\n\u001b[2m     \u001b[90m 51 |\u001b[39m\u001b[0m\u001b[22m\n\u001b[2m\u001b[22m\n\u001b[2m      \u001b[2mat Object.getByTestId (\u001b[22m\u001b[2m\u001b[0m\u001b[36msrc/__tests__/MemberHome.test.tsx\u001b[39m\u001b[0m\u001b[2m:48:21)\u001b[22m\u001b[2m\u001b[22m\n\n\u001b[1m\u001b[31m  \u001b[1m● \u001b[22m\u001b[1mMemberHome Screen › empty state › should show empty state message when no books are available\u001b[39m\u001b[22m\n\n    Unable to find an element with text: /không có dữ liệu/i\n\n    \u001b[36m<View>\u001b[39m\n      \u001b[36m<View>\u001b[39m\n        \u001b[36m<View>\u001b[39m\n          \u001b[36m<Text>\u001b[39m\n            \u001b[0mChào mừng trở lại!\u001b[0m\n          \u001b[36m</Text>\u001b[39m\n          \u001b[36m<Text />\u001b[39m\n        \u001b[36m</View>\u001b[39m\n        \u001b[36m<View\u001b[39m\n          \u001b[33maccessible\u001b[39m=\u001b[32m{true}\u001b[39m\n        \u001b[36m>\u001b[39m\n          \u001b[36m<Text>\u001b[39m\n            \u001b[0m\u001b[0m\n          \u001b[36m</Text>\u001b[39m\n        \u001b[36m</View>\u001b[39m\n      \u001b[36m</View>\u001b[39m\n      \u001b[36m<RCTScrollView>\u001b[39m\n        \u001b[36m<View>\u001b[39m\n          \u001b[36m<View>\u001b[39m\n            \u001b[36m<View>\u001b[39m\n              \u001b[36m<Text>\u001b[39m\n                \u001b[0m\u001b[0m\n              \u001b[36m</Text>\u001b[39m\n              \u001b[36m<Text>\u001b[39m\n                \u001b[0mTìm kiếm theo tên sách, tác giả...\u001b[0m\n              \u001b[36m</Text>\u001b[39m\n            \u001b[36m</View>\u001b[39m\n          \u001b[36m</View>\u001b[39m\n          \u001b[36m<View>\u001b[39m\n            \u001b[36m<Text>\u001b[39m\n              \u001b[0mDanh mục sách\u001b[0m\n            \u001b[36m</Text>\u001b[39m\n          \u001b[36m</View>\u001b[39m\n        \u001b[36m</View>\u001b[39m\n      \u001b[36m</RCTScrollView>\u001b[39m\n    \u001b[36m</View>\u001b[39m\n\u001b[2m\u001b[22m\n\u001b[2m    \u001b[0m \u001b[90m 58 |\u001b[39m       render(\u001b[33m<\u001b[39m\u001b[33mMemberHome\u001b[39m \u001b[33m/\u001b[39m\u001b[33m>\u001b[39m\u001b[33m,\u001b[39m { wrapper\u001b[33m:\u001b[39m createWrapper() })\u001b[33m;\u001b[39m\u001b[22m\n\u001b[2m     \u001b[90m 59 |\u001b[39m\u001b[22m\n\u001b[2m    \u001b[31m\u001b[1m>\u001b[22m\u001b[2m\u001b[39m\u001b[90m 60 |\u001b[39m       \u001b[36mawait\u001b[39m waitFor(() \u001b[33m=>\u001b[39m {\u001b[22m\n\u001b[2m     \u001b[90m    |\u001b[39m                    \u001b[31m\u001b[1m^\u001b[22m\u001b[2m\u001b[39m\u001b[22m\n\u001b[2m     \u001b[90m 61 |\u001b[39m         expect(screen\u001b[33m.\u001b[39mgetByText(\u001b[35m/không có dữ liệu/i\u001b[39m))\u001b[33m.\u001b[39mtoBeTruthy()\u001b[33m;\u001b[39m\u001b[22m\n\u001b[2m     \u001b[90m 62 |\u001b[39m       })\u001b[33m;\u001b[39m\u001b[22m\n\u001b[2m     \u001b[90m 63 |\u001b[39m     })\u001b[33m;\u001b[39m\u001b[0m\u001b[22m\n\u001b[2m\u001b[22m\n\u001b[2m      \u001b[2mat Object.<anonymous> (\u001b[22m\u001b[2m\u001b[0m\u001b[36msrc/__tests__/MemberHome.test.tsx\u001b[39m\u001b[0m\u001b[2m:60:20)\u001b[22m\u001b[2m\u001b[22m\n\u001b[2m      \u001b[2mat asyncGeneratorStep (\u001b[22m\u001b[2mnode_modules/@babel/runtime/helpers/asyncToGenerator.js\u001b[2m:3:17)\u001b[22m\u001b[2m\u001b[22m\n\u001b[2m      \u001b[2mat _next (\u001b[22m\u001b[2mnode_modules/@babel/runtime/helpers/asyncToGenerator.js\u001b[2m:17:9)\u001b[22m\u001b[2m\u001b[22m\n\u001b[2m      \u001b[2mat \u001b[22m\u001b[2mnode_modules/@babel/runtime/helpers/asyncToGenerator.js\u001b[2m:22:7\u001b[22m\u001b[2m\u001b[22m\n\u001b[2m      \u001b[2mat Object.<anonymous> (\u001b[22m\u001b[2mnode_modules/@babel/runtime/helpers/asyncToGenerator.js\u001b[2m:14:12)\u001b[22m\u001b[2m\u001b[22m\n\n\u001b[1m\u001b[31m  \u001b[1m● \u001b[22m\u001b[1mMemberHome Screen › book list › should render book title and author from Supabase\u001b[39m\u001b[22m\n\n    Unable to find an element with text: /whose before/i\n\n    \u001b[36m<View>\u001b[39m\n      \u001b[36m<View>\u001b[39m\n        \u001b[36m<View>\u001b[39m\n          \u001b[36m<Text>\u001b[39m\n            \u001b[0mChào mừng trở lại!\u001b[0m\n          \u001b[36m</Text>\u001b[39m\n          \u001b[36m<Text />\u001b[39m\n        \u001b[36m</View>\u001b[39m\n        \u001b[36m<View\u001b[39m\n          \u001b[33maccessible\u001b[39m=\u001b[32m{true}\u001b[39m\n        \u001b[36m>\u001b[39m\n          \u001b[36m<Text>\u001b[39m\n            \u001b[0m\u001b[0m\n          \u001b[36m</Text>\u001b[39m\n        \u001b[36m</View>\u001b[39m\n      \u001b[36m</View>\u001b[39m\n      \u001b[36m<RCTScrollView>\u001b[39m\n        \u001b[36m<View>\u001b[39m\n          \u001b[36m<View>\u001b[39m\n            \u001b[36m<View>\u001b[39m\n              \u001b[36m<Text>\u001b[39m\n                \u001b[0m\u001b[0m\n              \u001b[36m</Text>\u001b[39m\n              \u001b[36m<Text>\u001b[39m\n                \u001b[0mTìm kiếm theo tên sách, tác giả...\u001b[0m\n              \u001b[36m</Text>\u001b[39m\n            \u001b[36m</View>\u001b[39m\n          \u001b[36m</View>\u001b[39m\n          \u001b[36m<View>\u001b[39m\n            \u001b[36m<Text>\u001b[39m\n              \u001b[0mDanh mục sách\u001b[0m\n            \u001b[36m</Text>\u001b[39m\n          \u001b[36m</View>\u001b[39m\n        \u001b[36m</View>\u001b[39m\n      \u001b[36m</RCTScrollView>\u001b[39m\n    \u001b[36m</View>\u001b[39m\n\u001b[2m\u001b[22m\n\u001b[2m    \u001b[0m \u001b[90m 73 |\u001b[39m       render(\u001b[33m<\u001b[39m\u001b[33mMemberHome\u001b[39m \u001b[33m/\u001b[39m\u001b[33m>\u001b[39m\u001b[33m,\u001b[39m { wrapper\u001b[33m:\u001b[39m createWrapper() })\u001b[33m;\u001b[39m\u001b[22m\n\u001b[2m     \u001b[90m 74 |\u001b[39m\u001b[22m\n\u001b[2m    \u001b[31m\u001b[1m>\u001b[22m\u001b[2m\u001b[39m\u001b[90m 75 |\u001b[39m       \u001b[36mawait\u001b[39m waitFor(() \u001b[33m=>\u001b[39m {\u001b[22m\n\u001b[2m     \u001b[90m    |\u001b[39m                    \u001b[31m\u001b[1m^\u001b[22m\u001b[2m\u001b[39m\u001b[22m\n\u001b[2m     \u001b[90m 76 |\u001b[39m         \u001b[90m// Card.Title mock renders \"title author\" as a single Text node\u001b[39m\u001b[22m\n\u001b[2m     \u001b[90m 77 |\u001b[39m         \u001b[90m// Use a regex that matches either just the title or the combined string\u001b[39m\u001b[22m\n\u001b[2m     \u001b[90m 78 |\u001b[39m         \u001b[36mconst\u001b[39m regex \u001b[33m=\u001b[39m \u001b[36mnew\u001b[39m \u001b[33mRegExp\u001b[39m(fakeBook\u001b[33m.\u001b[39mtitle\u001b[33m.\u001b[39mreplace(\u001b[35m/[.*+?^${}()|[\\]\\\\]/g\u001b[39m\u001b[33m,\u001b[39m \u001b[32m'\\\\$&'\u001b[39m)\u001b[33m,\u001b[39m \u001b[32m'i'\u001b[39m)\u001b[33m;\u001b[39m\u001b[0m\u001b[22m\n\u001b[2m\u001b[22m\n\u001b[2m      \u001b[2mat Object.<anonymous> (\u001b[22m\u001b[2m\u001b[0m\u001b[36msrc/__tests__/MemberHome.test.tsx\u001b[39m\u001b[0m\u001b[2m:75:20)\u001b[22m\u001b[2m\u001b[22m\n\u001b[2m      \u001b[2mat asyncGeneratorStep (\u001b[22m\u001b[2mnode_modules/@babel/runtime/helpers/asyncToGenerator.js\u001b[2m:3:17)\u001b[22m\u001b[2m\u001b[22m\n\u001b[2m      \u001b[2mat _next (\u001b[22m\u001b[2mnode_modules/@babel/runtime/helpers/asyncToGenerator.js\u001b[2m:17:9)\u001b[22m\u001b[2m\u001b[22m\n\u001b[2m      \u001b[2mat \u001b[22m\u001b[2mnode_modules/@babel/runtime/helpers/asyncToGenerator.js\u001b[2m:22:7\u001b[22m\u001b[2m\u001b[22m\n\u001b[2m      \u001b[2mat Object.<anonymous> (\u001b[22m\u001b[2mnode_modules/@babel/runtime/helpers/asyncToGenerator.js\u001b[2m:14:12)\u001b[22m\u001b[2m\u001b[22m\n\n\u001b[1m\u001b[31m  \u001b[1m● \u001b[22m\u001b[1mMemberHome Screen › book list › should render \"Mượn sách\" borrow button for a book\u001b[39m\u001b[22m\n\n    Unable to find an element with text: Mượn sách\n\n    \u001b[36m<View>\u001b[39m\n      \u001b[36m<View>\u001b[39m\n        \u001b[36m<View>\u001b[39m\n          \u001b[36m<Text>\u001b[39m\n            \u001b[0mChào mừng trở lại!\u001b[0m\n          \u001b[36m</Text>\u001b[39m\n          \u001b[36m<Text />\u001b[39m\n        \u001b[36m</View>\u001b[39m\n        \u001b[36m<View\u001b[39m\n          \u001b[33maccessible\u001b[39m=\u001b[32m{true}\u001b[39m\n        \u001b[36m>\u001b[39m\n          \u001b[36m<Text>\u001b[39m\n            \u001b[0m\u001b[0m\n          \u001b[36m</Text>\u001b[39m\n        \u001b[36m</View>\u001b[39m\n      \u001b[36m</View>\u001b[39m\n      \u001b[36m<RCTScrollView>\u001b[39m\n        \u001b[36m<View>\u001b[39m\n          \u001b[36m<View>\u001b[39m\n            \u001b[36m<View>\u001b[39m\n              \u001b[36m<Text>\u001b[39m\n                \u001b[0m\u001b[0m\n              \u001b[36m</Text>\u001b[39m\n              \u001b[36m<Text>\u001b[39m\n                \u001b[0mTìm kiếm theo tên sách, tác giả...\u001b[0m\n              \u001b[36m</Text>\u001b[39m\n            \u001b[36m</View>\u001b[39m\n          \u001b[36m</View>\u001b[39m\n          \u001b[36m<View>\u001b[39m\n            \u001b[36m<Text>\u001b[39m\n              \u001b[0mDanh mục sách\u001b[0m\n            \u001b[36m</Text>\u001b[39m\n          \u001b[36m</View>\u001b[39m\n        \u001b[36m</View>\u001b[39m\n      \u001b[36m</RCTScrollView>\u001b[39m\n    \u001b[36m</View>\u001b[39m\n\u001b[2m\u001b[22m\n\u001b[2m    \u001b[0m \u001b[90m 90 |\u001b[39m       render(\u001b[33m<\u001b[39m\u001b[33mMemberHome\u001b[39m \u001b[33m/\u001b[39m\u001b[33m>\u001b[39m\u001b[33m,\u001b[39m { wrapper\u001b[33m:\u001b[39m createWrapper() })\u001b[33m;\u001b[39m\u001b[22m\n\u001b[2m     \u001b[90m 91 |\u001b[39m\u001b[22m\n\u001b[2m    \u001b[31m\u001b[1m>\u001b[22m\u001b[2m\u001b[39m\u001b[90m 92 |\u001b[39m       \u001b[36mawait\u001b[39m waitFor(() \u001b[33m=>\u001b[39m {\u001b[22m\n\u001b[2m     \u001b[90m    |\u001b[39m                    \u001b[31m\u001b[1m^\u001b[22m\u001b[2m\u001b[39m\u001b[22m\n\u001b[2m     \u001b[90m 93 |\u001b[39m         expect(screen\u001b[33m.\u001b[39mgetByText(\u001b[32m'Mượn sách'\u001b[39m))\u001b[33m.\u001b[39mtoBeTruthy()\u001b[33m;\u001b[39m\u001b[22m\n\u001b[2m     \u001b[90m 94 |\u001b[39m       })\u001b[33m;\u001b[39m\u001b[22m\n\u001b[2m     \u001b[90m 95 |\u001b[39m     })\u001b[33m;\u001b[39m\u001b[0m\u001b[22m\n\u001b[2m\u001b[22m\n\u001b[2m      \u001b[2mat Object.<anonymous> (\u001b[22m\u001b[2m\u001b[0m\u001b[36msrc/__tests__/MemberHome.test.tsx\u001b[39m\u001b[0m\u001b[2m:92:20)\u001b[22m\u001b[2m\u001b[22m\n\u001b[2m      \u001b[2mat asyncGeneratorStep (\u001b[22m\u001b[2mnode_modules/@babel/runtime/helpers/asyncToGenerator.js\u001b[2m:3:17)\u001b[22m\u001b[2m\u001b[22m\n\u001b[2m      \u001b[2mat _next (\u001b[22m\u001b[2mnode_modules/@babel/runtime/helpers/asyncToGenerator.js\u001b[2m:17:9)\u001b[22m\u001b[2m\u001b[22m\n\u001b[2m      \u001b[2mat \u001b[22m\u001b[2mnode_modules/@babel/runtime/helpers/asyncToGenerator.js\u001b[2m:22:7\u001b[22m\u001b[2m\u001b[22m\n\u001b[2m      \u001b[2mat Object.<anonymous> (\u001b[22m\u001b[2mnode_modules/@babel/runtime/helpers/asyncToGenerator.js\u001b[2m:14:12)\u001b[22m\u001b[2m\u001b[22m\n\n\u001b[1m\u001b[31m  \u001b[1m● \u001b[22m\u001b[1mMemberHome Screen › book list › should show multiple books from the API\u001b[39m\u001b[22m\n\n    Unable to find an element with text: Mượn sách\n\n    \u001b[36m<View>\u001b[39m\n      \u001b[36m<View>\u001b[39m\n        \u001b[36m<View>\u001b[39m\n          \u001b[36m<Text>\u001b[39m\n            \u001b[0mChào mừng trở lại!\u001b[0m\n          \u001b[36m</Text>\u001b[39m\n          \u001b[36m<Text />\u001b[39m\n        \u001b[36m</View>\u001b[39m\n        \u001b[36m<View\u001b[39m\n          \u001b[33maccessible\u001b[39m=\u001b[32m{true}\u001b[39m\n        \u001b[36m>\u001b[39m\n          \u001b[36m<Text>\u001b[39m\n            \u001b[0m\u001b[0m\n          \u001b[36m</Text>\u001b[39m\n        \u001b[36m</View>\u001b[39m\n      \u001b[36m</View>\u001b[39m\n      \u001b[36m<RCTScrollView>\u001b[39m\n        \u001b[36m<View>\u001b[39m\n          \u001b[36m<View>\u001b[39m\n            \u001b[36m<View>\u001b[39m\n              \u001b[36m<Text>\u001b[39m\n                \u001b[0m\u001b[0m\n              \u001b[36m</Text>\u001b[39m\n              \u001b[36m<Text>\u001b[39m\n                \u001b[0mTìm kiếm theo tên sách, tác giả...\u001b[0m\n              \u001b[36m</Text>\u001b[39m\n            \u001b[36m</View>\u001b[39m\n          \u001b[36m</View>\u001b[39m\n          \u001b[36m<View>\u001b[39m\n            \u001b[36m<Text>\u001b[39m\n              \u001b[0mDanh mục sách\u001b[0m\n            \u001b[36m</Text>\u001b[39m\n          \u001b[36m</View>\u001b[39m\n        \u001b[36m</View>\u001b[39m\n      \u001b[36m</RCTScrollView>\u001b[39m\n    \u001b[36m</View>\u001b[39m\n\u001b[2m\u001b[22m\n\u001b[2m    \u001b[0m \u001b[90m 106 |\u001b[39m       render(\u001b[33m<\u001b[39m\u001b[33mMemberHome\u001b[39m \u001b[33m/\u001b[39m\u001b[33m>\u001b[39m\u001b[33m,\u001b[39m { wrapper\u001b[33m:\u001b[39m createWrapper() })\u001b[33m;\u001b[39m\u001b[22m\n\u001b[2m     \u001b[90m 107 |\u001b[39m\u001b[22m\n\u001b[2m    \u001b[31m\u001b[1m>\u001b[22m\u001b[2m\u001b[39m\u001b[90m 108 |\u001b[39m       \u001b[36mawait\u001b[39m waitFor(() \u001b[33m=>\u001b[39m {\u001b[22m\n\u001b[2m     \u001b[90m     |\u001b[39m                    \u001b[31m\u001b[1m^\u001b[22m\u001b[2m\u001b[39m\u001b[22m\n\u001b[2m     \u001b[90m 109 |\u001b[39m         \u001b[90m// Check that both borrow buttons appear (one per book)\u001b[39m\u001b[22m\n\u001b[2m     \u001b[90m 110 |\u001b[39m         \u001b[36mconst\u001b[39m borrowButtons \u001b[33m=\u001b[39m screen\u001b[33m.\u001b[39mgetAllByText(\u001b[32m'Mượn sách'\u001b[39m)\u001b[33m;\u001b[39m\u001b[22m\n\u001b[2m     \u001b[90m 111 |\u001b[39m         expect(borrowButtons\u001b[33m.\u001b[39mlength)\u001b[33m.\u001b[39mtoBeGreaterThanOrEqual(\u001b[35m2\u001b[39m)\u001b[33m;\u001b[39m\u001b[0m\u001b[22m\n\u001b[2m\u001b[22m\n\u001b[2m      \u001b[2mat Object.<anonymous> (\u001b[22m\u001b[2m\u001b[0m\u001b[36msrc/__tests__/MemberHome.test.tsx\u001b[39m\u001b[0m\u001b[2m:108:20)\u001b[22m\u001b[2m\u001b[22m\n\u001b[2m      \u001b[2mat asyncGeneratorStep (\u001b[22m\u001b[2mnode_modules/@babel/runtime/helpers/asyncToGenerator.js\u001b[2m:3:17)\u001b[22m\u001b[2m\u001b[22m\n\u001b[2m      \u001b[2mat _next (\u001b[22m\u001b[2mnode_modules/@babel/runtime/helpers/asyncToGenerator.js\u001b[2m:17:9)\u001b[22m\u001b[2m\u001b[22m\n\u001b[2m      \u001b[2mat \u001b[22m\u001b[2mnode_modules/@babel/runtime/helpers/asyncToGenerator.js\u001b[2m:22:7\u001b[22m\u001b[2m\u001b[22m\n\u001b[2m      \u001b[2mat Object.<anonymous> (\u001b[22m\u001b[2mnode_modules/@babel/runtime/helpers/asyncToGenerator.js\u001b[2m:14:12)\u001b[22m\u001b[2m\u001b[22m\n\n\u001b[1m\u001b[31m  \u001b[1m● \u001b[22m\u001b[1mMemberHome Screen › book list › should show available quantity in book card\u001b[39m\u001b[22m\n\n    Unable to find an element with text: /5/\n\n    \u001b[36m<View>\u001b[39m\n      \u001b[36m<View>\u001b[39m\n        \u001b[36m<View>\u001b[39m\n          \u001b[36m<Text>\u001b[39m\n            \u001b[0mChào mừng trở lại!\u001b[0m\n          \u001b[36m</Text>\u001b[39m\n          \u001b[36m<Text />\u001b[39m\n        \u001b[36m</View>\u001b[39m\n        \u001b[36m<View\u001b[39m\n          \u001b[33maccessible\u001b[39m=\u001b[32m{true}\u001b[39m\n        \u001b[36m>\u001b[39m\n          \u001b[36m<Text>\u001b[39m\n            \u001b[0m\u001b[0m\n          \u001b[36m</Text>\u001b[39m\n        \u001b[36m</View>\u001b[39m\n      \u001b[36m</View>\u001b[39m\n      \u001b[36m<RCTScrollView>\u001b[39m\n        \u001b[36m<View>\u001b[39m\n          \u001b[36m<View>\u001b[39m\n            \u001b[36m<View>\u001b[39m\n              \u001b[36m<Text>\u001b[39m\n                \u001b[0m\u001b[0m\n              \u001b[36m</Text>\u001b[39m\n              \u001b[36m<Text>\u001b[39m\n                \u001b[0mTìm kiếm theo tên sách, tác giả...\u001b[0m\n              \u001b[36m</Text>\u001b[39m\n            \u001b[36m</View>\u001b[39m\n          \u001b[36m</View>\u001b[39m\n          \u001b[36m<View>\u001b[39m\n            \u001b[36m<Text>\u001b[39m\n              \u001b[0mDanh mục sách\u001b[0m\n            \u001b[36m</Text>\u001b[39m\n          \u001b[36m</View>\u001b[39m\n        \u001b[36m</View>\u001b[39m\n      \u001b[36m</RCTScrollView>\u001b[39m\n    \u001b[36m</View>\u001b[39m\n\u001b[2m\u001b[22m\n\u001b[2m    \u001b[0m \u001b[90m 121 |\u001b[39m       render(\u001b[33m<\u001b[39m\u001b[33mMemberHome\u001b[39m \u001b[33m/\u001b[39m\u001b[33m>\u001b[39m\u001b[33m,\u001b[39m { wrapper\u001b[33m:\u001b[39m createWrapper() })\u001b[33m;\u001b[39m\u001b[22m\n\u001b[2m     \u001b[90m 122 |\u001b[39m\u001b[22m\n\u001b[2m    \u001b[31m\u001b[1m>\u001b[22m\u001b[2m\u001b[39m\u001b[90m 123 |\u001b[39m       \u001b[36mawait\u001b[39m waitFor(() \u001b[33m=>\u001b[39m {\u001b[22m\n\u001b[2m     \u001b[90m     |\u001b[39m                    \u001b[31m\u001b[1m^\u001b[22m\u001b[2m\u001b[39m\u001b[22m\n\u001b[2m     \u001b[90m 124 |\u001b[39m         expect(screen\u001b[33m.\u001b[39mgetByText(\u001b[35m/5/\u001b[39m))\u001b[33m.\u001b[39mtoBeTruthy()\u001b[33m;\u001b[39m\u001b[22m\n\u001b[2m     \u001b[90m 125 |\u001b[39m       })\u001b[33m;\u001b[39m\u001b[22m\n\u001b[2m     \u001b[90m 126 |\u001b[39m     })\u001b[33m;\u001b[39m\u001b[0m\u001b[22m\n\u001b[2m\u001b[22m\n\u001b[2m      \u001b[2mat Object.<anonymous> (\u001b[22m\u001b[2m\u001b[0m\u001b[36msrc/__tests__/MemberHome.test.tsx\u001b[39m\u001b[0m\u001b[2m:123:20)\u001b[22m\u001b[2m\u001b[22m\n\u001b[2m      \u001b[2mat asyncGeneratorStep (\u001b[22m\u001b[2mnode_modules/@babel/runtime/helpers/asyncToGenerator.js\u001b[2m:3:17)\u001b[22m\u001b[2m\u001b[22m\n\u001b[2m      \u001b[2mat _next (\u001b[22m\u001b[2mnode_modules/@babel/runtime/helpers/asyncToGenerator.js\u001b[2m:17:9)\u001b[22m\u001b[2m\u001b[22m\n\u001b[2m      \u001b[2mat \u001b[22m\u001b[2mnode_modules/@babel/runtime/helpers/asyncToGenerator.js\u001b[2m:22:7\u001b[22m\u001b[2m\u001b[22m\n\u001b[2m      \u001b[2mat Object.<anonymous> (\u001b[22m\u001b[2mnode_modules/@babel/runtime/helpers/asyncToGenerator.js\u001b[2m:14:12)\u001b[22m\u001b[2m\u001b[22m\n","name":"C:\\Users\\tien2004\\.gemini\\antigravity\\scratch\\library-app\\src\\__tests__\\MemberHome.test.tsx","startTime":1776618615594,"status":"failed","summary":""},{"assertionResults":[{"ancestorTitles":["LoginScreen","rendering"],"duration":85,"failureDetails":[{}],"failureMessages":["Error: Unable to find an element with text: Library System\n\n\u001b[36m<View>\u001b[39m\n  \u001b[36m<RCTScrollView>\u001b[39m\n    \u001b[36m<View>\u001b[39m\n      \u001b[36m<View>\u001b[39m\n        \u001b[36m<Text>\u001b[39m\n          \u001b[0mChào mừng trở lại 👋\u001b[0m\n        \u001b[36m</Text>\u001b[39m\n        \u001b[36m<Text>\u001b[39m\n          \u001b[0mĐăng nhập để tiếp tục quản lý sách\u001b[0m\n        \u001b[36m</Text>\u001b[39m\n      \u001b[36m</View>\u001b[39m\n      \u001b[36m<View>\u001b[39m\n        \u001b[36m<View>\u001b[39m\n          \u001b[36m<Text>\u001b[39m\n            \u001b[0mEmail\u001b[0m\n          \u001b[36m</Text>\u001b[39m\n          \u001b[36m<View>\u001b[39m\n            \u001b[36m<Text />\u001b[39m\n            \u001b[36m<TextInput\u001b[39m\n              \u001b[33mplaceholder\u001b[39m=\u001b[32m\"email@example.com\"\u001b[39m\n              \u001b[33mvalue\u001b[39m=\u001b[32m\"\"\u001b[39m\n            \u001b[36m/>\u001b[39m\n          \u001b[36m</View>\u001b[39m\n        \u001b[36m</View>\u001b[39m\n        \u001b[36m<View>\u001b[39m\n          \u001b[36m<Text>\u001b[39m\n            \u001b[0mMật khẩu\u001b[0m\n          \u001b[36m</Text>\u001b[39m\n          \u001b[36m<View>\u001b[39m\n            \u001b[36m<Text />\u001b[39m\n            \u001b[36m<TextInput\u001b[39m\n              \u001b[33mplaceholder\u001b[39m=\u001b[32m\"••••••••\"\u001b[39m\n              \u001b[33mvalue\u001b[39m=\u001b[32m\"\"\u001b[39m\n            \u001b[36m/>\u001b[39m\n            \u001b[36m<View\u001b[39m\n              \u001b[33maccessible\u001b[39m=\u001b[32m{true}\u001b[39m\n            \u001b[36m>\u001b[39m\n              \u001b[36m<Text />\u001b[39m\n            \u001b[36m</View>\u001b[39m\n          \u001b[36m</View>\u001b[39m\n        \u001b[36m</View>\u001b[39m\n      \u001b[36m</View>\u001b[39m\n      \u001b[36m<View\u001b[39m\n        \u001b[33maccessible\u001b[39m=\u001b[32m{true}\u001b[39m\n      \u001b[36m>\u001b[39m\n        \u001b[36m<Text>\u001b[39m\n          \u001b[0mQuên mật khẩu?\u001b[0m\n        \u001b[36m</Text>\u001b[39m\n      \u001b[36m</View>\u001b[39m\n      \u001b[36m<View\u001b[39m\n        \u001b[33maccessibilityState\u001b[39m=\u001b[32m{\n          {\n            \"disabled\": false,\n          }\n        }\u001b[39m\n        \u001b[33maccessible\u001b[39m=\u001b[32m{true}\u001b[39m\n      \u001b[36m>\u001b[39m\n        \u001b[36m<Text>\u001b[39m\n          \u001b[0mĐăng nhập\u001b[0m\n        \u001b[36m</Text>\u001b[39m\n      \u001b[36m</View>\u001b[39m\n      \u001b[36m<View>\u001b[39m\n        \u001b[36m<View />\u001b[39m\n        \u001b[36m<Text>\u001b[39m\n          \u001b[0mHoặc tiếp tục với\u001b[0m\n        \u001b[36m</Text>\u001b[39m\n        \u001b[36m<View />\u001b[39m\n      \u001b[36m</View>\u001b[39m\n      \u001b[36m<View>\u001b[39m\n        \u001b[36m<View\u001b[39m\n          \u001b[33maccessible\u001b[39m=\u001b[32m{true}\u001b[39m\n        \u001b[36m>\u001b[39m\n          \u001b[36m<Text />\u001b[39m\n        \u001b[36m</View>\u001b[39m\n        \u001b[36m<View\u001b[39m\n          \u001b[33maccessible\u001b[39m=\u001b[32m{true}\u001b[39m\n        \u001b[36m>\u001b[39m\n          \u001b[36m<Text />\u001b[39m\n        \u001b[36m</View>\u001b[39m\n      \u001b[36m</View>\u001b[39m\n      \u001b[36m<View>\u001b[39m\n        \u001b[36m<Text>\u001b[39m\n          \u001b[0mBạn chưa có tài khoản? \u001b[0m\n        \u001b[36m</Text>\u001b[39m\n        \u001b[36m<View\u001b[39m\n          \u001b[33maccessible\u001b[39m=\u001b[32m{true}\u001b[39m\n        \u001b[36m>\u001b[39m\n          \u001b[36m<Text>\u001b[39m\n            \u001b[0mĐăng ký ngay\u001b[0m\n          \u001b[36m</Text>\u001b[39m\n        \u001b[36m</View>\u001b[39m\n      \u001b[36m</View>\u001b[39m\n    \u001b[36m</View>\u001b[39m\n  \u001b[36m</RCTScrollView>\u001b[39m\n\u001b[36m</View>\u001b[39m\n    at Object.getByText (C:\\Users\\tien2004\\.gemini\\antigravity\\scratch\\library-app\\src\\__tests__\\LoginScreen.test.tsx:20:21)\n    at Promise.then.completed (C:\\Users\\tien2004\\.gemini\\antigravity\\scratch\\library-app\\node_modules\\jest-circus\\build\\utils.js:298:28)\n    at new Promise (<anonymous>)\n    at callAsyncCircusFn (C:\\Users\\tien2004\\.gemini\\antigravity\\scratch\\library-app\\node_modules\\jest-circus\\build\\utils.js:231:10)\n    at _callCircusTest (C:\\Users\\tien2004\\.gemini\\antigravity\\scratch\\library-app\\node_modules\\jest-circus\\build\\run.js:316:40)\n    at _runTest (C:\\Users\\tien2004\\.gemini\\antigravity\\scratch\\library-app\\node_modules\\jest-circus\\build\\run.js:252:3)\n    at _runTestsForDescribeBlock (C:\\Users\\tien2004\\.gemini\\antigravity\\scratch\\library-app\\node_modules\\jest-circus\\build\\run.js:126:9)\n    at _runTestsForDescribeBlock (C:\\Users\\tien2004\\.gemini\\antigravity\\scratch\\library-app\\node_modules\\jest-circus\\build\\run.js:121:9)\n    at _runTestsForDescribeBlock (C:\\Users\\tien2004\\.gemini\\antigravity\\scratch\\library-app\\node_modules\\jest-circus\\build\\run.js:121:9)\n    at run (C:\\Users\\tien2004\\.gemini\\antigravity\\scratch\\library-app\\node_modules\\jest-circus\\build\\run.js:71:3)\n    at runAndTransformResultsToJestFormat (C:\\Users\\tien2004\\.gemini\\antigravity\\scratch\\library-app\\node_modules\\jest-circus\\build\\legacy-code-todo-rewrite\\jestAdapterInit.js:122:21)\n    at jestAdapter (C:\\Users\\tien2004\\.gemini\\antigravity\\scratch\\library-app\\node_modules\\jest-circus\\build\\legacy-code-todo-rewrite\\jestAdapter.js:79:19)\n    at runTestInternal (C:\\Users\\tien2004\\.gemini\\antigravity\\scratch\\library-app\\node_modules\\jest-runner\\build\\runTest.js:367:16)\n    at runTest (C:\\Users\\tien2004\\.gemini\\antigravity\\scratch\\library-app\\node_modules\\jest-runner\\build\\runTest.js:444:34)"],"fullName":"LoginScreen rendering should render the title \"Library System\"","invocations":1,"location":null,"numPassingAsserts":0,"retryReasons":[],"status":"failed","title":"should render the title \"Library System\""},{"ancestorTitles":["LoginScreen","rendering"],"duration":21,"failureDetails":[{}],"failureMessages":["Error: Unable to find an element with testID: Email\n\n\u001b[36m<View>\u001b[39m\n  \u001b[36m<RCTScrollView>\u001b[39m\n    \u001b[36m<View>\u001b[39m\n      \u001b[36m<View>\u001b[39m\n        \u001b[36m<Text>\u001b[39m\n          \u001b[0mChào mừng trở lại 👋\u001b[0m\n        \u001b[36m</Text>\u001b[39m\n        \u001b[36m<Text>\u001b[39m\n          \u001b[0mĐăng nhập để tiếp tục quản lý sách\u001b[0m\n        \u001b[36m</Text>\u001b[39m\n      \u001b[36m</View>\u001b[39m\n      \u001b[36m<View>\u001b[39m\n        \u001b[36m<View>\u001b[39m\n          \u001b[36m<Text>\u001b[39m\n            \u001b[0mEmail\u001b[0m\n          \u001b[36m</Text>\u001b[39m\n          \u001b[36m<View>\u001b[39m\n            \u001b[36m<Text>\u001b[39m\n              \u001b[0m\u001b[0m\n            \u001b[36m</Text>\u001b[39m\n            \u001b[36m<TextInput\u001b[39m\n              \u001b[33mplaceholder\u001b[39m=\u001b[32m\"email@example.com\"\u001b[39m\n              \u001b[33mvalue\u001b[39m=\u001b[32m\"\"\u001b[39m\n            \u001b[36m/>\u001b[39m\n          \u001b[36m</View>\u001b[39m\n        \u001b[36m</View>\u001b[39m\n        \u001b[36m<View>\u001b[39m\n          \u001b[36m<Text>\u001b[39m\n            \u001b[0mMật khẩu\u001b[0m\n          \u001b[36m</Text>\u001b[39m\n          \u001b[36m<View>\u001b[39m\n            \u001b[36m<Text>\u001b[39m\n              \u001b[0m\u001b[0m\n            \u001b[36m</Text>\u001b[39m\n            \u001b[36m<TextInput\u001b[39m\n              \u001b[33mplaceholder\u001b[39m=\u001b[32m\"••••••••\"\u001b[39m\n              \u001b[33mvalue\u001b[39m=\u001b[32m\"\"\u001b[39m\n            \u001b[36m/>\u001b[39m\n            \u001b[36m<View\u001b[39m\n              \u001b[33maccessible\u001b[39m=\u001b[32m{true}\u001b[39m\n            \u001b[36m>\u001b[39m\n              \u001b[36m<Text>\u001b[39m\n                \u001b[0m\u001b[0m\n              \u001b[36m</Text>\u001b[39m\n            \u001b[36m</View>\u001b[39m\n          \u001b[36m</View>\u001b[39m\n        \u001b[36m</View>\u001b[39m\n      \u001b[36m</View>\u001b[39m\n      \u001b[36m<View\u001b[39m\n        \u001b[33maccessible\u001b[39m=\u001b[32m{true}\u001b[39m\n      \u001b[36m>\u001b[39m\n        \u001b[36m<Text>\u001b[39m\n          \u001b[0mQuên mật khẩu?\u001b[0m\n        \u001b[36m</Text>\u001b[39m\n      \u001b[36m</View>\u001b[39m\n      \u001b[36m<View\u001b[39m\n        \u001b[33maccessibilityState\u001b[39m=\u001b[32m{\n          {\n            \"disabled\": false,\n          }\n        }\u001b[39m\n        \u001b[33maccessible\u001b[39m=\u001b[32m{true}\u001b[39m\n      \u001b[36m>\u001b[39m\n        \u001b[36m<Text>\u001b[39m\n          \u001b[0mĐăng nhập\u001b[0m\n        \u001b[36m</Text>\u001b[39m\n      \u001b[36m</View>\u001b[39m\n      \u001b[36m<View>\u001b[39m\n        \u001b[36m<View />\u001b[39m\n        \u001b[36m<Text>\u001b[39m\n          \u001b[0mHoặc tiếp tục với\u001b[0m\n        \u001b[36m</Text>\u001b[39m\n        \u001b[36m<View />\u001b[39m\n      \u001b[36m</View>\u001b[39m\n      \u001b[36m<View>\u001b[39m\n        \u001b[36m<View\u001b[39m\n          \u001b[33maccessible\u001b[39m=\u001b[32m{true}\u001b[39m\n        \u001b[36m>\u001b[39m\n          \u001b[36m<Text>\u001b[39m\n            \u001b[0m\u001b[0m\n          \u001b[36m</Text>\u001b[39m\n        \u001b[36m</View>\u001b[39m\n        \u001b[36m<View\u001b[39m\n          \u001b[33maccessible\u001b[39m=\u001b[32m{true}\u001b[39m\n        \u001b[36m>\u001b[39m\n          \u001b[36m<Text>\u001b[39m\n            \u001b[0m\u001b[0m\n          \u001b[36m</Text>\u001b[39m\n        \u001b[36m</View>\u001b[39m\n      \u001b[36m</View>\u001b[39m\n      \u001b[36m<View>\u001b[39m\n        \u001b[36m<Text>\u001b[39m\n          \u001b[0mBạn chưa có tài khoản? \u001b[0m\n        \u001b[36m</Text>\u001b[39m\n        \u001b[36m<View\u001b[39m\n          \u001b[33maccessible\u001b[39m=\u001b[32m{true}\u001b[39m\n        \u001b[36m>\u001b[39m\n          \u001b[36m<Text>\u001b[39m\n            \u001b[0mĐăng ký ngay\u001b[0m\n          \u001b[36m</Text>\u001b[39m\n        \u001b[36m</View>\u001b[39m\n      \u001b[36m</View>\u001b[39m\n    \u001b[36m</View>\u001b[39m\n  \u001b[36m</RCTScrollView>\u001b[39m\n\u001b[36m</View>\u001b[39m\n    at Object.getByTestId (C:\\Users\\tien2004\\.gemini\\antigravity\\scratch\\library-app\\src\\__tests__\\LoginScreen.test.tsx:25:21)\n    at Promise.then.completed (C:\\Users\\tien2004\\.gemini\\antigravity\\scratch\\library-app\\node_modules\\jest-circus\\build\\utils.js:298:28)\n    at new Promise (<anonymous>)\n    at callAsyncCircusFn (C:\\Users\\tien2004\\.gemini\\antigravity\\scratch\\library-app\\node_modules\\jest-circus\\build\\utils.js:231:10)\n    at _callCircusTest (C:\\Users\\tien2004\\.gemini\\antigravity\\scratch\\library-app\\node_modules\\jest-circus\\build\\run.js:316:40)\n    at _runTest (C:\\Users\\tien2004\\.gemini\\antigravity\\scratch\\library-app\\node_modules\\jest-circus\\build\\run.js:252:3)\n    at _runTestsForDescribeBlock (C:\\Users\\tien2004\\.gemini\\antigravity\\scratch\\library-app\\node_modules\\jest-circus\\build\\run.js:126:9)\n    at _runTestsForDescribeBlock (C:\\Users\\tien2004\\.gemini\\antigravity\\scratch\\library-app\\node_modules\\jest-circus\\build\\run.js:121:9)\n    at _runTestsForDescribeBlock (C:\\Users\\tien2004\\.gemini\\antigravity\\scratch\\library-app\\node_modules\\jest-circus\\build\\run.js:121:9)\n    at run (C:\\Users\\tien2004\\.gemini\\antigravity\\scratch\\library-app\\node_modules\\jest-circus\\build\\run.js:71:3)\n    at runAndTransformResultsToJestFormat (C:\\Users\\tien2004\\.gemini\\antigravity\\scratch\\library-app\\node_modules\\jest-circus\\build\\legacy-code-todo-rewrite\\jestAdapterInit.js:122:21)\n    at jestAdapter (C:\\Users\\tien2004\\.gemini\\antigravity\\scratch\\library-app\\node_modules\\jest-circus\\build\\legacy-code-todo-rewrite\\jestAdapter.js:79:19)\n    at runTestInternal (C:\\Users\\tien2004\\.gemini\\antigravity\\scratch\\library-app\\node_modules\\jest-runner\\build\\runTest.js:367:16)\n    at runTest (C:\\Users\\tien2004\\.gemini\\antigravity\\scratch\\library-app\\node_modules\\jest-runner\\build\\runTest.js:444:34)"],"fullName":"LoginScreen rendering should render Email input","invocations":1,"location":null,"numPassingAsserts":0,"retryReasons":[],"status":"failed","title":"should render Email input"},{"ancestorTitles":["LoginScreen","rendering"],"duration":34,"failureDetails":[{}],"failureMessages":["Error: Unable to find an element with testID: Password\n\n\u001b[36m<View>\u001b[39m\n  \u001b[36m<RCTScrollView>\u001b[39m\n    \u001b[36m<View>\u001b[39m\n      \u001b[36m<View>\u001b[39m\n        \u001b[36m<Text>\u001b[39m\n          \u001b[0mChào mừng trở lại 👋\u001b[0m\n        \u001b[36m</Text>\u001b[39m\n        \u001b[36m<Text>\u001b[39m\n          \u001b[0mĐăng nhập để tiếp tục quản lý sách\u001b[0m\n        \u001b[36m</Text>\u001b[39m\n      \u001b[36m</View>\u001b[39m\n      \u001b[36m<View>\u001b[39m\n        \u001b[36m<View>\u001b[39m\n          \u001b[36m<Text>\u001b[39m\n            \u001b[0mEmail\u001b[0m\n          \u001b[36m</Text>\u001b[39m\n          \u001b[36m<View>\u001b[39m\n            \u001b[36m<Text>\u001b[39m\n              \u001b[0m\u001b[0m\n            \u001b[36m</Text>\u001b[39m\n            \u001b[36m<TextInput\u001b[39m\n              \u001b[33mplaceholder\u001b[39m=\u001b[32m\"email@example.com\"\u001b[39m\n              \u001b[33mvalue\u001b[39m=\u001b[32m\"\"\u001b[39m\n            \u001b[36m/>\u001b[39m\n          \u001b[36m</View>\u001b[39m\n        \u001b[36m</View>\u001b[39m\n        \u001b[36m<View>\u001b[39m\n          \u001b[36m<Text>\u001b[39m\n            \u001b[0mMật khẩu\u001b[0m\n          \u001b[36m</Text>\u001b[39m\n          \u001b[36m<View>\u001b[39m\n            \u001b[36m<Text>\u001b[39m\n              \u001b[0m\u001b[0m\n            \u001b[36m</Text>\u001b[39m\n            \u001b[36m<TextInput\u001b[39m\n              \u001b[33mplaceholder\u001b[39m=\u001b[32m\"••••••••\"\u001b[39m\n              \u001b[33mvalue\u001b[39m=\u001b[32m\"\"\u001b[39m\n            \u001b[36m/>\u001b[39m\n            \u001b[36m<View\u001b[39m\n              \u001b[33maccessible\u001b[39m=\u001b[32m{true}\u001b[39m\n            \u001b[36m>\u001b[39m\n              \u001b[36m<Text>\u001b[39m\n                \u001b[0m\u001b[0m\n              \u001b[36m</Text>\u001b[39m\n            \u001b[36m</View>\u001b[39m\n          \u001b[36m</View>\u001b[39m\n        \u001b[36m</View>\u001b[39m\n      \u001b[36m</View>\u001b[39m\n      \u001b[36m<View\u001b[39m\n        \u001b[33maccessible\u001b[39m=\u001b[32m{true}\u001b[39m\n      \u001b[36m>\u001b[39m\n        \u001b[36m<Text>\u001b[39m\n          \u001b[0mQuên mật khẩu?\u001b[0m\n        \u001b[36m</Text>\u001b[39m\n      \u001b[36m</View>\u001b[39m\n      \u001b[36m<View\u001b[39m\n        \u001b[33maccessibilityState\u001b[39m=\u001b[32m{\n          {\n            \"disabled\": false,\n          }\n        }\u001b[39m\n        \u001b[33maccessible\u001b[39m=\u001b[32m{true}\u001b[39m\n      \u001b[36m>\u001b[39m\n        \u001b[36m<Text>\u001b[39m\n          \u001b[0mĐăng nhập\u001b[0m\n        \u001b[36m</Text>\u001b[39m\n      \u001b[36m</View>\u001b[39m\n      \u001b[36m<View>\u001b[39m\n        \u001b[36m<View />\u001b[39m\n        \u001b[36m<Text>\u001b[39m\n          \u001b[0mHoặc tiếp tục với\u001b[0m\n        \u001b[36m</Text>\u001b[39m\n        \u001b[36m<View />\u001b[39m\n      \u001b[36m</View>\u001b[39m\n      \u001b[36m<View>\u001b[39m\n        \u001b[36m<View\u001b[39m\n          \u001b[33maccessible\u001b[39m=\u001b[32m{true}\u001b[39m\n        \u001b[36m>\u001b[39m\n          \u001b[36m<Text>\u001b[39m\n            \u001b[0m\u001b[0m\n          \u001b[36m</Text>\u001b[39m\n        \u001b[36m</View>\u001b[39m\n        \u001b[36m<View\u001b[39m\n          \u001b[33maccessible\u001b[39m=\u001b[32m{true}\u001b[39m\n        \u001b[36m>\u001b[39m\n          \u001b[36m<Text>\u001b[39m\n            \u001b[0m\u001b[0m\n          \u001b[36m</Text>\u001b[39m\n        \u001b[36m</View>\u001b[39m\n      \u001b[36m</View>\u001b[39m\n      \u001b[36m<View>\u001b[39m\n        \u001b[36m<Text>\u001b[39m\n          \u001b[0mBạn chưa có tài khoản? \u001b[0m\n        \u001b[36m</Text>\u001b[39m\n        \u001b[36m<View\u001b[39m\n          \u001b[33maccessible\u001b[39m=\u001b[32m{true}\u001b[39m\n        \u001b[36m>\u001b[39m\n          \u001b[36m<Text>\u001b[39m\n            \u001b[0mĐăng ký ngay\u001b[0m\n          \u001b[36m</Text>\u001b[39m\n        \u001b[36m</View>\u001b[39m\n      \u001b[36m</View>\u001b[39m\n    \u001b[36m</View>\u001b[39m\n  \u001b[36m</RCTScrollView>\u001b[39m\n\u001b[36m</View>\u001b[39m\n    at Object.getByTestId (C:\\Users\\tien2004\\.gemini\\antigravity\\scratch\\library-app\\src\\__tests__\\LoginScreen.test.tsx:30:21)\n    at Promise.then.completed (C:\\Users\\tien2004\\.gemini\\antigravity\\scratch\\library-app\\node_modules\\jest-circus\\build\\utils.js:298:28)\n    at new Promise (<anonymous>)\n    at callAsyncCircusFn (C:\\Users\\tien2004\\.gemini\\antigravity\\scratch\\library-app\\node_modules\\jest-circus\\build\\utils.js:231:10)\n    at _callCircusTest (C:\\Users\\tien2004\\.gemini\\antigravity\\scratch\\library-app\\node_modules\\jest-circus\\build\\run.js:316:40)\n    at _runTest (C:\\Users\\tien2004\\.gemini\\antigravity\\scratch\\library-app\\node_modules\\jest-circus\\build\\run.js:252:3)\n    at _runTestsForDescribeBlock (C:\\Users\\tien2004\\.gemini\\antigravity\\scratch\\library-app\\node_modules\\jest-circus\\build\\run.js:126:9)\n    at _runTestsForDescribeBlock (C:\\Users\\tien2004\\.gemini\\antigravity\\scratch\\library-app\\node_modules\\jest-circus\\build\\run.js:121:9)\n    at _runTestsForDescribeBlock (C:\\Users\\tien2004\\.gemini\\antigravity\\scratch\\library-app\\node_modules\\jest-circus\\build\\run.js:121:9)\n    at run (C:\\Users\\tien2004\\.gemini\\antigravity\\scratch\\library-app\\node_modules\\jest-circus\\build\\run.js:71:3)\n    at runAndTransformResultsToJestFormat (C:\\Users\\tien2004\\.gemini\\antigravity\\scratch\\library-app\\node_modules\\jest-circus\\build\\legacy-code-todo-rewrite\\jestAdapterInit.js:122:21)\n    at jestAdapter (C:\\Users\\tien2004\\.gemini\\antigravity\\scratch\\library-app\\node_modules\\jest-circus\\build\\legacy-code-todo-rewrite\\jestAdapter.js:79:19)\n    at runTestInternal (C:\\Users\\tien2004\\.gemini\\antigravity\\scratch\\library-app\\node_modules\\jest-runner\\build\\runTest.js:367:16)\n    at runTest (C:\\Users\\tien2004\\.gemini\\antigravity\\scratch\\library-app\\node_modules\\jest-runner\\build\\runTest.js:444:34)"],"fullName":"LoginScreen rendering should render Password input","invocations":1,"location":null,"numPassingAsserts":0,"retryReasons":[],"status":"failed","title":"should render Password input"},{"ancestorTitles":["LoginScreen","rendering"],"duration":17,"failureDetails":[{}],"failureMessages":["Error: Unable to find an element with text: Login as Member\n\n\u001b[36m<View>\u001b[39m\n  \u001b[36m<RCTScrollView>\u001b[39m\n    \u001b[36m<View>\u001b[39m\n      \u001b[36m<View>\u001b[39m\n        \u001b[36m<Text>\u001b[39m\n          \u001b[0mChào mừng trở lại 👋\u001b[0m\n        \u001b[36m</Text>\u001b[39m\n        \u001b[36m<Text>\u001b[39m\n          \u001b[0mĐăng nhập để tiếp tục quản lý sách\u001b[0m\n        \u001b[36m</Text>\u001b[39m\n      \u001b[36m</View>\u001b[39m\n      \u001b[36m<View>\u001b[39m\n        \u001b[36m<View>\u001b[39m\n          \u001b[36m<Text>\u001b[39m\n            \u001b[0mEmail\u001b[0m\n          \u001b[36m</Text>\u001b[39m\n          \u001b[36m<View>\u001b[39m\n            \u001b[36m<Text>\u001b[39m\n              \u001b[0m\u001b[0m\n            \u001b[36m</Text>\u001b[39m\n            \u001b[36m<TextInput\u001b[39m\n              \u001b[33mplaceholder\u001b[39m=\u001b[32m\"email@example.com\"\u001b[39m\n              \u001b[33mvalue\u001b[39m=\u001b[32m\"\"\u001b[39m\n            \u001b[36m/>\u001b[39m\n          \u001b[36m</View>\u001b[39m\n        \u001b[36m</View>\u001b[39m\n        \u001b[36m<View>\u001b[39m\n          \u001b[36m<Text>\u001b[39m\n            \u001b[0mMật khẩu\u001b[0m\n          \u001b[36m</Text>\u001b[39m\n          \u001b[36m<View>\u001b[39m\n            \u001b[36m<Text>\u001b[39m\n              \u001b[0m\u001b[0m\n            \u001b[36m</Text>\u001b[39m\n            \u001b[36m<TextInput\u001b[39m\n              \u001b[33mplaceholder\u001b[39m=\u001b[32m\"••••••••\"\u001b[39m\n              \u001b[33mvalue\u001b[39m=\u001b[32m\"\"\u001b[39m\n            \u001b[36m/>\u001b[39m\n            \u001b[36m<View\u001b[39m\n              \u001b[33maccessible\u001b[39m=\u001b[32m{true}\u001b[39m\n            \u001b[36m>\u001b[39m\n              \u001b[36m<Text>\u001b[39m\n                \u001b[0m\u001b[0m\n              \u001b[36m</Text>\u001b[39m\n            \u001b[36m</View>\u001b[39m\n          \u001b[36m</View>\u001b[39m\n        \u001b[36m</View>\u001b[39m\n      \u001b[36m</View>\u001b[39m\n      \u001b[36m<View\u001b[39m\n        \u001b[33maccessible\u001b[39m=\u001b[32m{true}\u001b[39m\n      \u001b[36m>\u001b[39m\n        \u001b[36m<Text>\u001b[39m\n          \u001b[0mQuên mật khẩu?\u001b[0m\n        \u001b[36m</Text>\u001b[39m\n      \u001b[36m</View>\u001b[39m\n      \u001b[36m<View\u001b[39m\n        \u001b[33maccessibilityState\u001b[39m=\u001b[32m{\n          {\n            \"disabled\": false,\n          }\n        }\u001b[39m\n        \u001b[33maccessible\u001b[39m=\u001b[32m{true}\u001b[39m\n      \u001b[36m>\u001b[39m\n        \u001b[36m<Text>\u001b[39m\n          \u001b[0mĐăng nhập\u001b[0m\n        \u001b[36m</Text>\u001b[39m\n      \u001b[36m</View>\u001b[39m\n      \u001b[36m<View>\u001b[39m\n        \u001b[36m<View />\u001b[39m\n        \u001b[36m<Text>\u001b[39m\n          \u001b[0mHoặc tiếp tục với\u001b[0m\n        \u001b[36m</Text>\u001b[39m\n        \u001b[36m<View />\u001b[39m\n      \u001b[36m</View>\u001b[39m\n      \u001b[36m<View>\u001b[39m\n        \u001b[36m<View\u001b[39m\n          \u001b[33maccessible\u001b[39m=\u001b[32m{true}\u001b[39m\n        \u001b[36m>\u001b[39m\n          \u001b[36m<Text>\u001b[39m\n            \u001b[0m\u001b[0m\n          \u001b[36m</Text>\u001b[39m\n        \u001b[36m</View>\u001b[39m\n        \u001b[36m<View\u001b[39m\n          \u001b[33maccessible\u001b[39m=\u001b[32m{true}\u001b[39m\n        \u001b[36m>\u001b[39m\n          \u001b[36m<Text>\u001b[39m\n            \u001b[0m\u001b[0m\n          \u001b[36m</Text>\u001b[39m\n        \u001b[36m</View>\u001b[39m\n      \u001b[36m</View>\u001b[39m\n      \u001b[36m<View>\u001b[39m\n        \u001b[36m<Text>\u001b[39m\n          \u001b[0mBạn chưa có tài khoản? \u001b[0m\n        \u001b[36m</Text>\u001b[39m\n        \u001b[36m<View\u001b[39m\n          \u001b[33maccessible\u001b[39m=\u001b[32m{true}\u001b[39m\n        \u001b[36m>\u001b[39m\n          \u001b[36m<Text>\u001b[39m\n            \u001b[0mĐăng ký ngay\u001b[0m\n          \u001b[36m</Text>\u001b[39m\n        \u001b[36m</View>\u001b[39m\n      \u001b[36m</View>\u001b[39m\n    \u001b[36m</View>\u001b[39m\n  \u001b[36m</RCTScrollView>\u001b[39m\n\u001b[36m</View>\u001b[39m\n    at Object.getByText (C:\\Users\\tien2004\\.gemini\\antigravity\\scratch\\library-app\\src\\__tests__\\LoginScreen.test.tsx:35:21)\n    at Promise.then.completed (C:\\Users\\tien2004\\.gemini\\antigravity\\scratch\\library-app\\node_modules\\jest-circus\\build\\utils.js:298:28)\n    at new Promise (<anonymous>)\n    at callAsyncCircusFn (C:\\Users\\tien2004\\.gemini\\antigravity\\scratch\\library-app\\node_modules\\jest-circus\\build\\utils.js:231:10)\n    at _callCircusTest (C:\\Users\\tien2004\\.gemini\\antigravity\\scratch\\library-app\\node_modules\\jest-circus\\build\\run.js:316:40)\n    at _runTest (C:\\Users\\tien2004\\.gemini\\antigravity\\scratch\\library-app\\node_modules\\jest-circus\\build\\run.js:252:3)\n    at _runTestsForDescribeBlock (C:\\Users\\tien2004\\.gemini\\antigravity\\scratch\\library-app\\node_modules\\jest-circus\\build\\run.js:126:9)\n    at _runTestsForDescribeBlock (C:\\Users\\tien2004\\.gemini\\antigravity\\scratch\\library-app\\node_modules\\jest-circus\\build\\run.js:121:9)\n    at _runTestsForDescribeBlock (C:\\Users\\tien2004\\.gemini\\antigravity\\scratch\\library-app\\node_modules\\jest-circus\\build\\run.js:121:9)\n    at run (C:\\Users\\tien2004\\.gemini\\antigravity\\scratch\\library-app\\node_modules\\jest-circus\\build\\run.js:71:3)\n    at runAndTransformResultsToJestFormat (C:\\Users\\tien2004\\.gemini\\antigravity\\scratch\\library-app\\node_modules\\jest-circus\\build\\legacy-code-todo-rewrite\\jestAdapterInit.js:122:21)\n    at jestAdapter (C:\\Users\\tien2004\\.gemini\\antigravity\\scratch\\library-app\\node_modules\\jest-circus\\build\\legacy-code-todo-rewrite\\jestAdapter.js:79:19)\n    at runTestInternal (C:\\Users\\tien2004\\.gemini\\antigravity\\scratch\\library-app\\node_modules\\jest-runner\\build\\runTest.js:367:16)\n    at runTest (C:\\Users\\tien2004\\.gemini\\antigravity\\scratch\\library-app\\node_modules\\jest-runner\\build\\runTest.js:444:34)"],"fullName":"LoginScreen rendering should render all 3 login buttons","invocations":1,"location":null,"numPassingAsserts":0,"retryReasons":[],"status":"failed","title":"should render all 3 login buttons"},{"ancestorTitles":["LoginScreen","input interaction"],"duration":21,"failureDetails":[{}],"failureMessages":["Error: Unable to find an element with testID: Email\n\n\u001b[36m<View>\u001b[39m\n  \u001b[36m<RCTScrollView>\u001b[39m\n    \u001b[36m<View>\u001b[39m\n      \u001b[36m<View>\u001b[39m\n        \u001b[36m<Text>\u001b[39m\n          \u001b[0mChào mừng trở lại 👋\u001b[0m\n        \u001b[36m</Text>\u001b[39m\n        \u001b[36m<Text>\u001b[39m\n          \u001b[0mĐăng nhập để tiếp tục quản lý sách\u001b[0m\n        \u001b[36m</Text>\u001b[39m\n      \u001b[36m</View>\u001b[39m\n      \u001b[36m<View>\u001b[39m\n        \u001b[36m<View>\u001b[39m\n          \u001b[36m<Text>\u001b[39m\n            \u001b[0mEmail\u001b[0m\n          \u001b[36m</Text>\u001b[39m\n          \u001b[36m<View>\u001b[39m\n            \u001b[36m<Text>\u001b[39m\n              \u001b[0m\u001b[0m\n            \u001b[36m</Text>\u001b[39m\n            \u001b[36m<TextInput\u001b[39m\n              \u001b[33mplaceholder\u001b[39m=\u001b[32m\"email@example.com\"\u001b[39m\n              \u001b[33mvalue\u001b[39m=\u001b[32m\"\"\u001b[39m\n            \u001b[36m/>\u001b[39m\n          \u001b[36m</View>\u001b[39m\n        \u001b[36m</View>\u001b[39m\n        \u001b[36m<View>\u001b[39m\n          \u001b[36m<Text>\u001b[39m\n            \u001b[0mMật khẩu\u001b[0m\n          \u001b[36m</Text>\u001b[39m\n          \u001b[36m<View>\u001b[39m\n            \u001b[36m<Text>\u001b[39m\n              \u001b[0m\u001b[0m\n            \u001b[36m</Text>\u001b[39m\n            \u001b[36m<TextInput\u001b[39m\n              \u001b[33mplaceholder\u001b[39m=\u001b[32m\"••••••••\"\u001b[39m\n              \u001b[33mvalue\u001b[39m=\u001b[32m\"\"\u001b[39m\n            \u001b[36m/>\u001b[39m\n            \u001b[36m<View\u001b[39m\n              \u001b[33maccessible\u001b[39m=\u001b[32m{true}\u001b[39m\n            \u001b[36m>\u001b[39m\n              \u001b[36m<Text>\u001b[39m\n                \u001b[0m\u001b[0m\n              \u001b[36m</Text>\u001b[39m\n            \u001b[36m</View>\u001b[39m\n          \u001b[36m</View>\u001b[39m\n        \u001b[36m</View>\u001b[39m\n      \u001b[36m</View>\u001b[39m\n      \u001b[36m<View\u001b[39m\n        \u001b[33maccessible\u001b[39m=\u001b[32m{true}\u001b[39m\n      \u001b[36m>\u001b[39m\n        \u001b[36m<Text>\u001b[39m\n          \u001b[0mQuên mật khẩu?\u001b[0m\n        \u001b[36m</Text>\u001b[39m\n      \u001b[36m</View>\u001b[39m\n      \u001b[36m<View\u001b[39m\n        \u001b[33maccessibilityState\u001b[39m=\u001b[32m{\n          {\n            \"disabled\": false,\n          }\n        }\u001b[39m\n        \u001b[33maccessible\u001b[39m=\u001b[32m{true}\u001b[39m\n      \u001b[36m>\u001b[39m\n        \u001b[36m<Text>\u001b[39m\n          \u001b[0mĐăng nhập\u001b[0m\n        \u001b[36m</Text>\u001b[39m\n      \u001b[36m</View>\u001b[39m\n      \u001b[36m<View>\u001b[39m\n        \u001b[36m<View />\u001b[39m\n        \u001b[36m<Text>\u001b[39m\n          \u001b[0mHoặc tiếp tục với\u001b[0m\n        \u001b[36m</Text>\u001b[39m\n        \u001b[36m<View />\u001b[39m\n      \u001b[36m</View>\u001b[39m\n      \u001b[36m<View>\u001b[39m\n        \u001b[36m<View\u001b[39m\n          \u001b[33maccessible\u001b[39m=\u001b[32m{true}\u001b[39m\n        \u001b[36m>\u001b[39m\n          \u001b[36m<Text>\u001b[39m\n            \u001b[0m\u001b[0m\n          \u001b[36m</Text>\u001b[39m\n        \u001b[36m</View>\u001b[39m\n        \u001b[36m<View\u001b[39m\n          \u001b[33maccessible\u001b[39m=\u001b[32m{true}\u001b[39m\n        \u001b[36m>\u001b[39m\n          \u001b[36m<Text>\u001b[39m\n            \u001b[0m\u001b[0m\n          \u001b[36m</Text>\u001b[39m\n        \u001b[36m</View>\u001b[39m\n      \u001b[36m</View>\u001b[39m\n      \u001b[36m<View>\u001b[39m\n        \u001b[36m<Text>\u001b[39m\n          \u001b[0mBạn chưa có tài khoản? \u001b[0m\n        \u001b[36m</Text>\u001b[39m\n        \u001b[36m<View\u001b[39m\n          \u001b[33maccessible\u001b[39m=\u001b[32m{true}\u001b[39m\n        \u001b[36m>\u001b[39m\n          \u001b[36m<Text>\u001b[39m\n            \u001b[0mĐăng ký ngay\u001b[0m\n          \u001b[36m</Text>\u001b[39m\n        \u001b[36m</View>\u001b[39m\n      \u001b[36m</View>\u001b[39m\n    \u001b[36m</View>\u001b[39m\n  \u001b[36m</RCTScrollView>\u001b[39m\n\u001b[36m</View>\u001b[39m\n    at Object.getByTestId (C:\\Users\\tien2004\\.gemini\\antigravity\\scratch\\library-app\\src\\__tests__\\LoginScreen.test.tsx:46:33)\n    at Promise.then.completed (C:\\Users\\tien2004\\.gemini\\antigravity\\scratch\\library-app\\node_modules\\jest-circus\\build\\utils.js:298:28)\n    at new Promise (<anonymous>)\n    at callAsyncCircusFn (C:\\Users\\tien2004\\.gemini\\antigravity\\scratch\\library-app\\node_modules\\jest-circus\\build\\utils.js:231:10)\n    at _callCircusTest (C:\\Users\\tien2004\\.gemini\\antigravity\\scratch\\library-app\\node_modules\\jest-circus\\build\\run.js:316:40)\n    at _runTest (C:\\Users\\tien2004\\.gemini\\antigravity\\scratch\\library-app\\node_modules\\jest-circus\\build\\run.js:252:3)\n    at _runTestsForDescribeBlock (C:\\Users\\tien2004\\.gemini\\antigravity\\scratch\\library-app\\node_modules\\jest-circus\\build\\run.js:126:9)\n    at _runTestsForDescribeBlock (C:\\Users\\tien2004\\.gemini\\antigravity\\scratch\\library-app\\node_modules\\jest-circus\\build\\run.js:121:9)\n    at _runTestsForDescribeBlock (C:\\Users\\tien2004\\.gemini\\antigravity\\scratch\\library-app\\node_modules\\jest-circus\\build\\run.js:121:9)\n    at run (C:\\Users\\tien2004\\.gemini\\antigravity\\scratch\\library-app\\node_modules\\jest-circus\\build\\run.js:71:3)\n    at runAndTransformResultsToJestFormat (C:\\Users\\tien2004\\.gemini\\antigravity\\scratch\\library-app\\node_modules\\jest-circus\\build\\legacy-code-todo-rewrite\\jestAdapterInit.js:122:21)\n    at jestAdapter (C:\\Users\\tien2004\\.gemini\\antigravity\\scratch\\library-app\\node_modules\\jest-circus\\build\\legacy-code-todo-rewrite\\jestAdapter.js:79:19)\n    at runTestInternal (C:\\Users\\tien2004\\.gemini\\antigravity\\scratch\\library-app\\node_modules\\jest-runner\\build\\runTest.js:367:16)\n    at runTest (C:\\Users\\tien2004\\.gemini\\antigravity\\scratch\\library-app\\node_modules\\jest-runner\\build\\runTest.js:444:34)"],"fullName":"LoginScreen input interaction should update email input when user types","invocations":1,"location":null,"numPassingAsserts":0,"retryReasons":[],"status":"failed","title":"should update email input when user types"},{"ancestorTitles":["LoginScreen","input interaction"],"duration":14,"failureDetails":[{}],"failureMessages":["Error: Unable to find an element with testID: Email\n\n\u001b[36m<View>\u001b[39m\n  \u001b[36m<RCTScrollView>\u001b[39m\n    \u001b[36m<View>\u001b[39m\n      \u001b[36m<View>\u001b[39
[...]
3m.\u001b[39mgetState()\u001b[33m.\u001b[39mrole)\u001b[33m.\u001b[39mtoBe(\u001b[32m'LIBRARIAN'\u001b[39m)\u001b[33m;\u001b[39m\u001b[0m\u001b[22m\n\u001b[2m\u001b[22m\n\u001b[2m      \u001b[2mat setAuth (\u001b[22m\u001b[2m\u001b[0m\u001b[36msrc/__tests__/useAuthStore.test.ts\u001b[39m\u001b[0m\u001b[2m:38:33)\u001b[22m\u001b[2m\u001b[22m\n\u001b[2m      \u001b[2mat callback (\u001b[22m\u001b[2mnode_modules/@testing-library/react-native/src/act.ts\u001b[2m:31:24)\u001b[22m\u001b[2m\u001b[22m\n\u001b[2m      \u001b[2mat Object.<anonymous>.process.env.NODE_ENV.exports.act (\u001b[22m\u001b[2mnode_modules/react/cjs/react.development.js\u001b[2m:789:22)\u001b[22m\u001b[2m\u001b[22m\n\u001b[2m      \u001b[2mat actImplementation (\u001b[22m\u001b[2mnode_modules/@testing-library/react-native/src/act.ts\u001b[2m:30:25)\u001b[22m\u001b[2m\u001b[22m\n\u001b[2m      \u001b[2mat Object.<anonymous> (\u001b[22m\u001b[2m\u001b[0m\u001b[36msrc/__tests__/useAuthStore.test.ts\u001b[39m\u001b[0m\u001b[2m:37:10)\u001b[22m\u001b[2m\u001b[22m\n\n\u001b[1m\u001b[31m  \u001b[1m● \u001b[22m\u001b[1museAuthStore › setAuth() › should set role to ADMIN\u001b[39m\u001b[22m\n\n    TypeError: _useAuthStore.useAuthStore.getState(...).setAuth is not a function\n\u001b[2m\u001b[22m\n\u001b[2m    \u001b[0m \u001b[90m 44 |\u001b[39m     it(\u001b[32m'should set role to ADMIN'\u001b[39m\u001b[33m,\u001b[39m () \u001b[33m=>\u001b[39m {\u001b[22m\n\u001b[2m     \u001b[90m 45 |\u001b[39m       act(() \u001b[33m=>\u001b[39m {\u001b[22m\n\u001b[2m    \u001b[31m\u001b[1m>\u001b[22m\u001b[2m\u001b[39m\u001b[90m 46 |\u001b[39m         useAuthStore\u001b[33m.\u001b[39mgetState()\u001b[33m.\u001b[39msetAuth(\u001b[32m'ADMIN'\u001b[39m\u001b[33m,\u001b[39m faker\u001b[33m.\u001b[39mstring\u001b[33m.\u001b[39muuid())\u001b[33m;\u001b[39m\u001b[22m\n\u001b[2m     \u001b[90m    |\u001b[39m                                 \u001b[31m\u001b[1m^\u001b[22m\u001b[2m\u001b[39m\u001b[22m\n\u001b[2m     \u001b[90m 47 |\u001b[39m       })\u001b[33m;\u001b[39m\u001b[22m\n\u001b[2m     \u001b[90m 48 |\u001b[39m\u001b[22m\n\u001b[2m     \u001b[90m 49 |\u001b[39m       expect(useAuthStore\u001b[33m.\u001b[39mgetState()\u001b[33m.\u001b[39mrole)\u001b[33m.\u001b[39mtoBe(\u001b[32m'ADMIN'\u001b[39m)\u001b[33m;\u001b[39m\u001b[0m\u001b[22m\n\u001b[2m\u001b[22m\n\u001b[2m      \u001b[2mat setAuth (\u001b[22m\u001b[2m\u001b[0m\u001b[36msrc/__tests__/useAuthStore.test.ts\u001b[39m\u001b[0m\u001b[2m:46:33)\u001b[22m\u001b[2m\u001b[22m\n\u001b[2m      \u001b[2mat callback (\u001b[22m\u001b[2mnode_modules/@testing-library/react-native/src/act.ts\u001b[2m:31:24)\u001b[22m\u001b[2m\u001b[22m\n\u001b[2m      \u001b[2mat Object.<anonymous>.process.env.NODE_ENV.exports.act (\u001b[22m\u001b[2mnode_modules/react/cjs/react.development.js\u001b[2m:789:22)\u001b[22m\u001b[2m\u001b[22m\n\u001b[2m      \u001b[2mat actImplementation (\u001b[22m\u001b[2mnode_modules/@testing-library/react-native/src/act.ts\u001b[2m:30:25)\u001b[22m\u001b[2m\u001b[22m\n\u001b[2m      \u001b[2mat Object.<anonymous> (\u001b[22m\u001b[2m\u001b[0m\u001b[36msrc/__tests__/useAuthStore.test.ts\u001b[39m\u001b[0m\u001b[2m:45:10)\u001b[22m\u001b[2m\u001b[22m\n\n\u001b[1m\u001b[31m  \u001b[1m● \u001b[22m\u001b[1museAuthStore › setAuth() › should persist the provided token\u001b[39m\u001b[22m\n\n    TypeError: _useAuthStore.useAuthStore.getState(...).setAuth is not a function\n\u001b[2m\u001b[22m\n\u001b[2m    \u001b[0m \u001b[90m 54 |\u001b[39m\u001b[22m\n\u001b[2m     \u001b[90m 55 |\u001b[39m       act(() \u001b[33m=>\u001b[39m {\u001b[22m\n\u001b[2m    \u001b[31m\u001b[1m>\u001b[22m\u001b[2m\u001b[39m\u001b[90m 56 |\u001b[39m         useAuthStore\u001b[33m.\u001b[39mgetState()\u001b[33m.\u001b[39msetAuth(\u001b[32m'MEMBER'\u001b[39m\u001b[33m,\u001b[39m fakeToken)\u001b[33m;\u001b[39m\u001b[22m\n\u001b[2m     \u001b[90m    |\u001b[39m                                 \u001b[31m\u001b[1m^\u001b[22m\u001b[2m\u001b[39m\u001b[22m\n\u001b[2m     \u001b[90m 57 |\u001b[39m       })\u001b[33m;\u001b[39m\u001b[22m\n\u001b[2m     \u001b[90m 58 |\u001b[39m\u001b[22m\n\u001b[2m     \u001b[90m 59 |\u001b[39m       expect(useAuthStore\u001b[33m.\u001b[39mgetState()\u001b[33m.\u001b[39mtoken)\u001b[33m.\u001b[39mtoBe(fakeToken)\u001b[33m;\u001b[39m\u001b[0m\u001b[22m\n\u001b[2m\u001b[22m\n\u001b[2m      \u001b[2mat setAuth (\u001b[22m\u001b[2m\u001b[0m\u001b[36msrc/__tests__/useAuthStore.test.ts\u001b[39m\u001b[0m\u001b[2m:56:33)\u001b[22m\u001b[2m\u001b[22m\n\u001b[2m      \u001b[2mat callback (\u001b[22m\u001b[2mnode_modules/@testing-library/react-native/src/act.ts\u001b[2m:31:24)\u001b[22m\u001b[2m\u001b[22m\n\u001b[2m      \u001b[2mat Object.<anonymous>.process.env.NODE_ENV.exports.act (\u001b[22m\u001b[2mnode_modules/react/cjs/react.development.js\u001b[2m:789:22)\u001b[22m\u001b[2m\u001b[22m\n\u001b[2m      \u001b[2mat actImplementation (\u001b[22m\u001b[2mnode_modules/@testing-library/react-native/src/act.ts\u001b[2m:30:25)\u001b[22m\u001b[2m\u001b[22m\n\u001b[2m      \u001b[2mat Object.<anonymous> (\u001b[22m\u001b[2m\u001b[0m\u001b[36msrc/__tests__/useAuthStore.test.ts\u001b[39m\u001b[0m\u001b[2m:55:10)\u001b[22m\u001b[2m\u001b[22m\n\n\u001b[1m\u001b[31m  \u001b[1m● \u001b[22m\u001b[1museAuthStore › setAuth() › should be able to switch roles\u001b[39m\u001b[22m\n\n    TypeError: _useAuthStore.useAuthStore.getState(...).setAuth is not a function\n\u001b[2m\u001b[22m\n\u001b[2m    \u001b[0m \u001b[90m 62 |\u001b[39m     it(\u001b[32m'should be able to switch roles'\u001b[39m\u001b[33m,\u001b[39m () \u001b[33m=>\u001b[39m {\u001b[22m\n\u001b[2m     \u001b[90m 63 |\u001b[39m       act(() \u001b[33m=>\u001b[39m {\u001b[22m\n\u001b[2m    \u001b[31m\u001b[1m>\u001b[22m\u001b[2m\u001b[39m\u001b[90m 64 |\u001b[39m         useAuthStore\u001b[33m.\u001b[39mgetState()\u001b[33m.\u001b[39msetAuth(\u001b[32m'MEMBER'\u001b[39m\u001b[33m,\u001b[39m \u001b[32m'token-1'\u001b[39m)\u001b[33m;\u001b[39m\u001b[22m\n\u001b[2m     \u001b[90m    |\u001b[39m                                 \u001b[31m\u001b[1m^\u001b[22m\u001b[2m\u001b[39m\u001b[22m\n\u001b[2m     \u001b[90m 65 |\u001b[39m       })\u001b[33m;\u001b[39m\u001b[22m\n\u001b[2m     \u001b[90m 66 |\u001b[39m       expect(useAuthStore\u001b[33m.\u001b[39mgetState()\u001b[33m.\u001b[39mrole)\u001b[33m.\u001b[39mtoBe(\u001b[32m'MEMBER'\u001b[39m)\u001b[33m;\u001b[39m\u001b[22m\n\u001b[2m     \u001b[90m 67 |\u001b[39m\u001b[0m\u001b[22m\n\u001b[2m\u001b[22m\n\u001b[2m      \u001b[2mat setAuth (\u001b[22m\u001b[2m\u001b[0m\u001b[36msrc/__tests__/useAuthStore.test.ts\u001b[39m\u001b[0m\u001b[2m:64:33)\u001b[22m\u001b[2m\u001b[22m\n\u001b[2m      \u001b[2mat callback (\u001b[22m\u001b[2mnode_modules/@testing-library/react-native/src/act.ts\u001b[2m:31:24)\u001b[22m\u001b[2m\u001b[22m\n\u001b[2m      \u001b[2mat Object.<anonymous>.process.env.NODE_ENV.exports.act (\u001b[22m\u001b[2mnode_modules/react/cjs/react.development.js\u001b[2m:789:22)\u001b[22m\u001b[2m\u001b[22m\n\u001b[2m      \u001b[2mat actImplementation (\u001b[22m\u001b[2mnode_modules/@testing-library/react-native/src/act.ts\u001b[2m:30:25)\u001b[22m\u001b[2m\u001b[22m\n\u001b[2m      \u001b[2mat Object.<anonymous> (\u001b[22m\u001b[2m\u001b[0m\u001b[36msrc/__tests__/useAuthStore.test.ts\u001b[39m\u001b[0m\u001b[2m:63:10)\u001b[22m\u001b[2m\u001b[22m\n\n\u001b[1m\u001b[31m  \u001b[1m● \u001b[22m\u001b[1museAuthStore › logout() › should clear role after logout\u001b[39m\u001b[22m\n\n    TypeError: _useAuthStore.useAuthStore.getState(...).setAuth is not a function\n\u001b[2m\u001b[22m\n\u001b[2m    \u001b[0m \u001b[90m 76 |\u001b[39m     it(\u001b[32m'should clear role after logout'\u001b[39m\u001b[33m,\u001b[39m () \u001b[33m=>\u001b[39m {\u001b[22m\n\u001b[2m     \u001b[90m 77 |\u001b[39m       act(() \u001b[33m=>\u001b[39m {\u001b[22m\n\u001b[2m    \u001b[31m\u001b[1m>\u001b[22m\u001b[2m\u001b[39m\u001b[90m 78 |\u001b[39m         useAuthStore\u001b[33m.\u001b[39mgetState()\u001b[33m.\u001b[39msetAuth(\u001b[32m'MEMBER'\u001b[39m\u001b[33m,\u001b[39m faker\u001b[33m.\u001b[39mstring\u001b[33m.\u001b[39muuid())\u001b[33m;\u001b[39m\u001b[22m\n\u001b[2m     \u001b[90m    |\u001b[39m                                 \u001b[31m\u001b[1m^\u001b[22m\u001b[2m\u001b[39m\u001b[22m\n\u001b[2m     \u001b[90m 79 |\u001b[39m         useAuthStore\u001b[33m.\u001b[39mgetState()\u001b[33m.\u001b[39mlogout()\u001b[33m;\u001b[39m\u001b[22m\n\u001b[2m     \u001b[90m 80 |\u001b[39m       })\u001b[33m;\u001b[39m\u001b[22m\n\u001b[2m     \u001b[90m 81 |\u001b[39m\u001b[0m\u001b[22m\n\u001b[2m\u001b[22m\n\u001b[2m      \u001b[2mat setAuth (\u001b[22m\u001b[2m\u001b[0m\u001b[36msrc/__tests__/useAuthStore.test.ts\u001b[39m\u001b[0m\u001b[2m:78:33)\u001b[22m\u001b[2m\u001b[22m\n\u001b[2m      \u001b[2mat callback (\u001b[22m\u001b[2mnode_modules/@testing-library/react-native/src/act.ts\u001b[2m:31:24)\u001b[22m\u001b[2m\u001b[22m\n\u001b[2m      \u001b[2mat Object.<anonymous>.process.env.NODE_ENV.exports.act (\u001b[22m\u001b[2mnode_modules/react/cjs/react.development.js\u001b[2m:789:22)\u001b[22m\u001b[2m\u001b[22m\n\u001b[2m      \u001b[2mat actImplementation (\u001b[22m\u001b[2mnode_modules/@testing-library/react-native/src/act.ts\u001b[2m:30:25)\u001b[22m\u001b[2m\u001b[22m\n\u001b[2m      \u001b[2mat Object.<anonymous> (\u001b[22m\u001b[2m\u001b[0m\u001b[36msrc/__tests__/useAuthStore.test.ts\u001b[39m\u001b[0m\u001b[2m:77:10)\u001b[22m\u001b[2m\u001b[22m\n\n\u001b[1m\u001b[31m  \u001b[1m● \u001b[22m\u001b[1museAuthStore › logout() › should clear token after logout\u001b[39m\u001b[22m\n\n    TypeError: _useAuthStore.useAuthStore.getState(...).setAuth is not a function\n\u001b[2m\u001b[22m\n\u001b[2m    \u001b[0m \u001b[90m 85 |\u001b[39m     it(\u001b[32m'should clear token after logout'\u001b[39m\u001b[33m,\u001b[39m () \u001b[33m=>\u001b[39m {\u001b[22m\n\u001b[2m     \u001b[90m 86 |\u001b[39m       act(() \u001b[33m=>\u001b[39m {\u001b[22m\n\u001b[2m    \u001b[31m\u001b[1m>\u001b[22m\u001b[2m\u001b[39m\u001b[90m 87 |\u001b[39m         useAuthStore\u001b[33m.\u001b[39mgetState()\u001b[33m.\u001b[39msetAuth(\u001b[32m'ADMIN'\u001b[39m\u001b[33m,\u001b[39m faker\u001b[33m.\u001b[39mstring\u001b[33m.\u001b[39muuid())\u001b[33m;\u001b[39m\u001b[22m\n\u001b[2m     \u001b[90m    |\u001b[39m                                 \u001b[31m\u001b[1m^\u001b[22m\u001b[2m\u001b[39m\u001b[22m\n\u001b[2m     \u001b[90m 88 |\u001b[39m         useAuthStore\u001b[33m.\u001b[39mgetState()\u001b[33m.\u001b[39mlogout()\u001b[33m;\u001b[39m\u001b[22m\n\u001b[2m     \u001b[90m 89 |\u001b[39m       })\u001b[33m;\u001b[39m\u001b[22m\n\u001b[2m     \u001b[90m 90 |\u001b[39m\u001b[0m\u001b[22m\n\u001b[2m\u001b[22m\n\u001b[2m      \u001b[2mat setAuth (\u001b[22m\u001b[2m\u001b[0m\u001b[36msrc/__tests__/useAuthStore.test.ts\u001b[39m\u001b[0m\u001b[2m:87:33)\u001b[22m\u001b[2m\u001b[22m\n\u001b[2m      \u001b[2mat callback (\u001b[22m\u001b[2mnode_modules/@testing-library/react-native/src/act.ts\u001b[2m:31:24)\u001b[22m\u001b[2m\u001b[22m\n\u001b[2m      \u001b[2mat Object.<anonymous>.process.env.NODE_ENV.exports.act (\u001b[22m\u001b[2mnode_modules/react/cjs/react.development.js\u001b[2m:789:22)\u001b[22m\u001b[2m\u001b[22m\n\u001b[2m      \u001b[2mat actImplementation (\u001b[22m\u001b[2mnode_modules/@testing-library/react-native/src/act.ts\u001b[2m:30:25)\u001b[22m\u001b[2m\u001b[22m\n\u001b[2m      \u001b[2mat Object.<anonymous> (\u001b[22m\u001b[2m\u001b[0m\u001b[36msrc/__tests__/useAuthStore.test.ts\u001b[39m\u001b[0m\u001b[2m:86:10)\u001b[22m\u001b[2m\u001b[22m\n\n\u001b[1m\u001b[31m  \u001b[1m● \u001b[22m\u001b[1museAuthStore › isLoggedIn derived state › should be considered logged in when both role & token are set\u001b[39m\u001b[22m\n\n    TypeError: _useAuthStore.useAuthStore.getState(...).setAuth is not a function\n\u001b[2m\u001b[22m\n\u001b[2m    \u001b[0m \u001b[90m 113 |\u001b[39m     it(\u001b[32m'should be considered logged in when both role & token are set'\u001b[39m\u001b[33m,\u001b[39m () \u001b[33m=>\u001b[39m {\u001b[22m\n\u001b[2m     \u001b[90m 114 |\u001b[39m       act(() \u001b[33m=>\u001b[39m {\u001b[22m\n\u001b[2m    \u001b[31m\u001b[1m>\u001b[22m\u001b[2m\u001b[39m\u001b[90m 115 |\u001b[39m         useAuthStore\u001b[33m.\u001b[39mgetState()\u001b[33m.\u001b[39msetAuth(\u001b[32m'LIBRARIAN'\u001b[39m\u001b[33m,\u001b[39m faker\u001b[33m.\u001b[39mstring\u001b[33m.\u001b[39malphanumeric(\u001b[35m32\u001b[39m))\u001b[33m;\u001b[39m\u001b[22m\n\u001b[2m     \u001b[90m     |\u001b[39m                                 \u001b[31m\u001b[1m^\u001b[22m\u001b[2m\u001b[39m\u001b[22m\n\u001b[2m     \u001b[90m 116 |\u001b[39m       })\u001b[33m;\u001b[39m\u001b[22m\n\u001b[2m     \u001b[90m 117 |\u001b[39m       \u001b[36mconst\u001b[39m { role\u001b[33m,\u001b[39m token } \u001b[33m=\u001b[39m useAuthStore\u001b[33m.\u001b[39mgetState()\u001b[33m;\u001b[39m\u001b[22m\n\u001b[2m     \u001b[90m 118 |\u001b[39m       expect(\u001b[33m!\u001b[39m\u001b[33m!\u001b[39mrole \u001b[33m&&\u001b[39m \u001b[33m!\u001b[39m\u001b[33m!\u001b[39mtoken)\u001b[33m.\u001b[39mtoBe(\u001b[36mtrue\u001b[39m)\u001b[33m;\u001b[39m\u001b[0m\u001b[22m\n\u001b[2m\u001b[22m\n\u001b[2m      \u001b[2mat setAuth (\u001b[22m\u001b[2m\u001b[0m\u001b[36msrc/__tests__/useAuthStore.test.ts\u001b[39m\u001b[0m\u001b[2m:115:33)\u001b[22m\u001b[2m\u001b[22m\n\u001b[2m      \u001b[2mat callback (\u001b[22m\u001b[2mnode_modules/@testing-library/react-native/src/act.ts\u001b[2m:31:24)\u001b[22m\u001b[2m\u001b[22m\n\u001b[2m      \u001b[2mat Object.<anonymous>.process.env.NODE_ENV.exports.act (\u001b[22m\u001b[2mnode_modules/react/cjs/react.development.js\u001b[2m:789:22)\u001b[22m\u001b[2m\u001b[22m\n\u001b[2m      \u001b[2mat actImplementation (\u001b[22m\u001b[2mnode_modules/@testing-library/react-native/src/act.ts\u001b[2m:30:25)\u001b[22m\u001b[2m\u001b[22m\n\u001b[2m      \u001b[2mat Object.<anonymous> (\u001b[22m\u001b[2m\u001b[0m\u001b[36msrc/__tests__/useAuthStore.test.ts\u001b[39m\u001b[0m\u001b[2m:114:10)\u001b[22m\u001b[2m\u001b[22m\n","name":"C:\\Users\\tien2004\\.gemini\\antigravity\\scratch\\library-app\\src\\__tests__\\useAuthStore.test.ts","startTime":1776618625572,"status":"failed","summary":""},{"assertionResults":[{"ancestorTitles":["Fake data factories","createFakeUser()"],"duration":3,"failureDetails":[],"failureMessages":[],"fullName":"Fake data factories createFakeUser() should generate a user with valid UUID","invocations":1,"location":null,"numPassingAsserts":1,"retryReasons":[],"status":"passed","title":"should generate a user with valid UUID"},{"ancestorTitles":["Fake data factories","createFakeUser()"],"duration":1,"failureDetails":[],"failureMessages":[],"fullName":"Fake data factories createFakeUser() should generate a user with valid email","invocations":1,"location":null,"numPassingAsserts":1,"retryReasons":[],"status":"passed","title":"should generate a user with valid email"},{"ancestorTitles":["Fake data factories","createFakeUser()"],"duration":4,"failureDetails":[],"failureMessages":[],"fullName":"Fake data factories createFakeUser() should generate a user with one of the 3 valid roles","invocations":1,"location":null,"numPassingAsserts":1,"retryReasons":[],"status":"passed","title":"should generate a user with one of the 3 valid roles"},{"ancestorTitles":["Fake data factories","createFakeUser()"],"duration":1,"failureDetails":[],"failureMessages":[],"fullName":"Fake data factories createFakeUser() should accept overrides and apply them","invocations":1,"location":null,"numPassingAsserts":2,"retryReasons":[],"status":"passed","title":"should accept overrides and apply them"},{"ancestorTitles":["Fake data factories","createFakeBook()"],"duration":6,"failureDetails":[],"failureMessages":[],"fullName":"Fake data factories createFakeBook() should generate a book with available_quantity <= total_quantity","invocations":1,"location":null,"numPassingAsserts":20,"retryReasons":[],"status":"passed","title":"should generate a book with available_quantity <= total_quantity"},{"ancestorTitles":["Fake data factories","createFakeBook()"],"duration":1,"failureDetails":[],"failureMessages":[],"fullName":"Fake data factories createFakeBook() should generate a 13-digit ISBN","invocations":1,"location":null,"numPassingAsserts":1,"retryReasons":[],"status":"passed","title":"should generate a 13-digit ISBN"},{"ancestorTitles":["Fake data factories","createFakeBook()"],"duration":1,"failureDetails":[],"failureMessages":[],"fullName":"Fake data factories createFakeBook() should accept available_quantity=0 override (book unavailable)","invocations":1,"location":null,"numPassingAsserts":1,"retryReasons":[],"status":"passed","title":"should accept available_quantity=0 override (book unavailable)"},{"ancestorTitles":["Fake data factories","createFakeBorrowRecord()"],"duration":1,"failureDetails":[],"failureMessages":[],"fullName":"Fake data factories createFakeBorrowRecord() should generate a record with a valid status","invocations":1,"location":null,"numPassingAsserts":1,"retryReasons":[],"status":"passed","title":"should generate a record with a valid status"},{"ancestorTitles":["Fake data factories","createFakeBorrowRecord()"],"duration":1,"failureDetails":[],"failureMessages":[],"fullName":"Fake data factories createFakeBorrowRecord() should be able to create a PENDING borrow record","invocations":1,"location":null,"numPassingAsserts":2,"retryReasons":[],"status":"passed","title":"should be able to create a PENDING borrow record"},{"ancestorTitles":["Fake data factories","createFakeBorrowRecord()"],"duration":0,"failureDetails":[],"failureMessages":[],"fullName":"Fake data factories createFakeBorrowRecord() should be able to create a RETURNED borrow record with a return date","invocations":1,"location":null,"numPassingAsserts":2,"retryReasons":[],"status":"passed","title":"should be able to create a RETURNED borrow record with a return date"}],"endTime":1776618626233,"message":"","name":"C:\\Users\\tien2004\\.gemini\\antigravity\\scratch\\library-app\\src\\__tests__\\factories.test.ts","startTime":1776618625940,"status":"passed","summary":""},{"assertionResults":[{"ancestorTitles":["Supabase client"],"duration":1,"failureDetails":[],"failureMessages":[],"fullName":"Supabase client should export a supabase client object","invocations":1,"location":null,"numPassingAsserts":1,"retryReasons":[],"status":"passed","title":"should export a supabase client object"},{"ancestorTitles":["Supabase client"],"duration":0,"failureDetails":[],"failureMessages":[],"fullName":"Supabase client should have auth property","invocations":1,"location":null,"numPassingAsserts":1,"retryReasons":[],"status":"passed","title":"should have auth property"},{"ancestorTitles":["Supabase client"],"duration":0,"failureDetails":[],"failureMessages":[],"fullName":"Supabase client should have from method for table queries","invocations":1,"location":null,"numPassingAsserts":1,"retryReasons":[],"status":"passed","title":"should have from method for table queries"},{"ancestorTitles":["Supabase client"],"duration":0,"failureDetails":[],"failureMessages":[],"fullName":"Supabase client supabase.from() should return an object with select","invocations":1,"location":null,"numPassingAsserts":1,"retryReasons":[],"status":"passed","title":"supabase.from() should return an object with select"},{"ancestorTitles":["Supabase client"],"duration":0,"failureDetails":[],"failureMessages":[],"fullName":"Supabase client supabase.from().select() should resolve with data array","invocations":1,"location":null,"numPassingAsserts":1,"retryReasons":[],"status":"passed","title":"supabase.from().select() should resolve with data array"}],"endTime":1776618626395,"message":"","name":"C:\\Users\\tien2004\\.gemini\\antigravity\\scratch\\library-app\\src\\__tests__\\supabase.test.ts","startTime":1776618626243,"status":"passed","summary":""}],"wasInterrupted":false}
