{"numFailedTestSuites":0,"numFailedTests":0,"numPassedTestSuites":3,"numPassedTests":22,"numPendingTestSuites":0,"numPendingTests":0,"numRuntimeErrorTestSuites":0,"numTodoTests":0,"numTotalTestSuites":3,"numTotalTests":22,"openHandles":[],"snapshot":{"added":0,"didUpdate":false,"failure":false,"filesAdded":0,"filesRemoved":0,"filesRemovedList":[],"filesUnmatched":0,"filesUpdated":0,"matched":0,"total":0,"unchecked":0,"uncheckedKeysByFile":[],"unmatched":0,"updated":0},"startTime":1776621199744,"success":true,"testResults":[{"assertionResults":[{"ancestorTitles":["LoginScreen","rendering"],"duration":612,"failureDetails":[],"failureMessages":[],"fullName":"LoginScreen rendering should render the Vietnamese welcome title","invocations":1,"location":null,"numPassingAsserts":1,"retryReasons":[],"status":"passed","title":"should render the Vietnamese welcome title"},{"ancestorTitles":["LoginScreen","rendering"],"duration":14,"failureDetails":[],"failureMessages":[],"fullName":"LoginScreen rendering should render email input","invocations":1,"location":null,"numPassingAsserts":1,"retryReasons":[],"status":"passed","title":"should render email input"},{"ancestorTitles":["LoginScreen","rendering"],"duration":11,"failureDetails":[],"failureMessages":[],"fullName":"LoginScreen rendering should render password input","invocations":1,"location":null,"numPassingAsserts":1,"retryReasons":[],"status":"passed","title":"should render password input"},{"ancestorTitles":["LoginScreen","rendering"],"duration":13,"failureDetails":[],"failureMessages":[],"fullName":"LoginScreen rendering navigates to grouped signup route when signup CTA is pressed","invocations":1,"location":null,"numPassingAsserts":1,"retryReasons":[],"status":"passed","title":"navigates to grouped signup route when signup CTA is pressed"},{"ancestorTitles":["LoginScreen","input interaction"],"duration":23,"failureDetails":[],"failureMessages":[],"fullName":"LoginScreen input interaction should update email input when user types","invocations":1,"location":null,"numPassingAsserts":1,"retryReasons":[],"status":"passed","title":"should update email input when user types"},{"ancestorTitles":["LoginScreen","input interaction"],"duration":34,"failureDetails":[],"failureMessages":[],"fullName":"LoginScreen input interaction should accept multiple character email addresses","invocations":1,"location":null,"numPassingAsserts":1,"retryReasons":[],"status":"passed","title":"should accept multiple character email addresses"},{"ancestorTitles":["LoginScreen","login flow"],"duration":10,"failureDetails":[],"failureMessages":[],"fullName":"LoginScreen login flow shows validation alert when email/password is missing","invocations":1,"location":null,"numPassingAsserts":1,"retryReasons":[],"status":"passed","title":"shows validation alert when email/password is missing"},{"ancestorTitles":["LoginScreen","login flow"],"duration":122,"failureDetails":[],"failureMessages":[],"fullName":"LoginScreen login flow calls supabase signInWithPassword with user input","invocations":1,"location":null,"numPassingAsserts":1,"retryReasons":[],"status":"passed","title":"calls supabase signInWithPassword with user input"},{"ancestorTitles":["LoginScreen","login flow"],"duration":94,"failureDetails":[],"failureMessages":[],"fullName":"LoginScreen login flow stores session after successful login","invocations":1,"location":null,"numPassingAsserts":1,"retryReasons":[],"status":"passed","title":"stores session after successful login"},{"ancestorTitles":["LoginScreen","login flow"],"duration":110,"failureDetails":[],"failureMessages":[],"fullName":"LoginScreen login flow shows failure alert when login fails","invocations":1,"location":null,"numPassingAsserts":1,"retryReasons":[],"status":"passed","title":"shows failure alert when login fails"}],"endTime":1776621203757,"message":"","name":"C:\\Users\\tien2004\\.gemini\\antigravity\\scratch\\library-app\\src\\__tests__\\LoginScreen.test.tsx","startTime":1776621199859,"status":"passed","summary":""},{"assertionResults":[{"ancestorTitles":["SignupScreen"],"duration":73,"failureDetails":[],"failureMessages":[],"fullName":"SignupScreen shows validation alert when required fields are missing","invocations":1,"location":null,"numPassingAsserts":1,"retryReasons":[],"status":"passed","title":"shows validation alert when required fields are missing"},{"ancestorTitles":["SignupScreen"],"duration":52,"failureDetails":[],"failureMessages":[],"fullName":"SignupScreen calls supabase signUp with expected payload","invocations":1,"location":null,"numPassingAsserts":1,"retryReasons":[],"status":"passed","title":"calls supabase signUp with expected payload"},{"ancestorTitles":["SignupScreen"],"duration":82,"failureDetails":[],"failureMessages":[],"fullName":"SignupScreen navigates to grouped login route when signup succeeds and user confirms alert","invocations":1,"location":null,"numPassingAsserts":2,"retryReasons":[],"status":"passed","title":"navigates to grouped login route when signup succeeds and user confirms alert"},{"ancestorTitles":["SignupScreen"],"duration":104,"failureDetails":[],"failureMessages":[],"fullName":"SignupScreen shows failure alert when signup fails","invocations":1,"location":null,"numPassingAsserts":1,"retryReasons":[],"status":"passed","title":"shows failure alert when signup fails"},{"ancestorTitles":["SignupScreen"],"duration":15,"failureDetails":[],"failureMessages":[],"fullName":"SignupScreen navigates to grouped login route when login CTA is pressed","invocations":1,"location":null,"numPassingAsserts":1,"retryReasons":[],"status":"passed","title":"navigates to grouped login route when login CTA is pressed"}],"endTime":1776621204641,"message":"","name":"C:\\Users\\tien2004\\.gemini\\antigravity\\scratch\\library-app\\src\\__tests__\\SignupScreen.test.tsx","startTime":1776621203815,"status":"passed","summary":""},{"assertionResults":[{"ancestorTitles":["useAuthStore"],"duration":3,"failureDetails":[],"failureMessages":[],"fullName":"useAuthStore starts with empty auth state","invocations":1,"location":null,"numPassingAsserts":4,"retryReasons":[],"status":"passed","title":"starts with empty auth state"},{"ancestorTitles":["useAuthStore"],"duration":2,"failureDetails":[],"failureMessages":[],"fullName":"useAuthStore setSession(null) clears auth state and marks initialized","invocations":1,"location":null,"numPassingAsserts":4,"retryReasons":[],"status":"passed","title":"setSession(null) clears auth state and marks initialized"},{"ancestorTitles":["useAuthStore"],"duration":2,"failureDetails":[],"failureMessages":[],"fullName":"useAuthStore setSession(session) fetches and stores profile","invocations":1,"location":null,"numPassingAsserts":4,"retryReasons":[],"status":"passed","title":"setSession(session) fetches and stores profile"},{"ancestorTitles":["useAuthStore"],"duration":311,"failureDetails":[],"failureMessages":[],"fullName":"useAuthStore setSession(session) keeps deterministic state when profile row is missing","invocations":1,"location":null,"numPassingAsserts":4,"retryReasons":[],"status":"passed","title":"setSession(session) keeps deterministic state when profile row is missing"},{"ancestorTitles":["useAuthStore"],"duration":316,"failureDetails":[],"failureMessages":[],"fullName":"useAuthStore setSession(session) does not break when profile query returns hard error","invocations":1,"location":null,"numPassingAsserts":4,"retryReasons":[],"status":"passed","title":"setSession(session) does not break when profile query returns hard error"},{"ancestorTitles":["useAuthStore"],"duration":1,"failureDetails":[],"failureMessages":[],"fullName":"useAuthStore forceInitialize marks store initialized once","invocations":1,"location":null,"numPassingAsserts":2,"retryReasons":[],"status":"passed","title":"forceInitialize marks store initialized once"},{"ancestorTitles":["useAuthStore"],"duration":1,"failureDetails":[],"failureMessages":[],"fullName":"useAuthStore logout calls supabase signOut and clears auth state","invocations":1,"location":null,"numPassingAsserts":5,"retryReasons":[],"status":"passed","title":"logout calls supabase signOut and clears auth state"}],"endTime":1776621205677,"message":"","name":"C:\\Users\\tien2004\\.gemini\\antigravity\\scratch\\library-app\\src\\__tests__\\useAuthStore.test.ts","startTime":1776621204663,"status":"passed","summary":""}],"wasInterrupted":false}
