{"C:\\Users\\tien2004\\.gemini\\antigravity\\scratch\\library-app\\app\\+html.tsx": {"path":"C:\\Users\\tien2004\\.gemini\\antigravity\\scratch\\library-app\\app\\+html.tsx","statementMap":{"0":{"start":{"line":8,"column":2},"end":{"line":27,"column":4}},"1":{"start":{"line":30,"column":29},"end":{"line":38,"column":2}}},"fnMap":{"0":{"name":"Root","decl":{"start":{"line":7,"column":24},"end":{"line":7,"column":28}},"loc":{"start":{"line":7,"column":74},"end":{"line":28,"column":1}},"line":7}},"branchMap":{},"s":{"0":0,"1":0},"f":{"0":0},"b":{}}
,"C:\\Users\\tien2004\\.gemini\\antigravity\\scratch\\library-app\\app\\+not-found.tsx": {"path":"C:\\Users\\tien2004\\.gemini\\antigravity\\scratch\\library-app\\app\\+not-found.tsx","statementMap":{"0":{"start":{"line":5,"column":2},"end":{"line":15,"column":4}}},"fnMap":{"0":{"name":"NotFoundScreen","decl":{"start":{"line":4,"column":24},"end":{"line":4,"column":38}},"loc":{"start":{"line":4,"column":41},"end":{"line":16,"column":1}},"line":4}},"branchMap":{},"s":{"0":0},"f":{"0":0},"b":{}}
,"C:\\Users\\tien2004\\.gemini\\antigravity\\scratch\\library-app\\app\\_layout.tsx": {"path":"C:\\Users\\tien2004\\.gemini\\antigravity\\scratch\\library-app\\app\\_layout.tsx","statementMap":{"0":{"start":{"line":8,"column":20},"end":{"line":8,"column":37}},"1":{"start":{"line":11,"column":15},"end":{"line":11,"column":50}},"2":{"start":{"line":11,"column":39},"end":{"line":11,"column":49}},"3":{"start":{"line":12,"column":16},"end":{"line":12,"column":52}},"4":{"start":{"line":12,"column":40},"end":{"line":12,"column":51}},"5":{"start":{"line":13,"column":19},"end":{"line":13,"column":32}},"6":{"start":{"line":14,"column":17},"end":{"line":14,"column":28}},"7":{"start":{"line":15,"column":26},"end":{"line":15,"column":50}},"8":{"start":{"line":17,"column":2},"end":{"line":40,"column":52}},"9":{"start":{"line":18,"column":4},"end":{"line":18,"column":38}},"10":{"start":{"line":18,"column":31},"end":{"line":18,"column":38}},"11":{"start":{"line":20,"column":24},"end":{"line":20,"column":48}},"12":{"start":{"line":21,"column":23},"end":{"line":21,"column":40}},"13":{"start":{"line":23,"column":4},"end":{"line":39,"column":5}},"14":{"start":{"line":25,"column":6},"end":{"line":25,"column":38}},"15":{"start":{"line":26,"column":11},"end":{"line":39,"column":5}},"16":{"start":{"line":28,"column":28},"end":{"line":28,"column":54}},"17":{"start":{"line":29,"column":31},"end":{"line":29,"column":60}},"18":{"start":{"line":30,"column":27},"end":{"line":30,"column":52}},"19":{"start":{"line":32,"column":6},"end":{"line":38,"column":7}},"20":{"start":{"line":33,"column":8},"end":{"line":33,"column":36}},"21":{"start":{"line":34,"column":13},"end":{"line":38,"column":7}},"22":{"start":{"line":35,"column":8},"end":{"line":35,"column":39}},"23":{"start":{"line":36,"column":13},"end":{"line":38,"column":7}},"24":{"start":{"line":37,"column":8},"end":{"line":37,"column":35}},"25":{"start":{"line":42,"column":2},"end":{"line":48,"column":4}}},"fnMap":{"0":{"name":"RootLayout","decl":{"start":{"line":10,"column":24},"end":{"line":10,"column":34}},"loc":{"start":{"line":10,"column":37},"end":{"line":49,"column":1}},"line":10},"1":{"name":"(anonymous_1)","decl":{"start":{"line":11,"column":28},"end":{"line":11,"column":29}},"loc":{"start":{"line":11,"column":39},"end":{"line":11,"column":49}},"line":11},"2":{"name":"(anonymous_2)","decl":{"start":{"line":12,"column":29},"end":{"line":12,"column":30}},"loc":{"start":{"line":12,"column":40},"end":{"line":12,"column":51}},"line":12},"3":{"name":"(anonymous_3)","decl":{"start":{"line":17,"column":12},"end":{"line":17,"column":13}},"loc":{"start":{"line":17,"column":18},"end":{"line":40,"column":3}},"line":17}},"branchMap":{"0":{"loc":{"start":{"line":18,"column":4},"end":{"line":18,"column":38}},"type":"if","locations":[{"start":{"line":18,"column":4},"end":{"line":18,"column":38}},{"start":{},"end":{}}],"line":18},"1":{"loc":{"start":{"line":21,"column":23},"end":{"line":21,"column":40}},"type":"binary-expr","locations":[{"start":{"line":21,"column":23},"end":{"line":21,"column":30}},{"start":{"line":21,"column":34},"end":{"line":21,"column":40}}],"line":21},"2":{"loc":{"start":{"line":23,"column":4},"end":{"line":39,"column":5}},"type":"if","locations":[{"start":{"line":23,"column":4},"end":{"line":39,"column":5}},{"start":{"line":26,"column":11},"end":{"line":39,"column":5}}],"line":23},"3":{"loc":{"start":{"line":23,"column":8},"end":{"line":23,"column":35}},"type":"binary-expr","locations":[{"start":{"line":23,"column":8},"end":{"line":23,"column":19}},{"start":{"line":23,"column":23},"end":{"line":23,"column":35}}],"line":23},"4":{"loc":{"start":{"line":26,"column":11},"end":{"line":39,"column":5}},"type":"if","locations":[{"start":{"line":26,"column":11},"end":{"line":39,"column":5}},{"start":{},"end":{}}],"line":26},"5":{"loc":{"start":{"line":32,"column":6},"end":{"line":38,"column":7}},"type":"if","locations":[{"start":{"line":32,"column":6},"end":{"line":38,"column":7}},{"start":{"line":34,"column":13},"end":{"line":38,"column":7}}],"line":32},"6":{"loc":{"start":{"line":32,"column":10},"end":{"line":32,"column":45}},"type":"binary-expr","locations":[{"start":{"line":32,"column":10},"end":{"line":32,"column":27}},{"start":{"line":32,"column":31},"end":{"line":32,"column":45}}],"line":32},"7":{"loc":{"start":{"line":34,"column":13},"end":{"line":38,"column":7}},"type":"if","locations":[{"start":{"line":34,"column":13},"end":{"line":38,"column":7}},{"start":{"line":36,"column":13},"end":{"line":38,"column":7}}],"line":34},"8":{"loc":{"start":{"line":34,"column":17},"end":{"line":34,"column":58}},"type":"binary-expr","locations":[{"start":{"line":34,"column":17},"end":{"line":34,"column":37}},{"start":{"line":34,"column":41},"end":{"line":34,"column":58}}],"line":34},"9":{"loc":{"start":{"line":36,"column":13},"end":{"line":38,"column":7}},"type":"if","locations":[{"start":{"line":36,"column":13},"end":{"line":38,"column":7}},{"start":{},"end":{}}],"line":36},"10":{"loc":{"start":{"line":36,"column":17},"end":{"line":36,"column":50}},"type":"binary-expr","locations":[{"start":{"line":36,"column":17},"end":{"line":36,"column":33}},{"start":{"line":36,"column":37},"end":{"line":36,"column":50}}],"line":36}},"s":{"0":0,"1":0,"2":0,"3":0,"4":0,"5":0,"6":0,"7":0,"8":0,"9":0,"10":0,"11":0,"12":0,"13":0,"14":0,"15":0,"16":0,"17":0,"18":0,"19":0,"20":0,"21":0,"22":0,"23":0,"24":0,"25":0},"f":{"0":0,"1":0,"2":0,"3":0},"b":{"0":[0,0],"1":[0,0],"2":[0,0],"3":[0,0],"4":[0,0],"5":[0,0],"6":[0,0],"7":[0,0],"8":[0,0],"9":[0,0],"10":[0,0]}}
,"C:\\Users\\tien2004\\.gemini\\antigravity\\scratch\\library-app\\app\\index.tsx": {"path":"C:\\Users\\tien2004\\.gemini\\antigravity\\scratch\\library-app\\app\\index.tsx","statementMap":{"0":{"start":{"line":4,"column":2},"end":{"line":8,"column":4}}},"fnMap":{"0":{"name":"Index","decl":{"start":{"line":3,"column":24},"end":{"line":3,"column":29}},"loc":{"start":{"line":3,"column":32},"end":{"line":9,"column":1}},"line":3}},"branchMap":{},"s":{"0":0},"f":{"0":0},"b":{}}
,"C:\\Users\\tien2004\\.gemini\\antigravity\\scratch\\library-app\\app\\(admin)\\_layout.tsx": {"path":"C:\\Users\\tien2004\\.gemini\\antigravity\\scratch\\library-app\\app\\(admin)\\_layout.tsx","statementMap":{"0":{"start":{"line":7,"column":17},"end":{"line":7,"column":54}},"1":{"start":{"line":7,"column":41},"end":{"line":7,"column":53}},"2":{"start":{"line":9,"column":2},"end":{"line":16,"column":4}},"3":{"start":{"line":11,"column":25},"end":{"line":11,"column":65}},"4":{"start":{"line":13,"column":84},"end":{"line":13,"column":155}},"5":{"start":{"line":14,"column":86},"end":{"line":14,"column":147}}},"fnMap":{"0":{"name":"AdminLayout","decl":{"start":{"line":6,"column":24},"end":{"line":6,"column":35}},"loc":{"start":{"line":6,"column":38},"end":{"line":17,"column":1}},"line":6},"1":{"name":"(anonymous_1)","decl":{"start":{"line":7,"column":30},"end":{"line":7,"column":31}},"loc":{"start":{"line":7,"column":41},"end":{"line":7,"column":53}},"line":7},"2":{"name":"(anonymous_2)","decl":{"start":{"line":11,"column":19},"end":{"line":11,"column":20}},"loc":{"start":{"line":11,"column":25},"end":{"line":11,"column":65}},"line":11},"3":{"name":"(anonymous_3)","decl":{"start":{"line":13,"column":71},"end":{"line":13,"column":72}},"loc":{"start":{"line":13,"column":84},"end":{"line":13,"column":155}},"line":13},"4":{"name":"(anonymous_4)","decl":{"start":{"line":14,"column":73},"end":{"line":14,"column":74}},"loc":{"start":{"line":14,"column":86},"end":{"line":14,"column":147}},"line":14}},"branchMap":{},"s":{"0":0,"1":0,"2":0,"3":0,"4":0,"5":0},"f":{"0":0,"1":0,"2":0,"3":0,"4":0},"b":{}}
,"C:\\Users\\tien2004\\.gemini\\antigravity\\scratch\\library-app\\app\\(admin)\\config.tsx": {"path":"C:\\Users\\tien2004\\.gemini\\antigravity\\scratch\\library-app\\app\\(admin)\\config.tsx","statementMap":{"0":{"start":{"line":2,"column":33},"end":{"line":2,"column":126}}},"fnMap":{"0":{"name":"Page","decl":{"start":{"line":2,"column":24},"end":{"line":2,"column":28}},"loc":{"start":{"line":2,"column":31},"end":{"line":2,"column":128}},"line":2}},"branchMap":{},"s":{"0":0},"f":{"0":0},"b":{}}
,"C:\\Users\\tien2004\\.gemini\\antigravity\\scratch\\library-app\\app\\(admin)\\index.tsx": {"path":"C:\\Users\\tien2004\\.gemini\\antigravity\\scratch\\library-app\\app\\(admin)\\index.tsx","statementMap":{"0":{"start":{"line":10,"column":28},"end":{"line":10,"column":40}},"1":{"start":{"line":11,"column":26},"end":{"line":11,"column":44}},"2":{"start":{"line":13,"column":46},"end":{"line":20,"column":4}},"3":{"start":{"line":16,"column":30},"end":{"line":16,"column":70}},"4":{"start":{"line":17,"column":6},"end":{"line":17,"column":29}},"5":{"start":{"line":17,"column":17},"end":{"line":17,"column":29}},"6":{"start":{"line":18,"column":6},"end":{"line":18,"column":24}},"7":{"start":{"line":22,"column":26},"end":{"line":35,"column":4}},"8":{"start":{"line":24,"column":6},"end":{"line":24,"column":59}},"9":{"start":{"line":24,"column":18},"end":{"line":24,"column":59}},"10":{"start":{"line":26,"column":24},"end":{"line":26,"column":96}},"11":{"start":{"line":27,"column":6},"end":{"line":27,"column":29}},"12":{"start":{"line":27,"column":17},"end":{"line":27,"column":29}},"13":{"start":{"line":30,"column":6},"end":{"line":30,"column":58}},"14":{"start":{"line":31,"column":6},"end":{"line":31,"column":19}},"15":{"start":{"line":32,"column":6},"end":{"line":32,"column":16}},"16":{"start":{"line":34,"column":22},"end":{"line":34,"column":53}},"17":{"start":{"line":37,"column":21},"end":{"line":45,"column":3}},"18":{"start":{"line":38,"column":4},"end":{"line":44,"column":11}},"19":{"start":{"line":47,"column":2},"end":{"line":83,"column":4}},"20":{"start":{"line":64,"column":50},"end":{"line":64,"column":74}},"21":{"start":{"line":75,"column":34},"end":{"line":75,"column":41}}},"fnMap":{"0":{"name":"AdminUsers","decl":{"start":{"line":9,"column":24},"end":{"line":9,"column":34}},"loc":{"start":{"line":9,"column":37},"end":{"line":84,"column":1}},"line":9},"1":{"name":"(anonymous_1)","decl":{"start":{"line":15,"column":13},"end":{"line":15,"column":14}},"loc":{"start":{"line":15,"column":25},"end":{"line":19,"column":5}},"line":15},"2":{"name":"(anonymous_2)","decl":{"start":{"line":23,"column":16},"end":{"line":23,"column":17}},"loc":{"start":{"line":23,"column":28},"end":{"line":28,"column":5}},"line":23},"3":{"name":"(anonymous_3)","decl":{"start":{"line":29,"column":15},"end":{"line":29,"column":16}},"loc":{"start":{"line":29,"column":21},"end":{"line":33,"column":5}},"line":29},"4":{"name":"(anonymous_4)","decl":{"start":{"line":34,"column":13},"end":{"line":34,"column":14}},"loc":{"start":{"line":34,"column":22},"end":{"line":34,"column":53}},"line":34},"5":{"name":"(anonymous_5)","decl":{"start":{"line":37,"column":21},"end":{"line":37,"column":22}},"loc":{"start":{"line":38,"column":4},"end":{"line":44,"column":11}},"line":38},"6":{"name":"(anonymous_6)","decl":{"start":{"line":64,"column":44},"end":{"line":64,"column":45}},"loc":{"start":{"line":64,"column":50},"end":{"line":64,"column":74}},"line":64},"7":{"name":"(anonymous_7)","decl":{"start":{"line":75,"column":24},"end":{"line":75,"column":25}},"loc":{"start":{"line":75,"column":34},"end":{"line":75,"column":41}},"line":75}},"branchMap":{"0":{"loc":{"start":{"line":17,"column":6},"end":{"line":17,"column":29}},"type":"if","locations":[{"start":{"line":17,"column":6},"end":{"line":17,"column":29}},{"start":{},"end":{}}],"line":17},"1":{"loc":{"start":{"line":18,"column":13},"end":{"line":18,"column":23}},"type":"binary-expr","locations":[{"start":{"line":18,"column":13},"end":{"line":18,"column":17}},{"start":{"line":18,"column":21},"end":{"line":18,"column":23}}],"line":18},"2":{"loc":{"start":{"line":24,"column":6},"end":{"line":24,"column":59}},"type":"if","locations":[{"start":{"line":24,"column":6},"end":{"line":24,"column":59}},{"start":{},"end":{}}],"line":24},"3":{"loc":{"start":{"line":27,"column":6},"end":{"line":27,"column":29}},"type":"if","locations":[{"start":{"line":27,"column":6},"end":{"line":27,"column":29}},{"start":{},"end":{}}],"line":27},"4":{"loc":{"start":{"line":70,"column":7},"end":{"line":81,"column":7}},"type":"cond-expr","locations":[{"start":{"line":71,"column":8},"end":{"line":71,"column":59}},{"start":{"line":73,"column":8},"end":{"line":80,"column":10}}],"line":70}},"s":{"0":0,"1":0,"2":0,"3":0,"4":0,"5":0,"6":0,"7":0,"8":0,"9":0,"10":0,"11":0,"12":0,"13":0,"14":0,"15":0,"16":0,"17":0,"18":0,"19":0,"20":0,"21":0},"f":{"0":0,"1":0,"2":0,"3":0,"4":0,"5":0,"6":0,"7":0},"b":{"0":[0,0],"1":[0,0],"2":[0,0],"3":[0,0],"4":[0,0]}}
,"C:\\Users\\tien2004\\.gemini\\antigravity\\scratch\\library-app\\app\\(auth)\\login.tsx": {"path":"C:\\Users\\tien2004\\.gemini\\antigravity\\scratch\\library-app\\app\\(auth)\\login.tsx","statementMap":{"0":{"start":{"line":7,"column":18},"end":{"line":7,"column":56}},"1":{"start":{"line":7,"column":42},"end":{"line":7,"column":55}},"2":{"start":{"line":8,"column":28},"end":{"line":8,"column":40}},"3":{"start":{"line":10,"column":22},"end":{"line":12,"column":3}},"4":{"start":{"line":11,"column":4},"end":{"line":11,"column":36}},"5":{"start":{"line":14,"column":2},"end":{"line":41,"column":4}},"6":{"start":{"line":30,"column":48},"end":{"line":30,"column":69}},"7":{"start":{"line":33,"column":69},"end":{"line":33,"column":93}},"8":{"start":{"line":36,"column":66},"end":{"line":36,"column":86}}},"fnMap":{"0":{"name":"LoginScreen","decl":{"start":{"line":6,"column":24},"end":{"line":6,"column":35}},"loc":{"start":{"line":6,"column":38},"end":{"line":42,"column":1}},"line":6},"1":{"name":"(anonymous_1)","decl":{"start":{"line":7,"column":31},"end":{"line":7,"column":32}},"loc":{"start":{"line":7,"column":42},"end":{"line":7,"column":55}},"line":7},"2":{"name":"(anonymous_2)","decl":{"start":{"line":10,"column":22},"end":{"line":10,"column":23}},"loc":{"start":{"line":10,"column":42},"end":{"line":12,"column":3}},"line":10},"3":{"name":"(anonymous_3)","decl":{"start":{"line":30,"column":42},"end":{"line":30,"column":43}},"loc":{"start":{"line":30,"column":48},"end":{"line":30,"column":69}},"line":30},"4":{"name":"(anonymous_4)","decl":{"start":{"line":33,"column":63},"end":{"line":33,"column":64}},"loc":{"start":{"line":33,"column":69},"end":{"line":33,"column":93}},"line":33},"5":{"name":"(anonymous_5)","decl":{"start":{"line":36,"column":60},"end":{"line":36,"column":61}},"loc":{"start":{"line":36,"column":66},"end":{"line":36,"column":86}},"line":36}},"branchMap":{},"s":{"0":14,"1":19,"2":14,"3":14,"4":5,"5":14,"6":2,"7":1,"8":2},"f":{"0":14,"1":19,"2":5,"3":2,"4":1,"5":2},"b":{},"_coverageSchema":"1a1c01bbd47fc00a2c39e90264f33305004495a9","hash":"7d2418084eec24d6d9b16924d4727968b416738a"}
,"C:\\Users\\tien2004\\.gemini\\antigravity\\scratch\\library-app\\app\\(librarian)\\_layout.tsx": {"path":"C:\\Users\\tien2004\\.gemini\\antigravity\\scratch\\library-app\\app\\(librarian)\\_layout.tsx","statementMap":{"0":{"start":{"line":7,"column":17},"end":{"line":7,"column":54}},"1":{"start":{"line":7,"column":41},"end":{"line":7,"column":53}},"2":{"start":{"line":9,"column":2},"end":{"line":17,"column":4}},"3":{"start":{"line":11,"column":25},"end":{"line":11,"column":65}},"4":{"start":{"line":13,"column":88},"end":{"line":13,"column":160}},"5":{"start":{"line":14,"column":84},"end":{"line":14,"column":164}},"6":{"start":{"line":15,"column":88},"end":{"line":15,"column":156}}},"fnMap":{"0":{"name":"LibrarianLayout","decl":{"start":{"line":6,"column":24},"end":{"line":6,"column":39}},"loc":{"start":{"line":6,"column":42},"end":{"line":18,"column":1}},"line":6},"1":{"name":"(anonymous_1)","decl":{"start":{"line":7,"column":30},"end":{"line":7,"column":31}},"loc":{"start":{"line":7,"column":41},"end":{"line":7,"column":53}},"line":7},"2":{"name":"(anonymous_2)","decl":{"start":{"line":11,"column":19},"end":{"line":11,"column":20}},"loc":{"start":{"line":11,"column":25},"end":{"line":11,"column":65}},"line":11},"3":{"name":"(anonymous_3)","decl":{"start":{"line":13,"column":75},"end":{"line":13,"column":76}},"loc":{"start":{"line":13,"column":88},"end":{"line":13,"column":160}},"line":13},"4":{"name":"(anonymous_4)","decl":{"start":{"line":14,"column":71},"end":{"line":14,"column":72}},"loc":{"start":{"line":14,"column":84},"end":{"line":14,"column":164}},"line":14},"5":{"name":"(anonymous_5)","decl":{"start":{"line":15,"column":75},"end":{"line":15,"column":76}},"loc":{"start":{"line":15,"column":88},"end":{"line":15,"column":156}},"line":15}},"branchMap":{},"s":{"0":0,"1":0,"2":0,"3":0,"4":0,"5":0,"6":0},"f":{"0":0,"1":0,"2":0,"3":0,"4":0,"5":0},"b":{}}
,"C:\\Users\\tien2004\\.gemini\\antigravity\\scratch\\library-app\\app\\(librarian)\\books.tsx": {"path":"C:\\Users\\tien2004\\.gemini\\antigravity\\scratch\\library-app\\app\\(librarian)\\books.tsx","statementMap":{"0":{"start":{"line":17,"column":42},"end":{"line":17,"column":64}},"1":{"start":{"line":18,"column":38},"end":{"line":18,"column":53}},"2":{"start":{"line":19,"column":76},"end":{"line":19,"column":99}},"3":{"start":{"line":21,"column":26},"end":{"line":37,"column":4}},"4":{"start":{"line":23,"column":24},"end":{"line":29,"column":9}},"5":{"start":{"line":30,"column":6},"end":{"line":30,"column":29}},"6":{"start":{"line":30,"column":17},"end":{"line":30,"column":29}},"7":{"start":{"line":33,"column":6},"end":{"line":33,"column":60}},"8":{"start":{"line":34,"column":6},"end":{"line":34,"column":14}},"9":{"start":{"line":36,"column":22},"end":{"line":36,"column":53}},"10":{"start":{"line":39,"column":19},"end":{"line":41,"column":3}},"11":{"start":{"line":40,"column":4},"end":{"line":40,"column":33}},"12":{"start":{"line":43,"column":31},"end":{"line":47,"column":3}},"13":{"start":{"line":44,"column":4},"end":{"line":44,"column":25}},"14":{"start":{"line":45,"column":4},"end":{"line":45,"column":27}},"15":{"start":{"line":46,"column":4},"end":{"line":46,"column":55}},"16":{"start":{"line":49,"column":2},"end":{"line":56,"column":3}},"17":{"start":{"line":50,"column":4},"end":{"line":55,"column":6}},"18":{"start":{"line":58,"column":2},"end":{"line":71,"column":3}},"19":{"start":{"line":59,"column":4},"end":{"line":70,"column":6}},"20":{"start":{"line":67,"column":50},"end":{"line":67,"column":70}},"21":{"start":{"line":73,"column":2},"end":{"line":119,"column":4}},"22":{"start":{"line":82,"column":10},"end":{"line":82,"column":134}},"23":{"start":{"line":91,"column":10},"end":{"line":91,"column":134}},"24":{"start":{"line":99,"column":10},"end":{"line":102,"column":17}},"25":{"start":{"line":101,"column":65},"end":{"line":101,"column":84}},"26":{"start":{"line":111,"column":10},"end":{"line":111,"column":166}}},"fnMap":{"0":{"name":"LibrarianBooks","decl":{"start":{"line":16,"column":24},"end":{"line":16,"column":38}},"loc":{"start":{"line":16,"column":41},"end":{"line":120,"column":1}},"line":16},"1":{"name":"(anonymous_1)","decl":{"start":{"line":22,"column":16},"end":{"line":22,"column":17}},"loc":{"start":{"line":22,"column":46},"end":{"line":31,"column":5}},"line":22},"2":{"name":"(anonymous_2)","decl":{"start":{"line":32,"column":15},"end":{"line":32,"column":16}},"loc":{"start":{"line":32,"column":21},"end":{"line":35,"column":5}},"line":32},"3":{"name":"(anonymous_3)","decl":{"start":{"line":36,"column":13},"end":{"line":36,"column":14}},"loc":{"start":{"line":36,"column":22},"end":{"line":36,"column":53}},"line":36},"4":{"name":"(anonymous_4)","decl":{"start":{"line":39,"column":19},"end":{"line":39,"column":20}},"loc":{"start":{"line":39,"column":43},"end":{"line":41,"column":3}},"line":39},"5":{"name":"(anonymous_5)","decl":{"start":{"line":43,"column":31},"end":{"line":43,"column":32}},"loc":{"start":{"line":43,"column":63},"end":{"line":47,"column":3}},"line":43},"6":{"name":"(anonymous_6)","decl":{"start":{"line":67,"column":44},"end":{"line":67,"column":45}},"loc":{"start":{"line":67,"column":50},"end":{"line":67,"column":70}},"line":67},"7":{"name":"(anonymous_7)","decl":{"start":{"line":81,"column":16},"end":{"line":81,"column":17}},"loc":{"start":{"line":82,"column":10},"end":{"line":82,"column":134}},"line":82},"8":{"name":"(anonymous_8)","decl":{"start":{"line":90,"column":16},"end":{"line":90,"column":17}},"loc":{"start":{"line":91,"column":10},"end":{"line":91,"column":134}},"line":91},"9":{"name":"(anonymous_9)","decl":{"start":{"line":98,"column":16},"end":{"line":98,"column":17}},"loc":{"start":{"line":99,"column":10},"end":{"line":102,"column":17}},"line":99},"10":{"name":"(anonymous_10)","decl":{"start":{"line":101,"column":59},"end":{"line":101,"column":60}},"loc":{"start":{"line":101,"column":65},"end":{"line":101,"column":84}},"line":101},"11":{"name":"(anonymous_11)","decl":{"start":{"line":110,"column":16},"end":{"line":110,"column":17}},"loc":{"start":{"line":111,"column":10},"end":{"line":111,"column":166}},"line":111}},"branchMap":{"0":{"loc":{"start":{"line":30,"column":6},"end":{"line":30,"column":29}},"type":"if","locations":[{"start":{"line":30,"column":6},"end":{"line":30,"column":29}},{"start":{},"end":{}}],"line":30},"1":{"loc":{"start":{"line":49,"column":2},"end":{"line":56,"column":3}},"type":"if","locations":[{"start":{"line":49,"column":2},"end":{"line":56,"column":3}},{"start":{},"end":{}}],"line":49},"2":{"loc":{"start":{"line":58,"column":2},"end":{"line":71,"column":3}},"type":"if","locations":[{"start":{"line":58,"column":2},"end":{"line":71,"column":3}},{"start":{},"end":{}}],"line":58}},"s":{"0":0,"1":0,"2":0,"3":0,"4":0,"5":0,"6":0,"7":0,"8":0,"9":0,"10":0,"11":0,"12":0,"13":0,"14":0,"15":0,"16":0,"17":0,"18":0,"19":0,"20":0,"21":0,"22":0,"23":0,"24":0,"25":0,"26":0},"f":{"0":0,"1":0,"2":0,"3":0,"4":0,"5":0,"6":0,"7":0,"8":0,"9":0,"10":0,"11":0},"b":{"0":[0,0],"1":[0,0],"2":[0,0]}}
,"C:\\Users\\tien2004\\.gemini\\antigravity\\scratch\\library-app\\app\\(librarian)\\index.tsx": {"path":"C:\\Users\\tien2004\\.gemini\\antigravity\\scratch\\library-app\\app\\(librarian)\\index.tsx","statementMap":{"0":{"start":{"line":10,"column":48},"end":{"line":20,"column":4}},"1":{"start":{"line":13,"column":30},"end":{"line":16,"column":32}},"2":{"start":{"line":17,"column":6},"end":{"line":17,"column":29}},"3":{"start":{"line":17,"column":17},"end":{"line":17,"column":29}},"4":{"start":{"line":18,"column":6},"end":{"line":18,"column":24}},"5":{"start":{"line":22,"column":26},"end":{"line":34,"column":4}},"6":{"start":{"line":24,"column":24},"end":{"line":27,"column":27}},"7":{"start":{"line":28,"column":6},"end":{"line":28,"column":29}},"8":{"start":{"line":28,"column":17},"end":{"line":28,"column":29}},"9":{"start":{"line":31,"column":6},"end":{"line":31,"column":55}},"10":{"start":{"line":32,"column":6},"end":{"line":32,"column":16}},"11":{"start":{"line":36,"column":23},"end":{"line":48,"column":3}},"12":{"start":{"line":37,"column":4},"end":{"line":47,"column":11}},"13":{"start":{"line":43,"column":48},"end":{"line":43,"column":79}},"14":{"start":{"line":50,"column":2},"end":{"line":66,"column":4}},"15":{"start":{"line":58,"column":34},"end":{"line":58,"column":41}}},"fnMap":{"0":{"name":"LibrarianDashboard","decl":{"start":{"line":9,"column":24},"end":{"line":9,"column":42}},"loc":{"start":{"line":9,"column":45},"end":{"line":67,"column":1}},"line":9},"1":{"name":"(anonymous_1)","decl":{"start":{"line":12,"column":13},"end":{"line":12,"column":14}},"loc":{"start":{"line":12,"column":25},"end":{"line":19,"column":5}},"line":12},"2":{"name":"(anonymous_2)","decl":{"start":{"line":23,"column":16},"end":{"line":23,"column":17}},"loc":{"start":{"line":23,"column":44},"end":{"line":29,"column":5}},"line":23},"3":{"name":"(anonymous_3)","decl":{"start":{"line":30,"column":15},"end":{"line":30,"column":16}},"loc":{"start":{"line":30,"column":21},"end":{"line":33,"column":5}},"line":30},"4":{"name":"(anonymous_4)","decl":{"start":{"line":36,"column":23},"end":{"line":36,"column":24}},"loc":{"start":{"line":37,"column":4},"end":{"line":47,"column":11}},"line":37},"5":{"name":"(anonymous_5)","decl":{"start":{"line":43,"column":42},"end":{"line":43,"column":43}},"loc":{"start":{"line":43,"column":48},"end":{"line":43,"column":79}},"line":43},"6":{"name":"(anonymous_6)","decl":{"start":{"line":58,"column":24},"end":{"line":58,"column":25}},"loc":{"start":{"line":58,"column":34},"end":{"line":58,"column":41}},"line":58}},"branchMap":{"0":{"loc":{"start":{"line":17,"column":6},"end":{"line":17,"column":29}},"type":"if","locations":[{"start":{"line":17,"column":6},"end":{"line":17,"column":29}},{"start":{},"end":{}}],"line":17},"1":{"loc":{"start":{"line":18,"column":13},"end":{"line":18,"column":23}},"type":"binary-expr","locations":[{"start":{"line":18,"column":13},"end":{"line":18,"column":17}},{"start":{"line":18,"column":21},"end":{"line":18,"column":23}}],"line":18},"2":{"loc":{"start":{"line":28,"column":6},"end":{"line":28,"column":29}},"type":"if","locations":[{"start":{"line":28,"column":6},"end":{"line":28,"column":29}},{"start":{},"end":{}}],"line":28},"3":{"loc":{"start":{"line":39,"column":43},"end":{"line":39,"column":73}},"type":"binary-expr","locations":[{"start":{"line":39,"column":43},"end":{"line":39,"column":60}},{"start":{"line":39,"column":64},"end":{"line":39,"column":73}}],"line":39},"4":{"loc":{"start":{"line":53,"column":7},"end":{"line":64,"column":7}},"type":"cond-expr","locations":[{"start":{"line":54,"column":8},"end":{"line":54,"column":59}},{"start":{"line":56,"column":8},"end":{"line":63,"column":10}}],"line":53}},"s":{"0":0,"1":0,"2":0,"3":0,"4":0,"5":0,"6":0,"7":0,"8":0,"9":0,"10":0,"11":0,"12":0,"13":0,"14":0,"15":0},"f":{"0":0,"1":0,"2":0,"3":0,"4":0,"5":0,"6":0},"b":{"0":[0,0],"1":[0,0],"2":[0,0],"3":[0,0],"4":[0,0]}}
,"C:\\Users\\tien2004\\.gemini\\antigravity\\scratch\\library-app\\app\\(librarian)\\reports.tsx": {"path":"C:\\Users\\tien2004\\.gemini\\antigravity\\scratch\\library-app\\app\\(librarian)\\reports.tsx","statementMap":{"0":{"start":{"line":2,"column":33},"end":{"line":2,"column":131}}},"fnMap":{"0":{"name":"Page","decl":{"start":{"line":2,"column":24},"end":{"line":2,"column":28}},"loc":{"start":{"line":2,"column":31},"end":{"line":2,"column":133}},"line":2}},"branchMap":{},"s":{"0":0},"f":{"0":0},"b":{}}
,"C:\\Users\\tien2004\\.gemini\\antigravity\\scratch\\library-app\\app\\(member)\\_layout.tsx": {"path":"C:\\Users\\tien2004\\.gemini\\antigravity\\scratch\\library-app\\app\\(member)\\_layout.tsx","statementMap":{"0":{"start":{"line":7,"column":17},"end":{"line":7,"column":54}},"1":{"start":{"line":7,"column":41},"end":{"line":7,"column":53}},"2":{"start":{"line":9,"column":2},"end":{"line":17,"column":4}},"3":{"start":{"line":11,"column":25},"end":{"line":11,"column":65}},"4":{"start":{"line":13,"column":83},"end":{"line":13,"column":145}},"5":{"start":{"line":14,"column":86},"end":{"line":14,"column":151}},"6":{"start":{"line":15,"column":88},"end":{"line":15,"column":153}}},"fnMap":{"0":{"name":"MemberLayout","decl":{"start":{"line":6,"column":24},"end":{"line":6,"column":36}},"loc":{"start":{"line":6,"column":39},"end":{"line":18,"column":1}},"line":6},"1":{"name":"(anonymous_1)","decl":{"start":{"line":7,"column":30},"end":{"line":7,"column":31}},"loc":{"start":{"line":7,"column":41},"end":{"line":7,"column":53}},"line":7},"2":{"name":"(anonymous_2)","decl":{"start":{"line":11,"column":19},"end":{"line":11,"column":20}},"loc":{"start":{"line":11,"column":25},"end":{"line":11,"column":65}},"line":11},"3":{"name":"(anonymous_3)","decl":{"start":{"line":13,"column":70},"end":{"line":13,"column":71}},"loc":{"start":{"line":13,"column":83},"end":{"line":13,"column":145}},"line":13},"4":{"name":"(anonymous_4)","decl":{"start":{"line":14,"column":73},"end":{"line":14,"column":74}},"loc":{"start":{"line":14,"column":86},"end":{"line":14,"column":151}},"line":14},"5":{"name":"(anonymous_5)","decl":{"start":{"line":15,"column":75},"end":{"line":15,"column":76}},"loc":{"start":{"line":15,"column":88},"end":{"line":15,"column":153}},"line":15}},"branchMap":{},"s":{"0":0,"1":0,"2":0,"3":0,"4":0,"5":0,"6":0},"f":{"0":0,"1":0,"2":0,"3":0,"4":0,"5":0},"b":{}}
,"C:\\Users\\tien2004\\.gemini\\antigravity\\scratch\\library-app\\app\\(member)\\history.tsx": {"path":"C:\\Users\\tien2004\\.gemini\\antigravity\\scratch\\library-app\\app\\(member)\\history.tsx","statementMap":{"0":{"start":{"line":2,"column":33},"end":{"line":2,"column":128}}},"fnMap":{"0":{"name":"Page","decl":{"start":{"line":2,"column":24},"end":{"line":2,"column":28}},"loc":{"start":{"line":2,"column":31},"end":{"line":2,"column":130}},"line":2}},"branchMap":{},"s":{"0":0},"f":{"0":0},"b":{}}
,"C:\\Users\\tien2004\\.gemini\\antigravity\\scratch\\library-app\\app\\(member)\\index.tsx": {"path":"C:\\Users\\tien2004\\.gemini\\antigravity\\scratch\\library-app\\app\\(member)\\index.tsx","statementMap":{"0":{"start":{"line":11,"column":15},"end":{"line":11,"column":50}},"1":{"start":{"line":11,"column":39},"end":{"line":11,"column":49}},"2":{"start":{"line":13,"column":46},"end":{"line":20,"column":4}},"3":{"start":{"line":16,"column":30},"end":{"line":16,"column":70}},"4":{"start":{"line":17,"column":6},"end":{"line":17,"column":29}},"5":{"start":{"line":17,"column":17},"end":{"line":17,"column":29}},"6":{"start":{"line":18,"column":6},"end":{"line":18,"column":24}},"7":{"start":{"line":22,"column":25},"end":{"line":37,"column":4}},"8":{"start":{"line":25,"column":30},"end":{"line":27,"column":57}},"9":{"start":{"line":28,"column":6},"end":{"line":28,"column":29}},"10":{"start":{"line":28,"column":17},"end":{"line":28,"column":29}},"11":{"start":{"line":29,"column":6},"end":{"line":29,"column":18}},"12":{"start":{"line":32,"column":6},"end":{"line":32,"column":64}},"13":{"start":{"line":35,"column":6},"end":{"line":35,"column":38}},"14":{"start":{"line":39,"column":21},"end":{"line":55,"column":3}},"15":{"start":{"line":40,"column":4},"end":{"line":54,"column":11}},"16":{"start":{"line":49,"column":25},"end":{"line":49,"column":55}},"17":{"start":{"line":57,"column":2},"end":{"line":73,"column":4}},"18":{"start":{"line":65,"column":34},"end":{"line":65,"column":41}}},"fnMap":{"0":{"name":"MemberHome","decl":{"start":{"line":10,"column":24},"end":{"line":10,"column":34}},"loc":{"start":{"line":10,"column":37},"end":{"line":74,"column":1}},"line":10},"1":{"name":"(anonymous_1)","decl":{"start":{"line":11,"column":28},"end":{"line":11,"column":29}},"loc":{"start":{"line":11,"column":39},"end":{"line":11,"column":49}},"line":11},"2":{"name":"(anonymous_2)","decl":{"start":{"line":15,"column":13},"end":{"line":15,"column":14}},"loc":{"start":{"line":15,"column":25},"end":{"line":19,"column":5}},"line":15},"3":{"name":"(anonymous_3)","decl":{"start":{"line":23,"column":16},"end":{"line":23,"column":17}},"loc":{"start":{"line":23,"column":42},"end":{"line":30,"column":5}},"line":23},"4":{"name":"(anonymous_4)","decl":{"start":{"line":31,"column":15},"end":{"line":31,"column":16}},"loc":{"start":{"line":31,"column":21},"end":{"line":33,"column":5}},"line":31},"5":{"name":"(anonymous_5)","decl":{"start":{"line":34,"column":13},"end":{"line":34,"column":14}},"loc":{"start":{"line":34,"column":22},"end":{"line":36,"column":5}},"line":34},"6":{"name":"(anonymous_6)","decl":{"start":{"line":39,"column":21},"end":{"line":39,"column":22}},"loc":{"start":{"line":40,"column":4},"end":{"line":54,"column":11}},"line":40},"7":{"name":"(anonymous_7)","decl":{"start":{"line":49,"column":19},"end":{"line":49,"column":20}},"loc":{"start":{"line":49,"column":25},"end":{"line":49,"column":55}},"line":49},"8":{"name":"(anonymous_8)","decl":{"start":{"line":65,"column":24},"end":{"line":65,"column":25}},"loc":{"start":{"line":65,"column":34},"end":{"line":65,"column":41}},"line":65}},"branchMap":{"0":{"loc":{"start":{"line":17,"column":6},"end":{"line":17,"column":29}},"type":"if","locations":[{"start":{"line":17,"column":6},"end":{"line":17,"column":29}},{"start":{},"end":{}}],"line":17},"1":{"loc":{"start":{"line":18,"column":13},"end":{"line":18,"column":23}},"type":"binary-expr","locations":[{"start":{"line":18,"column":13},"end":{"line":18,"column":17}},{"start":{"line":18,"column":21},"end":{"line":18,"column":23}}],"line":18},"2":{"loc":{"start":{"line":28,"column":6},"end":{"line":28,"column":29}},"type":"if","locations":[{"start":{"line":28,"column":6},"end":{"line":28,"column":29}},{"start":{},"end":{}}],"line":28},"3":{"loc":{"start":{"line":48,"column":20},"end":{"line":48,"column":76}},"type":"binary-expr","locations":[{"start":{"line":48,"column":20},"end":{"line":48,"column":48}},{"start":{"line":48,"column":52},"end":{"line":48,"column":76}}],"line":48},"4":{"loc":{"start":{"line":60,"column":7},"end":{"line":71,"column":7}},"type":"cond-expr","locations":[{"start":{"line":61,"column":8},"end":{"line":61,"column":60}},{"start":{"line":63,"column":8},"end":{"line":70,"column":10}}],"line":60}},"s":{"0":12,"1":12,"2":12,"3":7,"4":6,"5":1,"6":5,"7":12,"8":0,"9":0,"10":0,"11":0,"12":0,"13":0,"14":12,"15":5,"16":0,"17":12,"18":9},"f":{"0":12,"1":12,"2":7,"3":0,"4":0,"5":0,"6":5,"7":0,"8":9},"b":{"0":[1,5],"1":[5,0],"2":[0,0],"3":[5,5],"4":[7,5]},"_coverageSchema":"1a1c01bbd47fc00a2c39e90264f33305004495a9","hash":"bc5e98b4798fb9a99f22867a5050f994272a331a"}
,"C:\\Users\\tien2004\\.gemini\\antigravity\\scratch\\library-app\\app\\(member)\\search.tsx": {"path":"C:\\Users\\tien2004\\.gemini\\antigravity\\scratch\\library-app\\app\\(member)\\search.tsx","statementMap":{"0":{"start":{"line":2,"column":33},"end":{"line":2,"column":127}}},"fnMap":{"0":{"name":"Page","decl":{"start":{"line":2,"column":24},"end":{"line":2,"column":28}},"loc":{"start":{"line":2,"column":31},"end":{"line":2,"column":129}},"line":2}},"branchMap":{},"s":{"0":0},"f":{"0":0},"b":{}}
,"C:\\Users\\tien2004\\.gemini\\antigravity\\scratch\\library-app\\src\\api\\supabase.ts": {"path":"C:\\Users\\tien2004\\.gemini\\antigravity\\scratch\\library-app\\src\\api\\supabase.ts","statementMap":{"0":{"start":{"line":6,"column":20},"end":{"line":6,"column":102}},"1":{"start":{"line":7,"column":24},"end":{"line":7,"column":98}},"2":{"start":{"line":9,"column":22},"end":{"line":22,"column":1}},"3":{"start":{"line":11,"column":4},"end":{"line":11,"column":76}},"4":{"start":{"line":11,"column":64},"end":{"line":11,"column":76}},"5":{"start":{"line":12,"column":4},"end":{"line":12,"column":43}},"6":{"start":{"line":15,"column":4},"end":{"line":15,"column":71}},"7":{"start":{"line":15,"column":64},"end":{"line":15,"column":71}},"8":{"start":{"line":16,"column":4},"end":{"line":16,"column":43}},"9":{"start":{"line":19,"column":4},"end":{"line":19,"column":71}},"10":{"start":{"line":19,"column":64},"end":{"line":19,"column":71}},"11":{"start":{"line":20,"column":4},"end":{"line":20,"column":39}},"12":{"start":{"line":24,"column":24},"end":{"line":31,"column":2}}},"fnMap":{"0":{"name":"(anonymous_0)","decl":{"start":{"line":10,"column":11},"end":{"line":10,"column":12}},"loc":{"start":{"line":10,"column":34},"end":{"line":13,"column":3}},"line":10},"1":{"name":"(anonymous_1)","decl":{"start":{"line":14,"column":11},"end":{"line":14,"column":12}},"loc":{"start":{"line":14,"column":49},"end":{"line":17,"column":3}},"line":14},"2":{"name":"(anonymous_2)","decl":{"start":{"line":18,"column":14},"end":{"line":18,"column":15}},"loc":{"start":{"line":18,"column":37},"end":{"line":21,"column":3}},"line":18}},"branchMap":{"0":{"loc":{"start":{"line":6,"column":20},"end":{"line":6,"column":102}},"type":"binary-expr","locations":[{"start":{"line":6,"column":20},"end":{"line":6,"column":56}},{"start":{"line":6,"column":60},"end":{"line":6,"column":102}}],"line":6},"1":{"loc":{"start":{"line":7,"column":24},"end":{"line":7,"column":98}},"type":"binary-expr","locations":[{"start":{"line":7,"column":24},"end":{"line":7,"column":65}},{"start":{"line":7,"column":69},"end":{"line":7,"column":98}}],"line":7},"2":{"loc":{"start":{"line":11,"column":4},"end":{"line":11,"column":76}},"type":"if","locations":[{"start":{"line":11,"column":4},"end":{"line":11,"column":76}},{"start":{},"end":{}}],"line":11},"3":{"loc":{"start":{"line":11,"column":8},"end":{"line":11,"column":62}},"type":"binary-expr","locations":[{"start":{"line":11,"column":8},"end":{"line":11,"column":29}},{"start":{"line":11,"column":33},"end":{"line":11,"column":62}}],"line":11},"4":{"loc":{"start":{"line":15,"column":4},"end":{"line":15,"column":71}},"type":"if","locations":[{"start":{"line":15,"column":4},"end":{"line":15,"column":71}},{"start":{},"end":{}}],"line":15},"5":{"loc":{"start":{"line":15,"column":8},"end":{"line":15,"column":62}},"type":"binary-expr","locations":[{"start":{"line":15,"column":8},"end":{"line":15,"column":29}},{"start":{"line":15,"column":33},"end":{"line":15,"column":62}}],"line":15},"6":{"loc":{"start":{"line":19,"column":4},"end":{"line":19,"column":71}},"type":"if","locations":[{"start":{"line":19,"column":4},"end":{"line":19,"column":71}},{"start":{},"end":{}}],"line":19},"7":{"loc":{"start":{"line":19,"column":8},"end":{"line":19,"column":62}},"type":"binary-expr","locations":[{"start":{"line":19,"column":8},"end":{"line":19,"column":29}},{"start":{"line":19,"column":33},"end":{"line":19,"column":62}}],"line":19}},"s":{"0":0,"1":0,"2":0,"3":0,"4":0,"5":0,"6":0,"7":0,"8":0,"9":0,"10":0,"11":0,"12":0},"f":{"0":0,"1":0,"2":0},"b":{"0":[0,0],"1":[0,0],"2":[0,0],"3":[0,0],"4":[0,0],"5":[0,0],"6":[0,0],"7":[0,0]}}
,"C:\\Users\\tien2004\\.gemini\\antigravity\\scratch\\library-app\\src\\store\\useAuthStore.ts": {"path":"C:\\Users\\tien2004\\.gemini\\antigravity\\scratch\\library-app\\src\\store\\useAuthStore.ts","statementMap":{"0":{"start":{"line":18,"column":28},"end":{"line":25,"column":1}},"1":{"start":{"line":19,"column":34},"end":{"line":24,"column":3}},"2":{"start":{"line":22,"column":30},"end":{"line":22,"column":50}},"3":{"start":{"line":23,"column":18},"end":{"line":23,"column":50}}},"fnMap":{"0":{"name":"(anonymous_0)","decl":{"start":{"line":19,"column":24},"end":{"line":19,"column":25}},"loc":{"start":{"line":19,"column":34},"end":{"line":24,"column":3}},"line":19},"1":{"name":"(anonymous_1)","decl":{"start":{"line":22,"column":13},"end":{"line":22,"column":14}},"loc":{"start":{"line":22,"column":30},"end":{"line":22,"column":50}},"line":22},"2":{"name":"(anonymous_2)","decl":{"start":{"line":23,"column":12},"end":{"line":23,"column":13}},"loc":{"start":{"line":23,"column":18},"end":{"line":23,"column":50}},"line":23}},"branchMap":{},"s":{"0":3,"1":3,"2":14,"3":3},"f":{"0":3,"1":14,"2":3},"b":{},"_coverageSchema":"1a1c01bbd47fc00a2c39e90264f33305004495a9","hash":"13445c8a0b3acb2abf16a2e2a989e7305da07fd9"}
}
