TN:
SF:app\+html.tsx
FN:7,Root
FNF:1
FNH:0
FNDA:0,Root
DA:8,0
DA:30,0
LF:2
LH:0
BRF:0
BRH:0
end_of_record
TN:
SF:app\+not-found.tsx
FN:4,NotFoundScreen
FNF:1
FNH:0
FNDA:0,NotFoundScreen
DA:5,0
LF:1
LH:0
BRF:0
BRH:0
end_of_record
TN:
SF:app\_layout.tsx
FN:10,RootLayout
FN:11,(anonymous_1)
FN:12,(anonymous_2)
FN:17,(anonymous_3)
FNF:4
FNH:0
FNDA:0,RootLayout
FNDA:0,(anonymous_1)
FNDA:0,(anonymous_2)
FNDA:0,(anonymous_3)
DA:8,0
DA:11,0
DA:12,0
DA:13,0
DA:14,0
DA:15,0
DA:17,0
DA:18,0
DA:20,0
DA:21,0
DA:23,0
DA:25,0
DA:26,0
DA:28,0
DA:29,0
DA:30,0
DA:32,0
DA:33,0
DA:34,0
DA:35,0
DA:36,0
DA:37,0
DA:42,0
LF:23
LH:0
BRDA:18,0,0,0
BRDA:18,0,1,0
BRDA:21,1,0,0
BRDA:21,1,1,0
BRDA:23,2,0,0
BRDA:23,2,1,0
BRDA:23,3,0,0
BRDA:23,3,1,0
BRDA:26,4,0,0
BRDA:26,4,1,0
BRDA:32,5,0,0
BRDA:32,5,1,0
BRDA:32,6,0,0
BRDA:32,6,1,0
BRDA:34,7,0,0
BRDA:34,7,1,0
BRDA:34,8,0,0
BRDA:34,8,1,0
BRDA:36,9,0,0
BRDA:36,9,1,0
BRDA:36,10,0,0
BRDA:36,10,1,0
BRF:22
BRH:0
end_of_record
TN:
SF:app\index.tsx
FN:3,Index
FNF:1
FNH:0
FNDA:0,Index
DA:4,0
LF:1
LH:0
BRF:0
BRH:0
end_of_record
TN:
SF:app\(admin)\_layout.tsx
FN:6,AdminLayout
FN:7,(anonymous_1)
FN:11,(anonymous_2)
FN:13,(anonymous_3)
FN:14,(anonymous_4)
FNF:5
FNH:0
FNDA:0,AdminLayout
FNDA:0,(anonymous_1)
FNDA:0,(anonymous_2)
FNDA:0,(anonymous_3)
FNDA:0,(anonymous_4)
DA:7,0
DA:9,0
DA:11,0
DA:13,0
DA:14,0
LF:5
LH:0
BRF:0
BRH:0
end_of_record
TN:
SF:app\(admin)\config.tsx
FN:2,Page
FNF:1
FNH:0
FNDA:0,Page
DA:2,0
LF:1
LH:0
BRF:0
BRH:0
end_of_record
TN:
SF:app\(admin)\index.tsx
FN:9,AdminUsers
FN:15,(anonymous_1)
FN:23,(anonymous_2)
FN:29,(anonymous_3)
FN:34,(anonymous_4)
FN:37,(anonymous_5)
FN:64,(anonymous_6)
FN:75,(anonymous_7)
FNF:8
FNH:0
FNDA:0,AdminUsers
FNDA:0,(anonymous_1)
FNDA:0,(anonymous_2)
FNDA:0,(anonymous_3)
FNDA:0,(anonymous_4)
FNDA:0,(anonymous_5)
FNDA:0,(anonymous_6)
FNDA:0,(anonymous_7)
DA:10,0
DA:11,0
DA:13,0
DA:16,0
DA:17,0
DA:18,0
DA:22,0
DA:24,0
DA:26,0
DA:27,0
DA:30,0
DA:31,0
DA:32,0
DA:34,0
DA:37,0
DA:38,0
DA:47,0
DA:64,0
DA:75,0
LF:19
LH:0
BRDA:17,0,0,0
BRDA:17,0,1,0
BRDA:18,1,0,0
BRDA:18,1,1,0
BRDA:24,2,0,0
BRDA:24,2,1,0
BRDA:27,3,0,0
BRDA:27,3,1,0
BRDA:70,4,0,0
BRDA:70,4,1,0
BRF:10
BRH:0
end_of_record
TN:
SF:app\(auth)\login.tsx
FN:6,LoginScreen
FN:7,(anonymous_1)
FN:10,(anonymous_2)
FN:30,(anonymous_3)
FN:33,(anonymous_4)
FN:36,(anonymous_5)
FNF:6
FNH:6
FNDA:14,LoginScreen
FNDA:19,(anonymous_1)
FNDA:5,(anonymous_2)
FNDA:2,(anonymous_3)
FNDA:1,(anonymous_4)
FNDA:2,(anonymous_5)
DA:7,19
DA:8,14
DA:10,14
DA:11,5
DA:14,14
DA:30,2
DA:33,1
DA:36,2
LF:8
LH:8
BRF:0
BRH:0
end_of_record
TN:
SF:app\(librarian)\_layout.tsx
FN:6,LibrarianLayout
FN:7,(anonymous_1)
FN:11,(anonymous_2)
FN:13,(anonymous_3)
FN:14,(anonymous_4)
FN:15,(anonymous_5)
FNF:6
FNH:0
FNDA:0,LibrarianLayout
FNDA:0,(anonymous_1)
FNDA:0,(anonymous_2)
FNDA:0,(anonymous_3)
FNDA:0,(anonymous_4)
FNDA:0,(anonymous_5)
DA:7,0
DA:9,0
DA:11,0
DA:13,0
DA:14,0
DA:15,0
LF:6
LH:0
BRF:0
BRH:0
end_of_record
TN:
SF:app\(librarian)\books.tsx
FN:16,LibrarianBooks
FN:22,(anonymous_1)
FN:32,(anonymous_2)
FN:36,(anonymous_3)
FN:39,(anonymous_4)
FN:43,(anonymous_5)
FN:67,(anonymous_6)
FN:81,(anonymous_7)
FN:90,(anonymous_8)
FN:98,(anonymous_9)
FN:101,(anonymous_10)
FN:110,(anonymous_11)
FNF:12
FNH:0
FNDA:0,LibrarianBooks
FNDA:0,(anonymous_1)
FNDA:0,(anonymous_2)
FNDA:0,(anonymous_3)
FNDA:0,(anonymous_4)
FNDA:0,(anonymous_5)
FNDA:0,(anonymous_6)
FNDA:0,(anonymous_7)
FNDA:0,(anonymous_8)
FNDA:0,(anonymous_9)
FNDA:0,(anonymous_10)
FNDA:0,(anonymous_11)
DA:17,0
DA:18,0
DA:19,0
DA:21,0
DA:23,0
DA:30,0
DA:33,0
DA:34,0
DA:36,0
DA:39,0
DA:40,0
DA:43,0
DA:44,0
DA:45,0
DA:46,0
DA:49,0
DA:50,0
DA:58,0
DA:59,0
DA:67,0
DA:73,0
DA:82,0
DA:91,0
DA:99,0
DA:101,0
DA:111,0
LF:26
LH:0
BRDA:30,0,0,0
BRDA:30,0,1,0
BRDA:49,1,0,0
BRDA:49,1,1,0
BRDA:58,2,0,0
BRDA:58,2,1,0
BRF:6
BRH:0
end_of_record
TN:
SF:app\(librarian)\index.tsx
FN:9,LibrarianDashboard
FN:12,(anonymous_1)
FN:23,(anonymous_2)
FN:30,(anonymous_3)
FN:36,(anonymous_4)
FN:43,(anonymous_5)
FN:58,(anonymous_6)
FNF:7
FNH:0
FNDA:0,LibrarianDashboard
FNDA:0,(anonymous_1)
FNDA:0,(anonymous_2)
FNDA:0,(anonymous_3)
FNDA:0,(anonymous_4)
FNDA:0,(anonymous_5)
FNDA:0,(anonymous_6)
DA:10,0
DA:13,0
DA:17,0
DA:18,0
DA:22,0
DA:24,0
DA:28,0
DA:31,0
DA:32,0
DA:36,0
DA:37,0
DA:43,0
DA:50,0
DA:58,0
LF:14
LH:0
BRDA:17,0,0,0
BRDA:17,0,1,0
BRDA:18,1,0,0
BRDA:18,1,1,0
BRDA:28,2,0,0
BRDA:28,2,1,0
BRDA:39,3,0,0
BRDA:39,3,1,0
BRDA:53,4,0,0
BRDA:53,4,1,0
BRF:10
BRH:0
end_of_record
TN:
SF:app\(librarian)\reports.tsx
FN:2,Page
FNF:1
FNH:0
FNDA:0,Page
DA:2,0
LF:1
LH:0
BRF:0
BRH:0
end_of_record
TN:
SF:app\(member)\_layout.tsx
FN:6,MemberLayout
FN:7,(anonymous_1)
FN:11,(anonymous_2)
FN:13,(anonymous_3)
FN:14,(anonymous_4)
FN:15,(anonymous_5)
FNF:6
FNH:0
FNDA:0,MemberLayout
FNDA:0,(anonymous_1)
FNDA:0,(anonymous_2)
FNDA:0,(anonymous_3)
FNDA:0,(anonymous_4)
FNDA:0,(anonymous_5)
DA:7,0
DA:9,0
DA:11,0
DA:13,0
DA:14,0
DA:15,0
LF:6
LH:0
BRF:0
BRH:0
end_of_record
TN:
SF:app\(member)\history.tsx
FN:2,Page
FNF:1
FNH:0
FNDA:0,Page
DA:2,0
LF:1
LH:0
BRF:0
BRH:0
end_of_record
TN:
SF:app\(member)\index.tsx
FN:10,MemberHome
FN:11,(anonymous_1)
FN:15,(anonymous_2)
FN:23,(anonymous_3)
FN:31,(anonymous_4)
FN:34,(anonymous_5)
FN:39,(anonymous_6)
FN:49,(anonymous_7)
FN:65,(anonymous_8)
FNF:9
FNH:5
FNDA:12,MemberHome
FNDA:12,(anonymous_1)
FNDA:7,(anonymous_2)
FNDA:0,(anonymous_3)
FNDA:0,(anonymous_4)
FNDA:0,(anonymous_5)
FNDA:5,(anonymous_6)
FNDA:0,(anonymous_7)
FNDA:9,(anonymous_8)
DA:11,12
DA:13,12
DA:16,7
DA:17,6
DA:18,5
DA:22,12
DA:25,0
DA:28,0
DA:29,0
DA:32,0
DA:35,0
DA:39,12
DA:40,5
DA:49,0
DA:57,12
DA:65,9
LF:16
LH:10
BRDA:17,0,0,1
BRDA:17,0,1,5
BRDA:18,1,0,5
BRDA:18,1,1,0
BRDA:28,2,0,0
BRDA:28,2,1,0
BRDA:48,3,0,5
BRDA:48,3,1,5
BRDA:60,4,0,7
BRDA:60,4,1,5
BRF:10
BRH:7
end_of_record
TN:
SF:app\(member)\search.tsx
FN:2,Page
FNF:1
FNH:0
FNDA:0,Page
DA:2,0
LF:1
LH:0
BRF:0
BRH:0
end_of_record
TN:
SF:src\api\supabase.ts
FN:10,(anonymous_0)
FN:14,(anonymous_1)
FN:18,(anonymous_2)
FNF:3
FNH:0
FNDA:0,(anonymous_0)
FNDA:0,(anonymous_1)
FNDA:0,(anonymous_2)
DA:6,0
DA:7,0
DA:9,0
DA:11,0
DA:12,0
DA:15,0
DA:16,0
DA:19,0
DA:20,0
DA:24,0
LF:10
LH:0
BRDA:6,0,0,0
BRDA:6,0,1,0
BRDA:7,1,0,0
BRDA:7,1,1,0
BRDA:11,2,0,0
BRDA:11,2,1,0
BRDA:11,3,0,0
BRDA:11,3,1,0
BRDA:15,4,0,0
BRDA:15,4,1,0
BRDA:15,5,0,0
BRDA:15,5,1,0
BRDA:19,6,0,0
BRDA:19,6,1,0
BRDA:19,7,0,0
BRDA:19,7,1,0
BRF:16
BRH:0
end_of_record
TN:
SF:src\store\useAuthStore.ts
FN:19,(anonymous_0)
FN:22,(anonymous_1)
FN:23,(anonymous_2)
FNF:3
FNH:3
FNDA:3,(anonymous_0)
FNDA:14,(anonymous_1)
FNDA:3,(anonymous_2)
DA:18,3
DA:19,3
DA:22,14
DA:23,3
LF:4
LH:4
BRF:0
BRH:0
end_of_record
